INFO [2022-04-06 15:51:58] $x
INFO [2022-04-06 15:51:58] list(limma_genes_v2, deseq2_genes_v2, topgenes)
INFO [2022-04-06 15:51:58] 
INFO [2022-04-06 15:51:58] $category.names
INFO [2022-04-06 15:51:58] c("limma", "DESeq2", "Transfer Learning")
INFO [2022-04-06 15:51:58] 
INFO [2022-04-06 15:51:58] $filename
INFO [2022-04-06 15:51:58] [1] "~/output/gene_gbm_venn_diagramm.png"
INFO [2022-04-06 15:51:58] 
INFO [2022-04-06 15:51:58] $output
INFO [2022-04-06 15:51:58] [1] TRUE
INFO [2022-04-06 15:51:58] 
INFO [2022-04-06 15:51:58] $imagetype
INFO [2022-04-06 15:51:58] [1] "png"
INFO [2022-04-06 15:51:58] 
INFO [2022-04-06 15:51:58] $height
INFO [2022-04-06 15:51:58] [1] 480
INFO [2022-04-06 15:51:58] 
INFO [2022-04-06 15:51:58] $width
INFO [2022-04-06 15:51:58] [1] 480
INFO [2022-04-06 15:51:58] 
INFO [2022-04-06 15:51:58] $resolution
INFO [2022-04-06 15:51:58] [1] 300
INFO [2022-04-06 15:51:58] 
INFO [2022-04-06 15:51:58] $compression
INFO [2022-04-06 15:51:58] [1] "lzw"
INFO [2022-04-06 15:51:58] 
INFO [2022-04-06 15:51:58] $lwd
INFO [2022-04-06 15:51:58] [1] 2
INFO [2022-04-06 15:51:58] 
INFO [2022-04-06 15:51:58] $lty
INFO [2022-04-06 15:51:58] [1] "blank"
INFO [2022-04-06 15:51:58] 
INFO [2022-04-06 15:51:58] $fill
INFO [2022-04-06 15:51:58] myCol
INFO [2022-04-06 15:51:58] 
INFO [2022-04-06 15:51:58] $cex
INFO [2022-04-06 15:51:58] [1] 0.6
INFO [2022-04-06 15:51:58] 
INFO [2022-04-06 15:51:58] $fontface
INFO [2022-04-06 15:51:58] [1] "bold"
INFO [2022-04-06 15:51:58] 
INFO [2022-04-06 15:51:58] $fontfamily
INFO [2022-04-06 15:51:58] [1] "sans"
INFO [2022-04-06 15:51:58] 
INFO [2022-04-06 15:51:58] $cat.cex
INFO [2022-04-06 15:51:58] [1] 0.3
INFO [2022-04-06 15:51:58] 
INFO [2022-04-06 15:51:58] $cat.fontface
INFO [2022-04-06 15:51:58] [1] "bold"
INFO [2022-04-06 15:51:58] 
INFO [2022-04-06 15:51:58] $cat.default.pos
INFO [2022-04-06 15:51:58] [1] "outer"
INFO [2022-04-06 15:51:58] 
INFO [2022-04-06 15:51:58] $cat.pos
INFO [2022-04-06 15:51:58] c(-27, 27, 135)
INFO [2022-04-06 15:51:58] 
INFO [2022-04-06 15:51:58] $cat.dist
INFO [2022-04-06 15:51:58] c(0.055, 0.055, 0.085)
INFO [2022-04-06 15:51:58] 
INFO [2022-04-06 15:51:58] $cat.fontfamily
INFO [2022-04-06 15:51:58] [1] "sans"
INFO [2022-04-06 15:51:58] 
INFO [2022-04-06 15:51:58] $rotation
INFO [2022-04-06 15:51:58] [1] 1
INFO [2022-04-06 15:51:58] 
