INFO [2022-04-26 14:19:30] $x
INFO [2022-04-26 14:19:30] list(limma_genes_v2, deseq2_genes_v2, topgenes)
INFO [2022-04-26 14:19:30] 
INFO [2022-04-26 14:19:30] $category.names
INFO [2022-04-26 14:19:30] c("limma", "DESeq2", "Transfer Learning")
INFO [2022-04-26 14:19:30] 
INFO [2022-04-26 14:19:30] $filename
INFO [2022-04-26 14:19:30] [1] "~/output/gene_gbm_venn_diagramm.png"
INFO [2022-04-26 14:19:30] 
INFO [2022-04-26 14:19:30] $output
INFO [2022-04-26 14:19:30] [1] TRUE
INFO [2022-04-26 14:19:30] 
INFO [2022-04-26 14:19:30] $imagetype
INFO [2022-04-26 14:19:30] [1] "png"
INFO [2022-04-26 14:19:30] 
INFO [2022-04-26 14:19:30] $height
INFO [2022-04-26 14:19:30] [1] 480
INFO [2022-04-26 14:19:30] 
INFO [2022-04-26 14:19:30] $width
INFO [2022-04-26 14:19:30] [1] 480
INFO [2022-04-26 14:19:30] 
INFO [2022-04-26 14:19:30] $resolution
INFO [2022-04-26 14:19:30] [1] 300
INFO [2022-04-26 14:19:30] 
INFO [2022-04-26 14:19:30] $compression
INFO [2022-04-26 14:19:30] [1] "lzw"
INFO [2022-04-26 14:19:30] 
INFO [2022-04-26 14:19:30] $lwd
INFO [2022-04-26 14:19:30] [1] 2
INFO [2022-04-26 14:19:30] 
INFO [2022-04-26 14:19:30] $lty
INFO [2022-04-26 14:19:30] [1] "blank"
INFO [2022-04-26 14:19:30] 
INFO [2022-04-26 14:19:30] $fill
INFO [2022-04-26 14:19:30] myCol
INFO [2022-04-26 14:19:30] 
INFO [2022-04-26 14:19:30] $cex
INFO [2022-04-26 14:19:30] [1] 0.4
INFO [2022-04-26 14:19:30] 
INFO [2022-04-26 14:19:30] $fontface
INFO [2022-04-26 14:19:30] [1] "bold"
INFO [2022-04-26 14:19:30] 
INFO [2022-04-26 14:19:30] $fontfamily
INFO [2022-04-26 14:19:30] [1] "sans"
INFO [2022-04-26 14:19:30] 
INFO [2022-04-26 14:19:30] $cat.cex
INFO [2022-04-26 14:19:30] [1] 0.3
INFO [2022-04-26 14:19:30] 
INFO [2022-04-26 14:19:30] $cat.fontface
INFO [2022-04-26 14:19:30] [1] "bold"
INFO [2022-04-26 14:19:30] 
INFO [2022-04-26 14:19:30] $cat.default.pos
INFO [2022-04-26 14:19:30] [1] "outer"
INFO [2022-04-26 14:19:30] 
INFO [2022-04-26 14:19:30] $cat.pos
INFO [2022-04-26 14:19:30] c(-27, 27, 135)
INFO [2022-04-26 14:19:30] 
INFO [2022-04-26 14:19:30] $cat.dist
INFO [2022-04-26 14:19:30] c(0.055, 0.055, 0.085)
INFO [2022-04-26 14:19:30] 
INFO [2022-04-26 14:19:30] $cat.fontfamily
INFO [2022-04-26 14:19:30] [1] "sans"
INFO [2022-04-26 14:19:30] 
INFO [2022-04-26 14:19:30] $rotation
INFO [2022-04-26 14:19:30] [1] 1
INFO [2022-04-26 14:19:30] 
