INFO [2022-07-07 21:15:25] $x
INFO [2022-07-07 21:15:25] list(limma_genes_v2, deseq2_genes_v2, topgenes)
INFO [2022-07-07 21:15:25] 
INFO [2022-07-07 21:15:25] $category.names
INFO [2022-07-07 21:15:25] c("limma", "DESeq2", "Transfer Learning")
INFO [2022-07-07 21:15:25] 
INFO [2022-07-07 21:15:25] $filename
INFO [2022-07-07 21:15:25] [1] "~/output/gene_gbm_venn_diagramm.png"
INFO [2022-07-07 21:15:25] 
INFO [2022-07-07 21:15:25] $output
INFO [2022-07-07 21:15:25] [1] TRUE
INFO [2022-07-07 21:15:25] 
INFO [2022-07-07 21:15:25] $imagetype
INFO [2022-07-07 21:15:25] [1] "png"
INFO [2022-07-07 21:15:25] 
INFO [2022-07-07 21:15:25] $height
INFO [2022-07-07 21:15:25] [1] 480
INFO [2022-07-07 21:15:25] 
INFO [2022-07-07 21:15:25] $width
INFO [2022-07-07 21:15:25] [1] 480
INFO [2022-07-07 21:15:25] 
INFO [2022-07-07 21:15:25] $resolution
INFO [2022-07-07 21:15:25] [1] 300
INFO [2022-07-07 21:15:25] 
INFO [2022-07-07 21:15:25] $compression
INFO [2022-07-07 21:15:25] [1] "lzw"
INFO [2022-07-07 21:15:25] 
INFO [2022-07-07 21:15:25] $lwd
INFO [2022-07-07 21:15:25] [1] 2
INFO [2022-07-07 21:15:25] 
INFO [2022-07-07 21:15:25] $lty
INFO [2022-07-07 21:15:25] [1] "blank"
INFO [2022-07-07 21:15:25] 
INFO [2022-07-07 21:15:25] $fill
INFO [2022-07-07 21:15:25] myCol
INFO [2022-07-07 21:15:25] 
INFO [2022-07-07 21:15:25] $cex
INFO [2022-07-07 21:15:25] [1] 0.4
INFO [2022-07-07 21:15:25] 
INFO [2022-07-07 21:15:25] $fontface
INFO [2022-07-07 21:15:25] [1] "bold"
INFO [2022-07-07 21:15:25] 
INFO [2022-07-07 21:15:25] $fontfamily
INFO [2022-07-07 21:15:25] [1] "sans"
INFO [2022-07-07 21:15:25] 
INFO [2022-07-07 21:15:25] $cat.cex
INFO [2022-07-07 21:15:25] [1] 0.3
INFO [2022-07-07 21:15:25] 
INFO [2022-07-07 21:15:25] $cat.fontface
INFO [2022-07-07 21:15:25] [1] "bold"
INFO [2022-07-07 21:15:25] 
INFO [2022-07-07 21:15:25] $cat.default.pos
INFO [2022-07-07 21:15:25] [1] "outer"
INFO [2022-07-07 21:15:25] 
INFO [2022-07-07 21:15:25] $cat.pos
INFO [2022-07-07 21:15:25] c(-27, 27, 135)
INFO [2022-07-07 21:15:25] 
INFO [2022-07-07 21:15:25] $cat.dist
INFO [2022-07-07 21:15:25] c(0.055, 0.055, 0.085)
INFO [2022-07-07 21:15:25] 
INFO [2022-07-07 21:15:25] $cat.fontfamily
INFO [2022-07-07 21:15:25] [1] "sans"
INFO [2022-07-07 21:15:25] 
INFO [2022-07-07 21:15:25] $rotation
INFO [2022-07-07 21:15:25] [1] 1
INFO [2022-07-07 21:15:25] 
