INFO [2022-04-26 14:04:49] $x
INFO [2022-04-26 14:04:49] list(limma_genes_v2, deseq2_genes_v2, topgenes)
INFO [2022-04-26 14:04:49] 
INFO [2022-04-26 14:04:49] $category.names
INFO [2022-04-26 14:04:49] c("limma", "DESeq2", "Transfer Learning")
INFO [2022-04-26 14:04:49] 
INFO [2022-04-26 14:04:49] $filename
INFO [2022-04-26 14:04:49] [1] "~/output/gene_gbm_venn_diagramm.png"
INFO [2022-04-26 14:04:49] 
INFO [2022-04-26 14:04:49] $output
INFO [2022-04-26 14:04:49] [1] TRUE
INFO [2022-04-26 14:04:49] 
INFO [2022-04-26 14:04:49] $imagetype
INFO [2022-04-26 14:04:49] [1] "png"
INFO [2022-04-26 14:04:49] 
INFO [2022-04-26 14:04:49] $height
INFO [2022-04-26 14:04:49] [1] 480
INFO [2022-04-26 14:04:49] 
INFO [2022-04-26 14:04:49] $width
INFO [2022-04-26 14:04:49] [1] 480
INFO [2022-04-26 14:04:49] 
INFO [2022-04-26 14:04:49] $resolution
INFO [2022-04-26 14:04:49] [1] 300
INFO [2022-04-26 14:04:49] 
INFO [2022-04-26 14:04:49] $compression
INFO [2022-04-26 14:04:49] [1] "lzw"
INFO [2022-04-26 14:04:49] 
INFO [2022-04-26 14:04:49] $lwd
INFO [2022-04-26 14:04:49] [1] 2
INFO [2022-04-26 14:04:49] 
INFO [2022-04-26 14:04:49] $lty
INFO [2022-04-26 14:04:49] [1] "blank"
INFO [2022-04-26 14:04:49] 
INFO [2022-04-26 14:04:49] $fill
INFO [2022-04-26 14:04:49] myCol
INFO [2022-04-26 14:04:49] 
INFO [2022-04-26 14:04:49] $cex
INFO [2022-04-26 14:04:49] [1] 0.4
INFO [2022-04-26 14:04:49] 
INFO [2022-04-26 14:04:49] $fontface
INFO [2022-04-26 14:04:49] [1] "bold"
INFO [2022-04-26 14:04:49] 
INFO [2022-04-26 14:04:49] $fontfamily
INFO [2022-04-26 14:04:49] [1] "sans"
INFO [2022-04-26 14:04:49] 
INFO [2022-04-26 14:04:49] $cat.cex
INFO [2022-04-26 14:04:49] [1] 0.3
INFO [2022-04-26 14:04:49] 
INFO [2022-04-26 14:04:49] $cat.fontface
INFO [2022-04-26 14:04:49] [1] "bold"
INFO [2022-04-26 14:04:49] 
INFO [2022-04-26 14:04:49] $cat.default.pos
INFO [2022-04-26 14:04:49] [1] "outer"
INFO [2022-04-26 14:04:49] 
INFO [2022-04-26 14:04:49] $cat.pos
INFO [2022-04-26 14:04:49] c(-27, 27, 135)
INFO [2022-04-26 14:04:49] 
INFO [2022-04-26 14:04:49] $cat.dist
INFO [2022-04-26 14:04:49] c(0.055, 0.055, 0.085)
INFO [2022-04-26 14:04:49] 
INFO [2022-04-26 14:04:49] $cat.fontfamily
INFO [2022-04-26 14:04:49] [1] "sans"
INFO [2022-04-26 14:04:49] 
INFO [2022-04-26 14:04:49] $rotation
INFO [2022-04-26 14:04:49] [1] 1
INFO [2022-04-26 14:04:49] 
