INFO [2022-04-06 15:47:45] $x
INFO [2022-04-06 15:47:45] list(limma_genes_v2, deseq2_genes_v2, topgenes)
INFO [2022-04-06 15:47:45] 
INFO [2022-04-06 15:47:45] $category.names
INFO [2022-04-06 15:47:45] c("limma", "DESeq2", "Transfer Learning")
INFO [2022-04-06 15:47:45] 
INFO [2022-04-06 15:47:45] $filename
INFO [2022-04-06 15:47:45] [1] "~/output/gene_gbm_venn_diagramm.png"
INFO [2022-04-06 15:47:45] 
INFO [2022-04-06 15:47:45] $output
INFO [2022-04-06 15:47:45] [1] TRUE
INFO [2022-04-06 15:47:45] 
INFO [2022-04-06 15:47:45] $imagetype
INFO [2022-04-06 15:47:45] [1] "png"
INFO [2022-04-06 15:47:45] 
INFO [2022-04-06 15:47:45] $height
INFO [2022-04-06 15:47:45] [1] 480
INFO [2022-04-06 15:47:45] 
INFO [2022-04-06 15:47:45] $width
INFO [2022-04-06 15:47:45] [1] 480
INFO [2022-04-06 15:47:45] 
INFO [2022-04-06 15:47:45] $resolution
INFO [2022-04-06 15:47:45] [1] 300
INFO [2022-04-06 15:47:45] 
INFO [2022-04-06 15:47:45] $compression
INFO [2022-04-06 15:47:45] [1] "lzw"
INFO [2022-04-06 15:47:45] 
INFO [2022-04-06 15:47:45] $lwd
INFO [2022-04-06 15:47:45] [1] 2
INFO [2022-04-06 15:47:45] 
INFO [2022-04-06 15:47:45] $lty
INFO [2022-04-06 15:47:45] [1] "blank"
INFO [2022-04-06 15:47:45] 
INFO [2022-04-06 15:47:45] $fill
INFO [2022-04-06 15:47:45] myCol
INFO [2022-04-06 15:47:45] 
INFO [2022-04-06 15:47:45] $cex
INFO [2022-04-06 15:47:45] [1] 0.6
INFO [2022-04-06 15:47:45] 
INFO [2022-04-06 15:47:45] $fontface
INFO [2022-04-06 15:47:45] [1] "bold"
INFO [2022-04-06 15:47:45] 
INFO [2022-04-06 15:47:45] $fontfamily
INFO [2022-04-06 15:47:45] [1] "sans"
INFO [2022-04-06 15:47:45] 
INFO [2022-04-06 15:47:45] $cat.cex
INFO [2022-04-06 15:47:45] [1] 0.6
INFO [2022-04-06 15:47:45] 
INFO [2022-04-06 15:47:45] $cat.fontface
INFO [2022-04-06 15:47:45] [1] "bold"
INFO [2022-04-06 15:47:45] 
INFO [2022-04-06 15:47:45] $cat.default.pos
INFO [2022-04-06 15:47:45] [1] "outer"
INFO [2022-04-06 15:47:45] 
INFO [2022-04-06 15:47:45] $cat.pos
INFO [2022-04-06 15:47:45] c(-27, 27, 135)
INFO [2022-04-06 15:47:45] 
INFO [2022-04-06 15:47:45] $cat.dist
INFO [2022-04-06 15:47:45] c(0.055, 0.055, 0.085)
INFO [2022-04-06 15:47:45] 
INFO [2022-04-06 15:47:45] $cat.fontfamily
INFO [2022-04-06 15:47:45] [1] "sans"
INFO [2022-04-06 15:47:45] 
INFO [2022-04-06 15:47:45] $rotation
INFO [2022-04-06 15:47:45] [1] 1
INFO [2022-04-06 15:47:45] 
