INFO [2022-06-16 15:58:59] $x
INFO [2022-06-16 15:58:59] list(limma_list, deseq2_list, tfl_list)
INFO [2022-06-16 15:58:59] 
INFO [2022-06-16 15:58:59] $category.names
INFO [2022-06-16 15:58:59] c("limma", "DESeq2", "Transfer Learning")
INFO [2022-06-16 15:58:59] 
INFO [2022-06-16 15:58:59] $filename
INFO [2022-06-16 15:58:59] file_name
INFO [2022-06-16 15:58:59] 
INFO [2022-06-16 15:58:59] $output
INFO [2022-06-16 15:58:59] [1] TRUE
INFO [2022-06-16 15:58:59] 
INFO [2022-06-16 15:58:59] $imagetype
INFO [2022-06-16 15:58:59] [1] "png"
INFO [2022-06-16 15:58:59] 
INFO [2022-06-16 15:58:59] $height
INFO [2022-06-16 15:58:59] [1] 1000
INFO [2022-06-16 15:58:59] 
INFO [2022-06-16 15:58:59] $width
INFO [2022-06-16 15:58:59] [1] 1000
INFO [2022-06-16 15:58:59] 
INFO [2022-06-16 15:58:59] $resolution
INFO [2022-06-16 15:58:59] [1] 300
INFO [2022-06-16 15:58:59] 
INFO [2022-06-16 15:58:59] $compression
INFO [2022-06-16 15:58:59] [1] "lzw"
INFO [2022-06-16 15:58:59] 
INFO [2022-06-16 15:58:59] $lwd
INFO [2022-06-16 15:58:59] [1] 2
INFO [2022-06-16 15:58:59] 
INFO [2022-06-16 15:58:59] $lty
INFO [2022-06-16 15:58:59] [1] "blank"
INFO [2022-06-16 15:58:59] 
INFO [2022-06-16 15:58:59] $fill
INFO [2022-06-16 15:58:59] myCol
INFO [2022-06-16 15:58:59] 
INFO [2022-06-16 15:58:59] $cex
INFO [2022-06-16 15:58:59] [1] 0.4
INFO [2022-06-16 15:58:59] 
INFO [2022-06-16 15:58:59] $fontface
INFO [2022-06-16 15:58:59] [1] "bold"
INFO [2022-06-16 15:58:59] 
INFO [2022-06-16 15:58:59] $fontfamily
INFO [2022-06-16 15:58:59] [1] "sans"
INFO [2022-06-16 15:58:59] 
INFO [2022-06-16 15:58:59] $cat.cex
INFO [2022-06-16 15:58:59] [1] 0.3
INFO [2022-06-16 15:58:59] 
INFO [2022-06-16 15:58:59] $cat.fontface
INFO [2022-06-16 15:58:59] [1] "bold"
INFO [2022-06-16 15:58:59] 
INFO [2022-06-16 15:58:59] $cat.pos
INFO [2022-06-16 15:58:59] c(-27, 27, 135)
INFO [2022-06-16 15:58:59] 
INFO [2022-06-16 15:58:59] $cat.dist
INFO [2022-06-16 15:58:59] c(0.04, 0.04, 0.04)
INFO [2022-06-16 15:58:59] 
INFO [2022-06-16 15:58:59] $cat.fontfamily
INFO [2022-06-16 15:58:59] [1] "sans"
INFO [2022-06-16 15:58:59] 
INFO [2022-06-16 15:58:59] $rotation
INFO [2022-06-16 15:58:59] [1] 1
INFO [2022-06-16 15:58:59] 
