INFO [2022-06-28 13:24:57] $x
INFO [2022-06-28 13:24:57] list(limma_list, deseq2_list, tfl_list)
INFO [2022-06-28 13:24:57] 
INFO [2022-06-28 13:24:57] $category.names
INFO [2022-06-28 13:24:57] c("limma", "DESeq2", "Transfer Learning")
INFO [2022-06-28 13:24:57] 
INFO [2022-06-28 13:24:57] $filename
INFO [2022-06-28 13:24:57] file_name
INFO [2022-06-28 13:24:57] 
INFO [2022-06-28 13:24:57] $output
INFO [2022-06-28 13:24:57] [1] TRUE
INFO [2022-06-28 13:24:57] 
INFO [2022-06-28 13:24:57] $imagetype
INFO [2022-06-28 13:24:57] [1] "png"
INFO [2022-06-28 13:24:57] 
INFO [2022-06-28 13:24:57] $height
INFO [2022-06-28 13:24:57] [1] 1000
INFO [2022-06-28 13:24:57] 
INFO [2022-06-28 13:24:57] $width
INFO [2022-06-28 13:24:57] [1] 1000
INFO [2022-06-28 13:24:57] 
INFO [2022-06-28 13:24:57] $resolution
INFO [2022-06-28 13:24:57] [1] 300
INFO [2022-06-28 13:24:57] 
INFO [2022-06-28 13:24:57] $compression
INFO [2022-06-28 13:24:57] [1] "lzw"
INFO [2022-06-28 13:24:57] 
INFO [2022-06-28 13:24:57] $lwd
INFO [2022-06-28 13:24:57] [1] 2
INFO [2022-06-28 13:24:57] 
INFO [2022-06-28 13:24:57] $lty
INFO [2022-06-28 13:24:57] [1] "blank"
INFO [2022-06-28 13:24:57] 
INFO [2022-06-28 13:24:57] $fill
INFO [2022-06-28 13:24:57] myCol
INFO [2022-06-28 13:24:57] 
INFO [2022-06-28 13:24:57] $cex
INFO [2022-06-28 13:24:57] [1] 0.4
INFO [2022-06-28 13:24:57] 
INFO [2022-06-28 13:24:57] $fontface
INFO [2022-06-28 13:24:57] [1] "bold"
INFO [2022-06-28 13:24:57] 
INFO [2022-06-28 13:24:57] $fontfamily
INFO [2022-06-28 13:24:57] [1] "sans"
INFO [2022-06-28 13:24:57] 
INFO [2022-06-28 13:24:57] $cat.cex
INFO [2022-06-28 13:24:57] [1] 0.3
INFO [2022-06-28 13:24:57] 
INFO [2022-06-28 13:24:57] $cat.fontface
INFO [2022-06-28 13:24:57] [1] "bold"
INFO [2022-06-28 13:24:57] 
INFO [2022-06-28 13:24:57] $cat.pos
INFO [2022-06-28 13:24:57] c(-27, 27, 135)
INFO [2022-06-28 13:24:57] 
INFO [2022-06-28 13:24:57] $cat.dist
INFO [2022-06-28 13:24:57] c(0.04, 0.04, 0.04)
INFO [2022-06-28 13:24:57] 
INFO [2022-06-28 13:24:57] $cat.fontfamily
INFO [2022-06-28 13:24:57] [1] "sans"
INFO [2022-06-28 13:24:57] 
INFO [2022-06-28 13:24:57] $rotation
INFO [2022-06-28 13:24:57] [1] 1
INFO [2022-06-28 13:24:57] 
