INFO [2022-10-10 14:23:00] $x
INFO [2022-10-10 14:23:00] list(limma_list, deseq2_list, tfl_list)
INFO [2022-10-10 14:23:00] 
INFO [2022-10-10 14:23:00] $category.names
INFO [2022-10-10 14:23:00] c("limma", "DESeq2", "Transfer Learning")
INFO [2022-10-10 14:23:00] 
INFO [2022-10-10 14:23:00] $filename
INFO [2022-10-10 14:23:00] file_name
INFO [2022-10-10 14:23:00] 
INFO [2022-10-10 14:23:00] $output
INFO [2022-10-10 14:23:00] [1] TRUE
INFO [2022-10-10 14:23:00] 
INFO [2022-10-10 14:23:00] $imagetype
INFO [2022-10-10 14:23:00] [1] "png"
INFO [2022-10-10 14:23:00] 
INFO [2022-10-10 14:23:00] $height
INFO [2022-10-10 14:23:00] [1] 1000
INFO [2022-10-10 14:23:00] 
INFO [2022-10-10 14:23:00] $width
INFO [2022-10-10 14:23:00] [1] 1000
INFO [2022-10-10 14:23:00] 
INFO [2022-10-10 14:23:00] $resolution
INFO [2022-10-10 14:23:00] [1] 300
INFO [2022-10-10 14:23:00] 
INFO [2022-10-10 14:23:00] $compression
INFO [2022-10-10 14:23:00] [1] "lzw"
INFO [2022-10-10 14:23:00] 
INFO [2022-10-10 14:23:00] $lwd
INFO [2022-10-10 14:23:00] [1] 2
INFO [2022-10-10 14:23:00] 
INFO [2022-10-10 14:23:00] $lty
INFO [2022-10-10 14:23:00] [1] "blank"
INFO [2022-10-10 14:23:00] 
INFO [2022-10-10 14:23:00] $fill
INFO [2022-10-10 14:23:00] myCol
INFO [2022-10-10 14:23:00] 
INFO [2022-10-10 14:23:00] $cex
INFO [2022-10-10 14:23:00] [1] 0.4
INFO [2022-10-10 14:23:00] 
INFO [2022-10-10 14:23:00] $fontface
INFO [2022-10-10 14:23:00] [1] "bold"
INFO [2022-10-10 14:23:00] 
INFO [2022-10-10 14:23:00] $fontfamily
INFO [2022-10-10 14:23:00] [1] "sans"
INFO [2022-10-10 14:23:00] 
INFO [2022-10-10 14:23:00] $cat.cex
INFO [2022-10-10 14:23:00] [1] 0.3
INFO [2022-10-10 14:23:00] 
INFO [2022-10-10 14:23:00] $cat.fontface
INFO [2022-10-10 14:23:00] [1] "bold"
INFO [2022-10-10 14:23:00] 
INFO [2022-10-10 14:23:00] $cat.pos
INFO [2022-10-10 14:23:00] c(-27, 27, 135)
INFO [2022-10-10 14:23:00] 
INFO [2022-10-10 14:23:00] $cat.dist
INFO [2022-10-10 14:23:00] c(0.04, 0.04, 0.04)
INFO [2022-10-10 14:23:00] 
INFO [2022-10-10 14:23:00] $cat.fontfamily
INFO [2022-10-10 14:23:00] [1] "sans"
INFO [2022-10-10 14:23:00] 
INFO [2022-10-10 14:23:00] $rotation
INFO [2022-10-10 14:23:00] [1] 1
INFO [2022-10-10 14:23:00] 
