INFO [2022-10-03 19:33:33] $x
INFO [2022-10-03 19:33:33] list(limma_list, deseq2_list, tfl_list)
INFO [2022-10-03 19:33:33] 
INFO [2022-10-03 19:33:33] $category.names
INFO [2022-10-03 19:33:33] c("limma", "DESeq2", "Transfer Learning")
INFO [2022-10-03 19:33:33] 
INFO [2022-10-03 19:33:33] $filename
INFO [2022-10-03 19:33:33] file_name
INFO [2022-10-03 19:33:33] 
INFO [2022-10-03 19:33:33] $output
INFO [2022-10-03 19:33:33] [1] TRUE
INFO [2022-10-03 19:33:33] 
INFO [2022-10-03 19:33:33] $imagetype
INFO [2022-10-03 19:33:33] [1] "png"
INFO [2022-10-03 19:33:33] 
INFO [2022-10-03 19:33:33] $height
INFO [2022-10-03 19:33:33] [1] 1000
INFO [2022-10-03 19:33:33] 
INFO [2022-10-03 19:33:33] $width
INFO [2022-10-03 19:33:33] [1] 1000
INFO [2022-10-03 19:33:33] 
INFO [2022-10-03 19:33:33] $resolution
INFO [2022-10-03 19:33:33] [1] 300
INFO [2022-10-03 19:33:33] 
INFO [2022-10-03 19:33:33] $compression
INFO [2022-10-03 19:33:33] [1] "lzw"
INFO [2022-10-03 19:33:33] 
INFO [2022-10-03 19:33:33] $lwd
INFO [2022-10-03 19:33:33] [1] 2
INFO [2022-10-03 19:33:33] 
INFO [2022-10-03 19:33:33] $lty
INFO [2022-10-03 19:33:33] [1] "blank"
INFO [2022-10-03 19:33:33] 
INFO [2022-10-03 19:33:33] $fill
INFO [2022-10-03 19:33:33] myCol
INFO [2022-10-03 19:33:33] 
INFO [2022-10-03 19:33:33] $cex
INFO [2022-10-03 19:33:33] [1] 0.4
INFO [2022-10-03 19:33:33] 
INFO [2022-10-03 19:33:33] $fontface
INFO [2022-10-03 19:33:33] [1] "bold"
INFO [2022-10-03 19:33:33] 
INFO [2022-10-03 19:33:33] $fontfamily
INFO [2022-10-03 19:33:33] [1] "sans"
INFO [2022-10-03 19:33:33] 
INFO [2022-10-03 19:33:33] $cat.cex
INFO [2022-10-03 19:33:33] [1] 0.3
INFO [2022-10-03 19:33:33] 
INFO [2022-10-03 19:33:33] $cat.fontface
INFO [2022-10-03 19:33:33] [1] "bold"
INFO [2022-10-03 19:33:33] 
INFO [2022-10-03 19:33:33] $cat.pos
INFO [2022-10-03 19:33:33] c(-27, 27, 135)
INFO [2022-10-03 19:33:33] 
INFO [2022-10-03 19:33:33] $cat.dist
INFO [2022-10-03 19:33:33] c(0.04, 0.04, 0.04)
INFO [2022-10-03 19:33:33] 
INFO [2022-10-03 19:33:33] $cat.fontfamily
INFO [2022-10-03 19:33:33] [1] "sans"
INFO [2022-10-03 19:33:33] 
INFO [2022-10-03 19:33:33] $rotation
INFO [2022-10-03 19:33:33] [1] 1
INFO [2022-10-03 19:33:33] 
