INFO [2022-06-16 15:58:37] $x
INFO [2022-06-16 15:58:37] list(limma_list, deseq2_list, tfl_list)
INFO [2022-06-16 15:58:37] 
INFO [2022-06-16 15:58:37] $category.names
INFO [2022-06-16 15:58:37] c("limma", "DESeq2", "Transfer Learning")
INFO [2022-06-16 15:58:37] 
INFO [2022-06-16 15:58:37] $filename
INFO [2022-06-16 15:58:37] file_name
INFO [2022-06-16 15:58:37] 
INFO [2022-06-16 15:58:37] $output
INFO [2022-06-16 15:58:37] [1] TRUE
INFO [2022-06-16 15:58:37] 
INFO [2022-06-16 15:58:37] $imagetype
INFO [2022-06-16 15:58:37] [1] "png"
INFO [2022-06-16 15:58:37] 
INFO [2022-06-16 15:58:37] $height
INFO [2022-06-16 15:58:37] [1] 1000
INFO [2022-06-16 15:58:37] 
INFO [2022-06-16 15:58:37] $width
INFO [2022-06-16 15:58:37] [1] 1000
INFO [2022-06-16 15:58:37] 
INFO [2022-06-16 15:58:37] $resolution
INFO [2022-06-16 15:58:37] [1] 300
INFO [2022-06-16 15:58:37] 
INFO [2022-06-16 15:58:37] $compression
INFO [2022-06-16 15:58:37] [1] "lzw"
INFO [2022-06-16 15:58:37] 
INFO [2022-06-16 15:58:37] $lwd
INFO [2022-06-16 15:58:37] [1] 2
INFO [2022-06-16 15:58:37] 
INFO [2022-06-16 15:58:37] $lty
INFO [2022-06-16 15:58:37] [1] "blank"
INFO [2022-06-16 15:58:37] 
INFO [2022-06-16 15:58:37] $fill
INFO [2022-06-16 15:58:37] myCol
INFO [2022-06-16 15:58:37] 
INFO [2022-06-16 15:58:37] $cex
INFO [2022-06-16 15:58:37] [1] 0.4
INFO [2022-06-16 15:58:37] 
INFO [2022-06-16 15:58:37] $fontface
INFO [2022-06-16 15:58:37] [1] "bold"
INFO [2022-06-16 15:58:37] 
INFO [2022-06-16 15:58:37] $fontfamily
INFO [2022-06-16 15:58:37] [1] "sans"
INFO [2022-06-16 15:58:37] 
INFO [2022-06-16 15:58:37] $cat.cex
INFO [2022-06-16 15:58:37] [1] 0.3
INFO [2022-06-16 15:58:37] 
INFO [2022-06-16 15:58:37] $cat.fontface
INFO [2022-06-16 15:58:37] [1] "bold"
INFO [2022-06-16 15:58:37] 
INFO [2022-06-16 15:58:37] $cat.pos
INFO [2022-06-16 15:58:37] c(-27, 27, 135)
INFO [2022-06-16 15:58:37] 
INFO [2022-06-16 15:58:37] $cat.dist
INFO [2022-06-16 15:58:37] c(0.04, 0.04, 0.04)
INFO [2022-06-16 15:58:37] 
INFO [2022-06-16 15:58:37] $cat.fontfamily
INFO [2022-06-16 15:58:37] [1] "sans"
INFO [2022-06-16 15:58:37] 
INFO [2022-06-16 15:58:37] $rotation
INFO [2022-06-16 15:58:37] [1] 1
INFO [2022-06-16 15:58:37] 
