INFO [2022-08-15 17:54:44] $x
INFO [2022-08-15 17:54:44] list(limma_list, deseq2_list, tfl_list)
INFO [2022-08-15 17:54:44] 
INFO [2022-08-15 17:54:44] $category.names
INFO [2022-08-15 17:54:44] c("limma", "DESeq2", "Transfer Learning")
INFO [2022-08-15 17:54:44] 
INFO [2022-08-15 17:54:44] $filename
INFO [2022-08-15 17:54:44] file_name
INFO [2022-08-15 17:54:44] 
INFO [2022-08-15 17:54:44] $output
INFO [2022-08-15 17:54:44] [1] TRUE
INFO [2022-08-15 17:54:44] 
INFO [2022-08-15 17:54:44] $imagetype
INFO [2022-08-15 17:54:44] [1] "png"
INFO [2022-08-15 17:54:44] 
INFO [2022-08-15 17:54:44] $height
INFO [2022-08-15 17:54:44] [1] 1000
INFO [2022-08-15 17:54:44] 
INFO [2022-08-15 17:54:44] $width
INFO [2022-08-15 17:54:44] [1] 1000
INFO [2022-08-15 17:54:44] 
INFO [2022-08-15 17:54:44] $resolution
INFO [2022-08-15 17:54:44] [1] 300
INFO [2022-08-15 17:54:44] 
INFO [2022-08-15 17:54:44] $compression
INFO [2022-08-15 17:54:44] [1] "lzw"
INFO [2022-08-15 17:54:44] 
INFO [2022-08-15 17:54:44] $lwd
INFO [2022-08-15 17:54:44] [1] 2
INFO [2022-08-15 17:54:44] 
INFO [2022-08-15 17:54:44] $lty
INFO [2022-08-15 17:54:44] [1] "blank"
INFO [2022-08-15 17:54:44] 
INFO [2022-08-15 17:54:44] $fill
INFO [2022-08-15 17:54:44] myCol
INFO [2022-08-15 17:54:44] 
INFO [2022-08-15 17:54:44] $cex
INFO [2022-08-15 17:54:44] [1] 0.4
INFO [2022-08-15 17:54:44] 
INFO [2022-08-15 17:54:44] $fontface
INFO [2022-08-15 17:54:44] [1] "bold"
INFO [2022-08-15 17:54:44] 
INFO [2022-08-15 17:54:44] $fontfamily
INFO [2022-08-15 17:54:44] [1] "sans"
INFO [2022-08-15 17:54:44] 
INFO [2022-08-15 17:54:44] $cat.cex
INFO [2022-08-15 17:54:44] [1] 0.3
INFO [2022-08-15 17:54:44] 
INFO [2022-08-15 17:54:44] $cat.fontface
INFO [2022-08-15 17:54:44] [1] "bold"
INFO [2022-08-15 17:54:44] 
INFO [2022-08-15 17:54:44] $cat.pos
INFO [2022-08-15 17:54:44] c(-27, 27, 135)
INFO [2022-08-15 17:54:44] 
INFO [2022-08-15 17:54:44] $cat.dist
INFO [2022-08-15 17:54:44] c(0.04, 0.04, 0.04)
INFO [2022-08-15 17:54:44] 
INFO [2022-08-15 17:54:44] $cat.fontfamily
INFO [2022-08-15 17:54:44] [1] "sans"
INFO [2022-08-15 17:54:44] 
INFO [2022-08-15 17:54:44] $rotation
INFO [2022-08-15 17:54:44] [1] 1
INFO [2022-08-15 17:54:44] 
