INFO [2022-08-15 17:58:23] $x
INFO [2022-08-15 17:58:23] list(limma_list, deseq2_list, tfl_list)
INFO [2022-08-15 17:58:23] 
INFO [2022-08-15 17:58:23] $category.names
INFO [2022-08-15 17:58:23] c("limma", "DESeq2", "Transfer Learning")
INFO [2022-08-15 17:58:23] 
INFO [2022-08-15 17:58:23] $filename
INFO [2022-08-15 17:58:23] file_name
INFO [2022-08-15 17:58:23] 
INFO [2022-08-15 17:58:23] $output
INFO [2022-08-15 17:58:23] [1] TRUE
INFO [2022-08-15 17:58:23] 
INFO [2022-08-15 17:58:23] $imagetype
INFO [2022-08-15 17:58:23] [1] "png"
INFO [2022-08-15 17:58:23] 
INFO [2022-08-15 17:58:23] $height
INFO [2022-08-15 17:58:23] [1] 1000
INFO [2022-08-15 17:58:23] 
INFO [2022-08-15 17:58:23] $width
INFO [2022-08-15 17:58:23] [1] 1000
INFO [2022-08-15 17:58:23] 
INFO [2022-08-15 17:58:23] $resolution
INFO [2022-08-15 17:58:23] [1] 300
INFO [2022-08-15 17:58:23] 
INFO [2022-08-15 17:58:23] $compression
INFO [2022-08-15 17:58:23] [1] "lzw"
INFO [2022-08-15 17:58:23] 
INFO [2022-08-15 17:58:23] $lwd
INFO [2022-08-15 17:58:23] [1] 2
INFO [2022-08-15 17:58:23] 
INFO [2022-08-15 17:58:23] $lty
INFO [2022-08-15 17:58:23] [1] "blank"
INFO [2022-08-15 17:58:23] 
INFO [2022-08-15 17:58:23] $fill
INFO [2022-08-15 17:58:23] myCol
INFO [2022-08-15 17:58:23] 
INFO [2022-08-15 17:58:23] $cex
INFO [2022-08-15 17:58:23] [1] 0.4
INFO [2022-08-15 17:58:23] 
INFO [2022-08-15 17:58:23] $fontface
INFO [2022-08-15 17:58:23] [1] "bold"
INFO [2022-08-15 17:58:23] 
INFO [2022-08-15 17:58:23] $fontfamily
INFO [2022-08-15 17:58:23] [1] "sans"
INFO [2022-08-15 17:58:23] 
INFO [2022-08-15 17:58:23] $cat.cex
INFO [2022-08-15 17:58:23] [1] 0.3
INFO [2022-08-15 17:58:23] 
INFO [2022-08-15 17:58:23] $cat.fontface
INFO [2022-08-15 17:58:23] [1] "bold"
INFO [2022-08-15 17:58:23] 
INFO [2022-08-15 17:58:23] $cat.pos
INFO [2022-08-15 17:58:23] c(-27, 27, 135)
INFO [2022-08-15 17:58:23] 
INFO [2022-08-15 17:58:23] $cat.dist
INFO [2022-08-15 17:58:23] c(0.04, 0.04, 0.04)
INFO [2022-08-15 17:58:23] 
INFO [2022-08-15 17:58:23] $cat.fontfamily
INFO [2022-08-15 17:58:23] [1] "sans"
INFO [2022-08-15 17:58:23] 
INFO [2022-08-15 17:58:23] $rotation
INFO [2022-08-15 17:58:23] [1] 1
INFO [2022-08-15 17:58:23] 
