INFO [2022-06-27 18:02:34] $x
INFO [2022-06-27 18:02:34] list(limma_list, deseq2_list, tfl_list)
INFO [2022-06-27 18:02:34] 
INFO [2022-06-27 18:02:34] $category.names
INFO [2022-06-27 18:02:34] c("limma", "DESeq2", "Transfer Learning")
INFO [2022-06-27 18:02:34] 
INFO [2022-06-27 18:02:34] $filename
INFO [2022-06-27 18:02:34] file_name
INFO [2022-06-27 18:02:34] 
INFO [2022-06-27 18:02:34] $output
INFO [2022-06-27 18:02:34] [1] TRUE
INFO [2022-06-27 18:02:34] 
INFO [2022-06-27 18:02:34] $imagetype
INFO [2022-06-27 18:02:34] [1] "png"
INFO [2022-06-27 18:02:34] 
INFO [2022-06-27 18:02:34] $height
INFO [2022-06-27 18:02:34] [1] 1000
INFO [2022-06-27 18:02:34] 
INFO [2022-06-27 18:02:34] $width
INFO [2022-06-27 18:02:34] [1] 1000
INFO [2022-06-27 18:02:34] 
INFO [2022-06-27 18:02:34] $resolution
INFO [2022-06-27 18:02:34] [1] 300
INFO [2022-06-27 18:02:34] 
INFO [2022-06-27 18:02:34] $compression
INFO [2022-06-27 18:02:34] [1] "lzw"
INFO [2022-06-27 18:02:34] 
INFO [2022-06-27 18:02:34] $lwd
INFO [2022-06-27 18:02:34] [1] 2
INFO [2022-06-27 18:02:34] 
INFO [2022-06-27 18:02:34] $lty
INFO [2022-06-27 18:02:34] [1] "blank"
INFO [2022-06-27 18:02:34] 
INFO [2022-06-27 18:02:34] $fill
INFO [2022-06-27 18:02:34] myCol
INFO [2022-06-27 18:02:34] 
INFO [2022-06-27 18:02:34] $cex
INFO [2022-06-27 18:02:34] [1] 0.4
INFO [2022-06-27 18:02:34] 
INFO [2022-06-27 18:02:34] $fontface
INFO [2022-06-27 18:02:34] [1] "bold"
INFO [2022-06-27 18:02:34] 
INFO [2022-06-27 18:02:34] $fontfamily
INFO [2022-06-27 18:02:34] [1] "sans"
INFO [2022-06-27 18:02:34] 
INFO [2022-06-27 18:02:34] $cat.cex
INFO [2022-06-27 18:02:34] [1] 0.3
INFO [2022-06-27 18:02:34] 
INFO [2022-06-27 18:02:34] $cat.fontface
INFO [2022-06-27 18:02:34] [1] "bold"
INFO [2022-06-27 18:02:34] 
INFO [2022-06-27 18:02:34] $cat.pos
INFO [2022-06-27 18:02:34] c(-27, 27, 135)
INFO [2022-06-27 18:02:34] 
INFO [2022-06-27 18:02:34] $cat.dist
INFO [2022-06-27 18:02:34] c(0.04, 0.04, 0.04)
INFO [2022-06-27 18:02:34] 
INFO [2022-06-27 18:02:34] $cat.fontfamily
INFO [2022-06-27 18:02:34] [1] "sans"
INFO [2022-06-27 18:02:34] 
INFO [2022-06-27 18:02:34] $rotation
INFO [2022-06-27 18:02:34] [1] 1
INFO [2022-06-27 18:02:34] 
