INFO [2022-09-29 17:53:32] $x
INFO [2022-09-29 17:53:32] list(limma_list, deseq2_list, tfl_list)
INFO [2022-09-29 17:53:32] 
INFO [2022-09-29 17:53:32] $category.names
INFO [2022-09-29 17:53:32] c("limma", "DESeq2", "Transfer Learning")
INFO [2022-09-29 17:53:32] 
INFO [2022-09-29 17:53:32] $filename
INFO [2022-09-29 17:53:32] file_name
INFO [2022-09-29 17:53:32] 
INFO [2022-09-29 17:53:32] $output
INFO [2022-09-29 17:53:32] [1] TRUE
INFO [2022-09-29 17:53:32] 
INFO [2022-09-29 17:53:32] $imagetype
INFO [2022-09-29 17:53:32] [1] "png"
INFO [2022-09-29 17:53:32] 
INFO [2022-09-29 17:53:32] $height
INFO [2022-09-29 17:53:32] [1] 1000
INFO [2022-09-29 17:53:32] 
INFO [2022-09-29 17:53:32] $width
INFO [2022-09-29 17:53:32] [1] 1000
INFO [2022-09-29 17:53:32] 
INFO [2022-09-29 17:53:32] $resolution
INFO [2022-09-29 17:53:32] [1] 300
INFO [2022-09-29 17:53:32] 
INFO [2022-09-29 17:53:32] $compression
INFO [2022-09-29 17:53:32] [1] "lzw"
INFO [2022-09-29 17:53:32] 
INFO [2022-09-29 17:53:32] $lwd
INFO [2022-09-29 17:53:32] [1] 2
INFO [2022-09-29 17:53:32] 
INFO [2022-09-29 17:53:32] $lty
INFO [2022-09-29 17:53:32] [1] "blank"
INFO [2022-09-29 17:53:32] 
INFO [2022-09-29 17:53:32] $fill
INFO [2022-09-29 17:53:32] myCol
INFO [2022-09-29 17:53:32] 
INFO [2022-09-29 17:53:32] $cex
INFO [2022-09-29 17:53:32] [1] 0.4
INFO [2022-09-29 17:53:32] 
INFO [2022-09-29 17:53:32] $fontface
INFO [2022-09-29 17:53:32] [1] "bold"
INFO [2022-09-29 17:53:32] 
INFO [2022-09-29 17:53:32] $fontfamily
INFO [2022-09-29 17:53:32] [1] "sans"
INFO [2022-09-29 17:53:32] 
INFO [2022-09-29 17:53:32] $cat.cex
INFO [2022-09-29 17:53:32] [1] 0.3
INFO [2022-09-29 17:53:32] 
INFO [2022-09-29 17:53:32] $cat.fontface
INFO [2022-09-29 17:53:32] [1] "bold"
INFO [2022-09-29 17:53:32] 
INFO [2022-09-29 17:53:32] $cat.pos
INFO [2022-09-29 17:53:32] c(-27, 27, 135)
INFO [2022-09-29 17:53:32] 
INFO [2022-09-29 17:53:32] $cat.dist
INFO [2022-09-29 17:53:32] c(0.04, 0.04, 0.04)
INFO [2022-09-29 17:53:32] 
INFO [2022-09-29 17:53:32] $cat.fontfamily
INFO [2022-09-29 17:53:32] [1] "sans"
INFO [2022-09-29 17:53:32] 
INFO [2022-09-29 17:53:32] $rotation
INFO [2022-09-29 17:53:32] [1] 1
INFO [2022-09-29 17:53:32] 
