INFO [2022-09-29 17:50:14] $x
INFO [2022-09-29 17:50:14] list(limma_list, deseq2_list, tfl_list)
INFO [2022-09-29 17:50:14] 
INFO [2022-09-29 17:50:14] $category.names
INFO [2022-09-29 17:50:14] c("limma", "DESeq2", "Transfer Learning")
INFO [2022-09-29 17:50:14] 
INFO [2022-09-29 17:50:14] $filename
INFO [2022-09-29 17:50:14] file_name
INFO [2022-09-29 17:50:14] 
INFO [2022-09-29 17:50:14] $output
INFO [2022-09-29 17:50:14] [1] TRUE
INFO [2022-09-29 17:50:14] 
INFO [2022-09-29 17:50:14] $imagetype
INFO [2022-09-29 17:50:14] [1] "png"
INFO [2022-09-29 17:50:14] 
INFO [2022-09-29 17:50:14] $height
INFO [2022-09-29 17:50:14] [1] 1000
INFO [2022-09-29 17:50:14] 
INFO [2022-09-29 17:50:14] $width
INFO [2022-09-29 17:50:14] [1] 1000
INFO [2022-09-29 17:50:14] 
INFO [2022-09-29 17:50:14] $resolution
INFO [2022-09-29 17:50:14] [1] 300
INFO [2022-09-29 17:50:14] 
INFO [2022-09-29 17:50:14] $compression
INFO [2022-09-29 17:50:14] [1] "lzw"
INFO [2022-09-29 17:50:14] 
INFO [2022-09-29 17:50:14] $lwd
INFO [2022-09-29 17:50:14] [1] 2
INFO [2022-09-29 17:50:14] 
INFO [2022-09-29 17:50:14] $lty
INFO [2022-09-29 17:50:14] [1] "blank"
INFO [2022-09-29 17:50:14] 
INFO [2022-09-29 17:50:14] $fill
INFO [2022-09-29 17:50:14] myCol
INFO [2022-09-29 17:50:14] 
INFO [2022-09-29 17:50:14] $cex
INFO [2022-09-29 17:50:14] [1] 0.4
INFO [2022-09-29 17:50:14] 
INFO [2022-09-29 17:50:14] $fontface
INFO [2022-09-29 17:50:14] [1] "bold"
INFO [2022-09-29 17:50:14] 
INFO [2022-09-29 17:50:14] $fontfamily
INFO [2022-09-29 17:50:14] [1] "sans"
INFO [2022-09-29 17:50:14] 
INFO [2022-09-29 17:50:14] $cat.cex
INFO [2022-09-29 17:50:14] [1] 0.3
INFO [2022-09-29 17:50:14] 
INFO [2022-09-29 17:50:14] $cat.fontface
INFO [2022-09-29 17:50:14] [1] "bold"
INFO [2022-09-29 17:50:14] 
INFO [2022-09-29 17:50:14] $cat.pos
INFO [2022-09-29 17:50:14] c(-27, 27, 135)
INFO [2022-09-29 17:50:14] 
INFO [2022-09-29 17:50:14] $cat.dist
INFO [2022-09-29 17:50:14] c(0.04, 0.04, 0.04)
INFO [2022-09-29 17:50:14] 
INFO [2022-09-29 17:50:14] $cat.fontfamily
INFO [2022-09-29 17:50:14] [1] "sans"
INFO [2022-09-29 17:50:14] 
INFO [2022-09-29 17:50:14] $rotation
INFO [2022-09-29 17:50:14] [1] 1
INFO [2022-09-29 17:50:14] 
