INFO [2022-08-16 15:43:58] $x
INFO [2022-08-16 15:43:58] list(limma_list, deseq2_list, tfl_list)
INFO [2022-08-16 15:43:58] 
INFO [2022-08-16 15:43:58] $category.names
INFO [2022-08-16 15:43:58] c("limma", "DESeq2", "Transfer Learning")
INFO [2022-08-16 15:43:58] 
INFO [2022-08-16 15:43:58] $filename
INFO [2022-08-16 15:43:58] file_name
INFO [2022-08-16 15:43:58] 
INFO [2022-08-16 15:43:58] $output
INFO [2022-08-16 15:43:58] [1] TRUE
INFO [2022-08-16 15:43:58] 
INFO [2022-08-16 15:43:58] $imagetype
INFO [2022-08-16 15:43:58] [1] "png"
INFO [2022-08-16 15:43:58] 
INFO [2022-08-16 15:43:58] $height
INFO [2022-08-16 15:43:58] [1] 1000
INFO [2022-08-16 15:43:58] 
INFO [2022-08-16 15:43:58] $width
INFO [2022-08-16 15:43:58] [1] 1000
INFO [2022-08-16 15:43:58] 
INFO [2022-08-16 15:43:58] $resolution
INFO [2022-08-16 15:43:58] [1] 300
INFO [2022-08-16 15:43:58] 
INFO [2022-08-16 15:43:58] $compression
INFO [2022-08-16 15:43:58] [1] "lzw"
INFO [2022-08-16 15:43:58] 
INFO [2022-08-16 15:43:58] $lwd
INFO [2022-08-16 15:43:58] [1] 2
INFO [2022-08-16 15:43:58] 
INFO [2022-08-16 15:43:58] $lty
INFO [2022-08-16 15:43:58] [1] "blank"
INFO [2022-08-16 15:43:58] 
INFO [2022-08-16 15:43:58] $fill
INFO [2022-08-16 15:43:58] myCol
INFO [2022-08-16 15:43:58] 
INFO [2022-08-16 15:43:58] $cex
INFO [2022-08-16 15:43:58] [1] 0.4
INFO [2022-08-16 15:43:58] 
INFO [2022-08-16 15:43:58] $fontface
INFO [2022-08-16 15:43:58] [1] "bold"
INFO [2022-08-16 15:43:58] 
INFO [2022-08-16 15:43:58] $fontfamily
INFO [2022-08-16 15:43:58] [1] "sans"
INFO [2022-08-16 15:43:58] 
INFO [2022-08-16 15:43:58] $cat.cex
INFO [2022-08-16 15:43:58] [1] 0.3
INFO [2022-08-16 15:43:58] 
INFO [2022-08-16 15:43:58] $cat.fontface
INFO [2022-08-16 15:43:58] [1] "bold"
INFO [2022-08-16 15:43:58] 
INFO [2022-08-16 15:43:58] $cat.pos
INFO [2022-08-16 15:43:58] c(-27, 27, 135)
INFO [2022-08-16 15:43:58] 
INFO [2022-08-16 15:43:58] $cat.dist
INFO [2022-08-16 15:43:58] c(0.04, 0.04, 0.04)
INFO [2022-08-16 15:43:58] 
INFO [2022-08-16 15:43:58] $cat.fontfamily
INFO [2022-08-16 15:43:58] [1] "sans"
INFO [2022-08-16 15:43:58] 
INFO [2022-08-16 15:43:58] $rotation
INFO [2022-08-16 15:43:58] [1] 1
INFO [2022-08-16 15:43:58] 
