INFO [2022-06-30 14:32:47] $x
INFO [2022-06-30 14:32:47] list(limma_list, deseq2_list, tfl_list)
INFO [2022-06-30 14:32:47] 
INFO [2022-06-30 14:32:47] $category.names
INFO [2022-06-30 14:32:47] c("limma", "DESeq2", "Transfer Learning")
INFO [2022-06-30 14:32:47] 
INFO [2022-06-30 14:32:47] $filename
INFO [2022-06-30 14:32:47] file_name
INFO [2022-06-30 14:32:47] 
INFO [2022-06-30 14:32:47] $output
INFO [2022-06-30 14:32:47] [1] TRUE
INFO [2022-06-30 14:32:47] 
INFO [2022-06-30 14:32:47] $imagetype
INFO [2022-06-30 14:32:47] [1] "png"
INFO [2022-06-30 14:32:47] 
INFO [2022-06-30 14:32:47] $height
INFO [2022-06-30 14:32:47] [1] 1000
INFO [2022-06-30 14:32:47] 
INFO [2022-06-30 14:32:47] $width
INFO [2022-06-30 14:32:47] [1] 1000
INFO [2022-06-30 14:32:47] 
INFO [2022-06-30 14:32:47] $resolution
INFO [2022-06-30 14:32:47] [1] 300
INFO [2022-06-30 14:32:47] 
INFO [2022-06-30 14:32:47] $compression
INFO [2022-06-30 14:32:47] [1] "lzw"
INFO [2022-06-30 14:32:47] 
INFO [2022-06-30 14:32:47] $lwd
INFO [2022-06-30 14:32:47] [1] 2
INFO [2022-06-30 14:32:47] 
INFO [2022-06-30 14:32:47] $lty
INFO [2022-06-30 14:32:47] [1] "blank"
INFO [2022-06-30 14:32:47] 
INFO [2022-06-30 14:32:47] $fill
INFO [2022-06-30 14:32:47] myCol
INFO [2022-06-30 14:32:47] 
INFO [2022-06-30 14:32:47] $cex
INFO [2022-06-30 14:32:47] [1] 0.4
INFO [2022-06-30 14:32:47] 
INFO [2022-06-30 14:32:47] $fontface
INFO [2022-06-30 14:32:47] [1] "bold"
INFO [2022-06-30 14:32:47] 
INFO [2022-06-30 14:32:47] $fontfamily
INFO [2022-06-30 14:32:47] [1] "sans"
INFO [2022-06-30 14:32:47] 
INFO [2022-06-30 14:32:47] $cat.cex
INFO [2022-06-30 14:32:47] [1] 0.3
INFO [2022-06-30 14:32:47] 
INFO [2022-06-30 14:32:47] $cat.fontface
INFO [2022-06-30 14:32:47] [1] "bold"
INFO [2022-06-30 14:32:47] 
INFO [2022-06-30 14:32:47] $cat.pos
INFO [2022-06-30 14:32:47] c(-27, 27, 135)
INFO [2022-06-30 14:32:47] 
INFO [2022-06-30 14:32:47] $cat.dist
INFO [2022-06-30 14:32:47] c(0.04, 0.04, 0.04)
INFO [2022-06-30 14:32:47] 
INFO [2022-06-30 14:32:47] $cat.fontfamily
INFO [2022-06-30 14:32:47] [1] "sans"
INFO [2022-06-30 14:32:47] 
INFO [2022-06-30 14:32:47] $rotation
INFO [2022-06-30 14:32:47] [1] 1
INFO [2022-06-30 14:32:47] 
