INFO [2022-06-16 14:42:30] $x
INFO [2022-06-16 14:42:30] list(limma_list, deseq2_list, tfl_list)
INFO [2022-06-16 14:42:30] 
INFO [2022-06-16 14:42:30] $category.names
INFO [2022-06-16 14:42:30] c("limma", "DESeq2", "Transfer Learning")
INFO [2022-06-16 14:42:30] 
INFO [2022-06-16 14:42:30] $filename
INFO [2022-06-16 14:42:30] file_name
INFO [2022-06-16 14:42:30] 
INFO [2022-06-16 14:42:30] $output
INFO [2022-06-16 14:42:30] [1] TRUE
INFO [2022-06-16 14:42:30] 
INFO [2022-06-16 14:42:30] $imagetype
INFO [2022-06-16 14:42:30] [1] "png"
INFO [2022-06-16 14:42:30] 
INFO [2022-06-16 14:42:30] $height
INFO [2022-06-16 14:42:30] [1] 1000
INFO [2022-06-16 14:42:30] 
INFO [2022-06-16 14:42:30] $width
INFO [2022-06-16 14:42:30] [1] 1000
INFO [2022-06-16 14:42:30] 
INFO [2022-06-16 14:42:30] $resolution
INFO [2022-06-16 14:42:30] [1] 300
INFO [2022-06-16 14:42:30] 
INFO [2022-06-16 14:42:30] $compression
INFO [2022-06-16 14:42:30] [1] "lzw"
INFO [2022-06-16 14:42:30] 
INFO [2022-06-16 14:42:30] $lwd
INFO [2022-06-16 14:42:30] [1] 2
INFO [2022-06-16 14:42:30] 
INFO [2022-06-16 14:42:30] $lty
INFO [2022-06-16 14:42:30] [1] "blank"
INFO [2022-06-16 14:42:30] 
INFO [2022-06-16 14:42:30] $fill
INFO [2022-06-16 14:42:30] myCol
INFO [2022-06-16 14:42:30] 
INFO [2022-06-16 14:42:30] $cex
INFO [2022-06-16 14:42:30] [1] 0.4
INFO [2022-06-16 14:42:30] 
INFO [2022-06-16 14:42:30] $fontface
INFO [2022-06-16 14:42:30] [1] "bold"
INFO [2022-06-16 14:42:30] 
INFO [2022-06-16 14:42:30] $fontfamily
INFO [2022-06-16 14:42:30] [1] "sans"
INFO [2022-06-16 14:42:30] 
INFO [2022-06-16 14:42:30] $cat.cex
INFO [2022-06-16 14:42:30] [1] 0.3
INFO [2022-06-16 14:42:30] 
INFO [2022-06-16 14:42:30] $cat.fontface
INFO [2022-06-16 14:42:30] [1] "bold"
INFO [2022-06-16 14:42:30] 
INFO [2022-06-16 14:42:30] $cat.pos
INFO [2022-06-16 14:42:30] c(-27, 27, 135)
INFO [2022-06-16 14:42:30] 
INFO [2022-06-16 14:42:30] $cat.dist
INFO [2022-06-16 14:42:30] c(0.04, 0.04, 0.04)
INFO [2022-06-16 14:42:30] 
INFO [2022-06-16 14:42:30] $cat.fontfamily
INFO [2022-06-16 14:42:30] [1] "sans"
INFO [2022-06-16 14:42:30] 
INFO [2022-06-16 14:42:30] $rotation
INFO [2022-06-16 14:42:30] [1] 1
INFO [2022-06-16 14:42:30] 
