INFO [2022-09-20 20:23:08] $x
INFO [2022-09-20 20:23:08] list(limma_list, deseq2_list, tfl_list)
INFO [2022-09-20 20:23:08] 
INFO [2022-09-20 20:23:08] $category.names
INFO [2022-09-20 20:23:08] c("limma", "DESeq2", "Transfer Learning")
INFO [2022-09-20 20:23:08] 
INFO [2022-09-20 20:23:08] $filename
INFO [2022-09-20 20:23:08] file_name
INFO [2022-09-20 20:23:08] 
INFO [2022-09-20 20:23:08] $output
INFO [2022-09-20 20:23:08] [1] TRUE
INFO [2022-09-20 20:23:08] 
INFO [2022-09-20 20:23:08] $imagetype
INFO [2022-09-20 20:23:08] [1] "png"
INFO [2022-09-20 20:23:08] 
INFO [2022-09-20 20:23:08] $height
INFO [2022-09-20 20:23:08] [1] 1000
INFO [2022-09-20 20:23:08] 
INFO [2022-09-20 20:23:08] $width
INFO [2022-09-20 20:23:08] [1] 1000
INFO [2022-09-20 20:23:08] 
INFO [2022-09-20 20:23:08] $resolution
INFO [2022-09-20 20:23:08] [1] 300
INFO [2022-09-20 20:23:08] 
INFO [2022-09-20 20:23:08] $compression
INFO [2022-09-20 20:23:08] [1] "lzw"
INFO [2022-09-20 20:23:08] 
INFO [2022-09-20 20:23:08] $lwd
INFO [2022-09-20 20:23:08] [1] 2
INFO [2022-09-20 20:23:08] 
INFO [2022-09-20 20:23:08] $lty
INFO [2022-09-20 20:23:08] [1] "blank"
INFO [2022-09-20 20:23:08] 
INFO [2022-09-20 20:23:08] $fill
INFO [2022-09-20 20:23:08] myCol
INFO [2022-09-20 20:23:08] 
INFO [2022-09-20 20:23:08] $cex
INFO [2022-09-20 20:23:08] [1] 0.4
INFO [2022-09-20 20:23:08] 
INFO [2022-09-20 20:23:08] $fontface
INFO [2022-09-20 20:23:08] [1] "bold"
INFO [2022-09-20 20:23:08] 
INFO [2022-09-20 20:23:08] $fontfamily
INFO [2022-09-20 20:23:08] [1] "sans"
INFO [2022-09-20 20:23:08] 
INFO [2022-09-20 20:23:08] $cat.cex
INFO [2022-09-20 20:23:08] [1] 0.3
INFO [2022-09-20 20:23:08] 
INFO [2022-09-20 20:23:08] $cat.fontface
INFO [2022-09-20 20:23:08] [1] "bold"
INFO [2022-09-20 20:23:08] 
INFO [2022-09-20 20:23:08] $cat.pos
INFO [2022-09-20 20:23:08] c(-27, 27, 135)
INFO [2022-09-20 20:23:08] 
INFO [2022-09-20 20:23:08] $cat.dist
INFO [2022-09-20 20:23:08] c(0.04, 0.04, 0.04)
INFO [2022-09-20 20:23:08] 
INFO [2022-09-20 20:23:08] $cat.fontfamily
INFO [2022-09-20 20:23:08] [1] "sans"
INFO [2022-09-20 20:23:08] 
INFO [2022-09-20 20:23:08] $rotation
INFO [2022-09-20 20:23:08] [1] 1
INFO [2022-09-20 20:23:08] 
