INFO [2022-06-16 13:52:07] $x
INFO [2022-06-16 13:52:07] list(limma_liver_list$up, deseq2_liver_list$up, tfl_liver_list$up)
INFO [2022-06-16 13:52:07] 
INFO [2022-06-16 13:52:07] $category.names
INFO [2022-06-16 13:52:07] c("limma", "DESeq2", "Transfer Learning")
INFO [2022-06-16 13:52:07] 
INFO [2022-06-16 13:52:07] $filename
INFO [2022-06-16 13:52:07] [1] "~/output/liver_cancer/SR_liver_ up_gene_venn_diagramm.png"
INFO [2022-06-16 13:52:07] 
INFO [2022-06-16 13:52:07] $output
INFO [2022-06-16 13:52:07] [1] TRUE
INFO [2022-06-16 13:52:07] 
INFO [2022-06-16 13:52:07] $imagetype
INFO [2022-06-16 13:52:07] [1] "png"
INFO [2022-06-16 13:52:07] 
INFO [2022-06-16 13:52:07] $height
INFO [2022-06-16 13:52:07] [1] 500
INFO [2022-06-16 13:52:07] 
INFO [2022-06-16 13:52:07] $width
INFO [2022-06-16 13:52:07] [1] 500
INFO [2022-06-16 13:52:07] 
INFO [2022-06-16 13:52:07] $resolution
INFO [2022-06-16 13:52:07] [1] 300
INFO [2022-06-16 13:52:07] 
INFO [2022-06-16 13:52:07] $compression
INFO [2022-06-16 13:52:07] [1] "lzw"
INFO [2022-06-16 13:52:07] 
INFO [2022-06-16 13:52:07] $lwd
INFO [2022-06-16 13:52:07] [1] 2
INFO [2022-06-16 13:52:07] 
INFO [2022-06-16 13:52:07] $lty
INFO [2022-06-16 13:52:07] [1] "blank"
INFO [2022-06-16 13:52:07] 
INFO [2022-06-16 13:52:07] $fill
INFO [2022-06-16 13:52:07] myCol
INFO [2022-06-16 13:52:07] 
INFO [2022-06-16 13:52:07] $cex
INFO [2022-06-16 13:52:07] [1] 0.4
INFO [2022-06-16 13:52:07] 
INFO [2022-06-16 13:52:07] $fontface
INFO [2022-06-16 13:52:07] [1] "bold"
INFO [2022-06-16 13:52:07] 
INFO [2022-06-16 13:52:07] $fontfamily
INFO [2022-06-16 13:52:07] [1] "sans"
INFO [2022-06-16 13:52:07] 
INFO [2022-06-16 13:52:07] $cat.cex
INFO [2022-06-16 13:52:07] [1] 0.3
INFO [2022-06-16 13:52:07] 
INFO [2022-06-16 13:52:07] $cat.fontface
INFO [2022-06-16 13:52:07] [1] "bold"
INFO [2022-06-16 13:52:07] 
INFO [2022-06-16 13:52:07] $cat.fontfamily
INFO [2022-06-16 13:52:07] [1] "sans"
INFO [2022-06-16 13:52:07] 
INFO [2022-06-16 13:52:07] $rotation
INFO [2022-06-16 13:52:07] [1] 1
INFO [2022-06-16 13:52:07] 
