INFO [2022-06-16 13:49:17] $x
INFO [2022-06-16 13:49:17] list(limma_liver_list$up, deseq2_liver_list$up, tfl_liver_list$up)
INFO [2022-06-16 13:49:17] 
INFO [2022-06-16 13:49:17] $category.names
INFO [2022-06-16 13:49:17] c("limma", "DESeq2", "Transfer Learning")
INFO [2022-06-16 13:49:17] 
INFO [2022-06-16 13:49:17] $filename
INFO [2022-06-16 13:49:17] [1] "~/output/liver_cancer/SR_liver_ up_gene_venn_diagramm.png"
INFO [2022-06-16 13:49:17] 
INFO [2022-06-16 13:49:17] $output
INFO [2022-06-16 13:49:17] [1] TRUE
INFO [2022-06-16 13:49:17] 
INFO [2022-06-16 13:49:17] $imagetype
INFO [2022-06-16 13:49:17] [1] "png"
INFO [2022-06-16 13:49:17] 
INFO [2022-06-16 13:49:17] $height
INFO [2022-06-16 13:49:17] [1] 500
INFO [2022-06-16 13:49:17] 
INFO [2022-06-16 13:49:17] $width
INFO [2022-06-16 13:49:17] [1] 500
INFO [2022-06-16 13:49:17] 
INFO [2022-06-16 13:49:17] $resolution
INFO [2022-06-16 13:49:17] [1] 300
INFO [2022-06-16 13:49:17] 
INFO [2022-06-16 13:49:17] $compression
INFO [2022-06-16 13:49:17] [1] "lzw"
INFO [2022-06-16 13:49:17] 
INFO [2022-06-16 13:49:17] $lwd
INFO [2022-06-16 13:49:17] [1] 2
INFO [2022-06-16 13:49:17] 
INFO [2022-06-16 13:49:17] $lty
INFO [2022-06-16 13:49:17] [1] "blank"
INFO [2022-06-16 13:49:17] 
INFO [2022-06-16 13:49:17] $fill
INFO [2022-06-16 13:49:17] myCol
INFO [2022-06-16 13:49:17] 
INFO [2022-06-16 13:49:17] $cex
INFO [2022-06-16 13:49:17] [1] 0.4
INFO [2022-06-16 13:49:17] 
INFO [2022-06-16 13:49:17] $fontface
INFO [2022-06-16 13:49:17] [1] "bold"
INFO [2022-06-16 13:49:17] 
INFO [2022-06-16 13:49:17] $fontfamily
INFO [2022-06-16 13:49:17] [1] "sans"
INFO [2022-06-16 13:49:17] 
INFO [2022-06-16 13:49:17] $cat.cex
INFO [2022-06-16 13:49:17] [1] 0.3
INFO [2022-06-16 13:49:17] 
INFO [2022-06-16 13:49:17] $cat.fontface
INFO [2022-06-16 13:49:17] [1] "bold"
INFO [2022-06-16 13:49:17] 
INFO [2022-06-16 13:49:17] $cat.default.pos
INFO [2022-06-16 13:49:17] [1] "outer"
INFO [2022-06-16 13:49:17] 
INFO [2022-06-16 13:49:17] $cat.pos
INFO [2022-06-16 13:49:17] c(-27, 27, 135)
INFO [2022-06-16 13:49:17] 
INFO [2022-06-16 13:49:17] $cat.dist
INFO [2022-06-16 13:49:17] c(0.055, 0.055, 0.085)
INFO [2022-06-16 13:49:17] 
INFO [2022-06-16 13:49:17] $cat.fontfamily
INFO [2022-06-16 13:49:17] [1] "sans"
INFO [2022-06-16 13:49:17] 
INFO [2022-06-16 13:49:17] $rotation
INFO [2022-06-16 13:49:17] [1] 1
INFO [2022-06-16 13:49:17] 
