INFO [2022-06-16 13:50:54] $x
INFO [2022-06-16 13:50:54] list(limma_liver_list$up, deseq2_liver_list$up, tfl_liver_list$up)
INFO [2022-06-16 13:50:54] 
INFO [2022-06-16 13:50:54] $category.names
INFO [2022-06-16 13:50:54] c("limma", "DESeq2", "Transfer Learning")
INFO [2022-06-16 13:50:54] 
INFO [2022-06-16 13:50:54] $filename
INFO [2022-06-16 13:50:54] [1] "~/output/liver_cancer/SR_liver_ up_gene_venn_diagramm.png"
INFO [2022-06-16 13:50:54] 
INFO [2022-06-16 13:50:54] $output
INFO [2022-06-16 13:50:54] [1] TRUE
INFO [2022-06-16 13:50:54] 
INFO [2022-06-16 13:50:54] $imagetype
INFO [2022-06-16 13:50:54] [1] "png"
INFO [2022-06-16 13:50:54] 
INFO [2022-06-16 13:50:54] $height
INFO [2022-06-16 13:50:54] [1] 500
INFO [2022-06-16 13:50:54] 
INFO [2022-06-16 13:50:54] $width
INFO [2022-06-16 13:50:54] [1] 500
INFO [2022-06-16 13:50:54] 
INFO [2022-06-16 13:50:54] $resolution
INFO [2022-06-16 13:50:54] [1] 300
INFO [2022-06-16 13:50:54] 
INFO [2022-06-16 13:50:54] $compression
INFO [2022-06-16 13:50:54] [1] "lzw"
INFO [2022-06-16 13:50:54] 
INFO [2022-06-16 13:50:54] $lwd
INFO [2022-06-16 13:50:54] [1] 2
INFO [2022-06-16 13:50:54] 
INFO [2022-06-16 13:50:54] $lty
INFO [2022-06-16 13:50:54] [1] "blank"
INFO [2022-06-16 13:50:54] 
INFO [2022-06-16 13:50:54] $fill
INFO [2022-06-16 13:50:54] myCol
INFO [2022-06-16 13:50:54] 
INFO [2022-06-16 13:50:54] $cex
INFO [2022-06-16 13:50:54] [1] 0.4
INFO [2022-06-16 13:50:54] 
INFO [2022-06-16 13:50:54] $fontface
INFO [2022-06-16 13:50:54] [1] "bold"
INFO [2022-06-16 13:50:54] 
INFO [2022-06-16 13:50:54] $fontfamily
INFO [2022-06-16 13:50:54] [1] "sans"
INFO [2022-06-16 13:50:54] 
INFO [2022-06-16 13:50:54] $cat.cex
INFO [2022-06-16 13:50:54] [1] 0.3
INFO [2022-06-16 13:50:54] 
INFO [2022-06-16 13:50:54] $cat.fontface
INFO [2022-06-16 13:50:54] [1] "bold"
INFO [2022-06-16 13:50:54] 
INFO [2022-06-16 13:50:54] $cat.default.pos
INFO [2022-06-16 13:50:54] [1] "outer"
INFO [2022-06-16 13:50:54] 
INFO [2022-06-16 13:50:54] $cat.fontfamily
INFO [2022-06-16 13:50:54] [1] "sans"
INFO [2022-06-16 13:50:54] 
INFO [2022-06-16 13:50:54] $rotation
INFO [2022-06-16 13:50:54] [1] 1
INFO [2022-06-16 13:50:54] 
