INFO [2022-06-16 14:28:42] $x
INFO [2022-06-16 14:28:42] list(unlist(limma_liver_list), unlist(deseq2_liver_list), unlist(tfl_liver_list))
INFO [2022-06-16 14:28:42] 
INFO [2022-06-16 14:28:42] $category.names
INFO [2022-06-16 14:28:42] c("limma", "DESeq2", "Transfer Learning")
INFO [2022-06-16 14:28:42] 
INFO [2022-06-16 14:28:42] $filename
INFO [2022-06-16 14:28:42] [1] "~/output/liver_cancer/SR_liver_all_gene_venn_diagramm.png"
INFO [2022-06-16 14:28:42] 
INFO [2022-06-16 14:28:42] $output
INFO [2022-06-16 14:28:42] [1] TRUE
INFO [2022-06-16 14:28:42] 
INFO [2022-06-16 14:28:42] $imagetype
INFO [2022-06-16 14:28:42] [1] "png"
INFO [2022-06-16 14:28:42] 
INFO [2022-06-16 14:28:42] $height
INFO [2022-06-16 14:28:42] [1] 1000
INFO [2022-06-16 14:28:42] 
INFO [2022-06-16 14:28:42] $width
INFO [2022-06-16 14:28:42] [1] 1000
INFO [2022-06-16 14:28:42] 
INFO [2022-06-16 14:28:42] $resolution
INFO [2022-06-16 14:28:42] [1] 300
INFO [2022-06-16 14:28:42] 
INFO [2022-06-16 14:28:42] $compression
INFO [2022-06-16 14:28:42] [1] "lzw"
INFO [2022-06-16 14:28:42] 
INFO [2022-06-16 14:28:42] $lwd
INFO [2022-06-16 14:28:42] [1] 2
INFO [2022-06-16 14:28:42] 
INFO [2022-06-16 14:28:42] $lty
INFO [2022-06-16 14:28:42] [1] "blank"
INFO [2022-06-16 14:28:42] 
INFO [2022-06-16 14:28:42] $fill
INFO [2022-06-16 14:28:42] myCol
INFO [2022-06-16 14:28:42] 
INFO [2022-06-16 14:28:42] $cex
INFO [2022-06-16 14:28:42] [1] 0.4
INFO [2022-06-16 14:28:42] 
INFO [2022-06-16 14:28:42] $fontface
INFO [2022-06-16 14:28:42] [1] "bold"
INFO [2022-06-16 14:28:42] 
INFO [2022-06-16 14:28:42] $fontfamily
INFO [2022-06-16 14:28:42] [1] "sans"
INFO [2022-06-16 14:28:42] 
INFO [2022-06-16 14:28:42] $cat.cex
INFO [2022-06-16 14:28:42] [1] 0.3
INFO [2022-06-16 14:28:42] 
INFO [2022-06-16 14:28:42] $cat.fontface
INFO [2022-06-16 14:28:42] [1] "bold"
INFO [2022-06-16 14:28:42] 
INFO [2022-06-16 14:28:42] $cat.default.pos
INFO [2022-06-16 14:28:42] [1] "outer"
INFO [2022-06-16 14:28:42] 
INFO [2022-06-16 14:28:42] $cat.pos
INFO [2022-06-16 14:28:42] c(-27, 27, 135)
INFO [2022-06-16 14:28:42] 
INFO [2022-06-16 14:28:42] $cat.dist
INFO [2022-06-16 14:28:42] c(0.055, 0.055, 0.085)
INFO [2022-06-16 14:28:42] 
INFO [2022-06-16 14:28:42] $cat.fontfamily
INFO [2022-06-16 14:28:42] [1] "sans"
INFO [2022-06-16 14:28:42] 
INFO [2022-06-16 14:28:42] $rotation
INFO [2022-06-16 14:28:42] [1] 1
INFO [2022-06-16 14:28:42] 
