INFO [2022-06-16 13:52:44] $x
INFO [2022-06-16 13:52:44] list(limma_liver_list$up, deseq2_liver_list$up, tfl_liver_list$up)
INFO [2022-06-16 13:52:44] 
INFO [2022-06-16 13:52:44] $category.names
INFO [2022-06-16 13:52:44] c("limma", "DESeq2", "Transfer Learning")
INFO [2022-06-16 13:52:44] 
INFO [2022-06-16 13:52:44] $filename
INFO [2022-06-16 13:52:44] [1] "~/output/liver_cancer/SR_liver_ up_gene_venn_diagramm.png"
INFO [2022-06-16 13:52:44] 
INFO [2022-06-16 13:52:44] $output
INFO [2022-06-16 13:52:44] [1] TRUE
INFO [2022-06-16 13:52:44] 
INFO [2022-06-16 13:52:44] $imagetype
INFO [2022-06-16 13:52:44] [1] "png"
INFO [2022-06-16 13:52:44] 
INFO [2022-06-16 13:52:44] $height
INFO [2022-06-16 13:52:44] [1] 500
INFO [2022-06-16 13:52:44] 
INFO [2022-06-16 13:52:44] $width
INFO [2022-06-16 13:52:44] [1] 1000
INFO [2022-06-16 13:52:44] 
INFO [2022-06-16 13:52:44] $resolution
INFO [2022-06-16 13:52:44] [1] 300
INFO [2022-06-16 13:52:44] 
INFO [2022-06-16 13:52:44] $compression
INFO [2022-06-16 13:52:44] [1] "lzw"
INFO [2022-06-16 13:52:44] 
INFO [2022-06-16 13:52:44] $lwd
INFO [2022-06-16 13:52:44] [1] 2
INFO [2022-06-16 13:52:44] 
INFO [2022-06-16 13:52:44] $lty
INFO [2022-06-16 13:52:44] [1] "blank"
INFO [2022-06-16 13:52:44] 
INFO [2022-06-16 13:52:44] $fill
INFO [2022-06-16 13:52:44] myCol
INFO [2022-06-16 13:52:44] 
INFO [2022-06-16 13:52:44] $cex
INFO [2022-06-16 13:52:44] [1] 0.4
INFO [2022-06-16 13:52:44] 
INFO [2022-06-16 13:52:44] $fontface
INFO [2022-06-16 13:52:44] [1] "bold"
INFO [2022-06-16 13:52:44] 
INFO [2022-06-16 13:52:44] $fontfamily
INFO [2022-06-16 13:52:44] [1] "sans"
INFO [2022-06-16 13:52:44] 
INFO [2022-06-16 13:52:44] $cat.cex
INFO [2022-06-16 13:52:44] [1] 0.3
INFO [2022-06-16 13:52:44] 
INFO [2022-06-16 13:52:44] $cat.fontface
INFO [2022-06-16 13:52:44] [1] "bold"
INFO [2022-06-16 13:52:44] 
INFO [2022-06-16 13:52:44] $cat.fontfamily
INFO [2022-06-16 13:52:44] [1] "sans"
INFO [2022-06-16 13:52:44] 
INFO [2022-06-16 13:52:44] $rotation
INFO [2022-06-16 13:52:44] [1] 1
INFO [2022-06-16 13:52:44] 
