INFO [2022-06-16 13:48:32] $x
INFO [2022-06-16 13:48:32] list(limma_liver_list$up, deseq2_liver_list$up, tfl_liver_list$up)
INFO [2022-06-16 13:48:32] 
INFO [2022-06-16 13:48:32] $category.names
INFO [2022-06-16 13:48:32] c("limma", "DESeq2", "Transfer Learning")
INFO [2022-06-16 13:48:32] 
INFO [2022-06-16 13:48:32] $filename
INFO [2022-06-16 13:48:32] [1] "~/output/liver_cancer/SR_liver_ up_gene_venn_diagramm.png"
INFO [2022-06-16 13:48:32] 
INFO [2022-06-16 13:48:32] $output
INFO [2022-06-16 13:48:32] [1] TRUE
INFO [2022-06-16 13:48:32] 
INFO [2022-06-16 13:48:32] $imagetype
INFO [2022-06-16 13:48:32] [1] "png"
INFO [2022-06-16 13:48:32] 
INFO [2022-06-16 13:48:32] $height
INFO [2022-06-16 13:48:32] [1] 480
INFO [2022-06-16 13:48:32] 
INFO [2022-06-16 13:48:32] $width
INFO [2022-06-16 13:48:32] [1] 480
INFO [2022-06-16 13:48:32] 
INFO [2022-06-16 13:48:32] $resolution
INFO [2022-06-16 13:48:32] [1] 300
INFO [2022-06-16 13:48:32] 
INFO [2022-06-16 13:48:32] $compression
INFO [2022-06-16 13:48:32] [1] "lzw"
INFO [2022-06-16 13:48:32] 
INFO [2022-06-16 13:48:32] $lwd
INFO [2022-06-16 13:48:32] [1] 2
INFO [2022-06-16 13:48:32] 
INFO [2022-06-16 13:48:32] $lty
INFO [2022-06-16 13:48:32] [1] "blank"
INFO [2022-06-16 13:48:32] 
INFO [2022-06-16 13:48:32] $fill
INFO [2022-06-16 13:48:32] myCol
INFO [2022-06-16 13:48:32] 
INFO [2022-06-16 13:48:32] $cex
INFO [2022-06-16 13:48:32] [1] 0.4
INFO [2022-06-16 13:48:32] 
INFO [2022-06-16 13:48:32] $fontface
INFO [2022-06-16 13:48:32] [1] "bold"
INFO [2022-06-16 13:48:32] 
INFO [2022-06-16 13:48:32] $fontfamily
INFO [2022-06-16 13:48:32] [1] "sans"
INFO [2022-06-16 13:48:32] 
INFO [2022-06-16 13:48:32] $cat.cex
INFO [2022-06-16 13:48:32] [1] 0.3
INFO [2022-06-16 13:48:32] 
INFO [2022-06-16 13:48:32] $cat.fontface
INFO [2022-06-16 13:48:32] [1] "bold"
INFO [2022-06-16 13:48:32] 
INFO [2022-06-16 13:48:32] $cat.default.pos
INFO [2022-06-16 13:48:32] [1] "outer"
INFO [2022-06-16 13:48:32] 
INFO [2022-06-16 13:48:32] $cat.pos
INFO [2022-06-16 13:48:32] c(-27, 27, 135)
INFO [2022-06-16 13:48:32] 
INFO [2022-06-16 13:48:32] $cat.dist
INFO [2022-06-16 13:48:32] c(0.055, 0.055, 0.085)
INFO [2022-06-16 13:48:32] 
INFO [2022-06-16 13:48:32] $cat.fontfamily
INFO [2022-06-16 13:48:32] [1] "sans"
INFO [2022-06-16 13:48:32] 
INFO [2022-06-16 13:48:32] $rotation
INFO [2022-06-16 13:48:32] [1] 1
INFO [2022-06-16 13:48:32] 
