INFO [2022-06-16 13:53:41] $x
INFO [2022-06-16 13:53:41] list(limma_liver_list$down, deseq2_liver_list$down, tfl_liver_list$down)
INFO [2022-06-16 13:53:41] 
INFO [2022-06-16 13:53:41] $category.names
INFO [2022-06-16 13:53:41] c("limma", "DESeq2", "Transfer Learning")
INFO [2022-06-16 13:53:41] 
INFO [2022-06-16 13:53:41] $filename
INFO [2022-06-16 13:53:41] [1] "~/output/liver_cancer/SR_liver_down_gene_venn_diagramm.png"
INFO [2022-06-16 13:53:41] 
INFO [2022-06-16 13:53:41] $output
INFO [2022-06-16 13:53:41] [1] TRUE
INFO [2022-06-16 13:53:41] 
INFO [2022-06-16 13:53:41] $imagetype
INFO [2022-06-16 13:53:41] [1] "png"
INFO [2022-06-16 13:53:41] 
INFO [2022-06-16 13:53:41] $height
INFO [2022-06-16 13:53:41] [1] 1000
INFO [2022-06-16 13:53:41] 
INFO [2022-06-16 13:53:41] $width
INFO [2022-06-16 13:53:41] [1] 1000
INFO [2022-06-16 13:53:41] 
INFO [2022-06-16 13:53:41] $resolution
INFO [2022-06-16 13:53:41] [1] 300
INFO [2022-06-16 13:53:41] 
INFO [2022-06-16 13:53:41] $compression
INFO [2022-06-16 13:53:41] [1] "lzw"
INFO [2022-06-16 13:53:41] 
INFO [2022-06-16 13:53:41] $lwd
INFO [2022-06-16 13:53:41] [1] 2
INFO [2022-06-16 13:53:41] 
INFO [2022-06-16 13:53:41] $lty
INFO [2022-06-16 13:53:41] [1] "blank"
INFO [2022-06-16 13:53:41] 
INFO [2022-06-16 13:53:41] $fill
INFO [2022-06-16 13:53:41] myCol
INFO [2022-06-16 13:53:41] 
INFO [2022-06-16 13:53:41] $cex
INFO [2022-06-16 13:53:41] [1] 0.4
INFO [2022-06-16 13:53:41] 
INFO [2022-06-16 13:53:41] $fontface
INFO [2022-06-16 13:53:41] [1] "bold"
INFO [2022-06-16 13:53:41] 
INFO [2022-06-16 13:53:41] $fontfamily
INFO [2022-06-16 13:53:41] [1] "sans"
INFO [2022-06-16 13:53:41] 
INFO [2022-06-16 13:53:41] $cat.cex
INFO [2022-06-16 13:53:41] [1] 0.3
INFO [2022-06-16 13:53:41] 
INFO [2022-06-16 13:53:41] $cat.fontface
INFO [2022-06-16 13:53:41] [1] "bold"
INFO [2022-06-16 13:53:41] 
INFO [2022-06-16 13:53:41] $cat.fontfamily
INFO [2022-06-16 13:53:41] [1] "sans"
INFO [2022-06-16 13:53:41] 
INFO [2022-06-16 13:53:41] $rotation
INFO [2022-06-16 13:53:41] [1] 1
INFO [2022-06-16 13:53:41] 
