INFO [2022-06-16 14:29:51] $x
INFO [2022-06-16 14:29:51] list(limma_list, deseq2_list, tfl_list)
INFO [2022-06-16 14:29:51] 
INFO [2022-06-16 14:29:51] $category.names
INFO [2022-06-16 14:29:51] c("limma", "DESeq2", "Transfer Learning")
INFO [2022-06-16 14:29:51] 
INFO [2022-06-16 14:29:51] $filename
INFO [2022-06-16 14:29:51] file_name
INFO [2022-06-16 14:29:51] 
INFO [2022-06-16 14:29:51] $output
INFO [2022-06-16 14:29:51] [1] TRUE
INFO [2022-06-16 14:29:51] 
INFO [2022-06-16 14:29:51] $imagetype
INFO [2022-06-16 14:29:51] [1] "png"
INFO [2022-06-16 14:29:51] 
INFO [2022-06-16 14:29:51] $height
INFO [2022-06-16 14:29:51] [1] 1000
INFO [2022-06-16 14:29:51] 
INFO [2022-06-16 14:29:51] $width
INFO [2022-06-16 14:29:51] [1] 1000
INFO [2022-06-16 14:29:51] 
INFO [2022-06-16 14:29:51] $resolution
INFO [2022-06-16 14:29:51] [1] 300
INFO [2022-06-16 14:29:51] 
INFO [2022-06-16 14:29:51] $compression
INFO [2022-06-16 14:29:51] [1] "lzw"
INFO [2022-06-16 14:29:51] 
INFO [2022-06-16 14:29:51] $lwd
INFO [2022-06-16 14:29:51] [1] 2
INFO [2022-06-16 14:29:51] 
INFO [2022-06-16 14:29:51] $lty
INFO [2022-06-16 14:29:51] [1] "blank"
INFO [2022-06-16 14:29:51] 
INFO [2022-06-16 14:29:51] $fill
INFO [2022-06-16 14:29:51] myCol
INFO [2022-06-16 14:29:51] 
INFO [2022-06-16 14:29:51] $cex
INFO [2022-06-16 14:29:51] [1] 0.4
INFO [2022-06-16 14:29:51] 
INFO [2022-06-16 14:29:51] $fontface
INFO [2022-06-16 14:29:51] [1] "bold"
INFO [2022-06-16 14:29:51] 
INFO [2022-06-16 14:29:51] $fontfamily
INFO [2022-06-16 14:29:51] [1] "sans"
INFO [2022-06-16 14:29:51] 
INFO [2022-06-16 14:29:51] $cat.cex
INFO [2022-06-16 14:29:51] [1] 0.3
INFO [2022-06-16 14:29:51] 
INFO [2022-06-16 14:29:51] $cat.fontface
INFO [2022-06-16 14:29:51] [1] "bold"
INFO [2022-06-16 14:29:51] 
INFO [2022-06-16 14:29:51] $cat.default.pos
INFO [2022-06-16 14:29:51] [1] "outer"
INFO [2022-06-16 14:29:51] 
INFO [2022-06-16 14:29:51] $cat.pos
INFO [2022-06-16 14:29:51] c(-27, 27, 135)
INFO [2022-06-16 14:29:51] 
INFO [2022-06-16 14:29:51] $cat.dist
INFO [2022-06-16 14:29:51] c(0.055, 0.055, 0.085)
INFO [2022-06-16 14:29:51] 
INFO [2022-06-16 14:29:51] $cat.fontfamily
INFO [2022-06-16 14:29:51] [1] "sans"
INFO [2022-06-16 14:29:51] 
INFO [2022-06-16 14:29:51] $rotation
INFO [2022-06-16 14:29:51] [1] 1
INFO [2022-06-16 14:29:51] 
