INFO [2022-06-16 13:51:46] $x
INFO [2022-06-16 13:51:46] list(limma_liver_list$up, deseq2_liver_list$up, tfl_liver_list$up)
INFO [2022-06-16 13:51:46] 
INFO [2022-06-16 13:51:46] $category.names
INFO [2022-06-16 13:51:46] c("limma", "DESeq2", "Transfer Learning")
INFO [2022-06-16 13:51:46] 
INFO [2022-06-16 13:51:46] $filename
INFO [2022-06-16 13:51:46] [1] "~/output/liver_cancer/SR_liver_ up_gene_venn_diagramm.png"
INFO [2022-06-16 13:51:46] 
INFO [2022-06-16 13:51:46] $output
INFO [2022-06-16 13:51:46] [1] TRUE
INFO [2022-06-16 13:51:46] 
INFO [2022-06-16 13:51:46] $imagetype
INFO [2022-06-16 13:51:46] [1] "png"
INFO [2022-06-16 13:51:46] 
INFO [2022-06-16 13:51:46] $height
INFO [2022-06-16 13:51:46] [1] 500
INFO [2022-06-16 13:51:46] 
INFO [2022-06-16 13:51:46] $width
INFO [2022-06-16 13:51:46] [1] 500
INFO [2022-06-16 13:51:46] 
INFO [2022-06-16 13:51:46] $resolution
INFO [2022-06-16 13:51:46] [1] 300
INFO [2022-06-16 13:51:46] 
INFO [2022-06-16 13:51:46] $compression
INFO [2022-06-16 13:51:46] [1] "lzw"
INFO [2022-06-16 13:51:46] 
INFO [2022-06-16 13:51:46] $lwd
INFO [2022-06-16 13:51:46] [1] 2
INFO [2022-06-16 13:51:46] 
INFO [2022-06-16 13:51:46] $lty
INFO [2022-06-16 13:51:46] [1] "blank"
INFO [2022-06-16 13:51:46] 
INFO [2022-06-16 13:51:46] $fill
INFO [2022-06-16 13:51:46] myCol
INFO [2022-06-16 13:51:46] 
INFO [2022-06-16 13:51:46] $cex
INFO [2022-06-16 13:51:46] [1] 0.4
INFO [2022-06-16 13:51:46] 
INFO [2022-06-16 13:51:46] $fontface
INFO [2022-06-16 13:51:46] [1] "bold"
INFO [2022-06-16 13:51:46] 
INFO [2022-06-16 13:51:46] $fontfamily
INFO [2022-06-16 13:51:46] [1] "sans"
INFO [2022-06-16 13:51:46] 
INFO [2022-06-16 13:51:46] $cat.fontface
INFO [2022-06-16 13:51:46] [1] "bold"
INFO [2022-06-16 13:51:46] 
INFO [2022-06-16 13:51:46] $cat.fontfamily
INFO [2022-06-16 13:51:46] [1] "sans"
INFO [2022-06-16 13:51:46] 
INFO [2022-06-16 13:51:46] $rotation
INFO [2022-06-16 13:51:46] [1] 1
INFO [2022-06-16 13:51:46] 
