INFO [2022-08-16 15:43:05] $x
INFO [2022-08-16 15:43:05] list(limma_list, deseq2_list, tfl_list)
INFO [2022-08-16 15:43:05] 
INFO [2022-08-16 15:43:05] $category.names
INFO [2022-08-16 15:43:05] c("limma", "DESeq2", "Transfer Learning")
INFO [2022-08-16 15:43:05] 
INFO [2022-08-16 15:43:05] $filename
INFO [2022-08-16 15:43:05] file_name
INFO [2022-08-16 15:43:05] 
INFO [2022-08-16 15:43:05] $output
INFO [2022-08-16 15:43:05] [1] TRUE
INFO [2022-08-16 15:43:05] 
INFO [2022-08-16 15:43:05] $imagetype
INFO [2022-08-16 15:43:05] [1] "png"
INFO [2022-08-16 15:43:05] 
INFO [2022-08-16 15:43:05] $height
INFO [2022-08-16 15:43:05] [1] 1000
INFO [2022-08-16 15:43:05] 
INFO [2022-08-16 15:43:05] $width
INFO [2022-08-16 15:43:05] [1] 1000
INFO [2022-08-16 15:43:05] 
INFO [2022-08-16 15:43:05] $resolution
INFO [2022-08-16 15:43:05] [1] 300
INFO [2022-08-16 15:43:05] 
INFO [2022-08-16 15:43:05] $compression
INFO [2022-08-16 15:43:05] [1] "lzw"
INFO [2022-08-16 15:43:05] 
INFO [2022-08-16 15:43:05] $lwd
INFO [2022-08-16 15:43:05] [1] 2
INFO [2022-08-16 15:43:05] 
INFO [2022-08-16 15:43:05] $lty
INFO [2022-08-16 15:43:05] [1] "blank"
INFO [2022-08-16 15:43:05] 
INFO [2022-08-16 15:43:05] $fill
INFO [2022-08-16 15:43:05] myCol
INFO [2022-08-16 15:43:05] 
INFO [2022-08-16 15:43:05] $cex
INFO [2022-08-16 15:43:05] [1] 0.4
INFO [2022-08-16 15:43:05] 
INFO [2022-08-16 15:43:05] $fontface
INFO [2022-08-16 15:43:05] [1] "bold"
INFO [2022-08-16 15:43:05] 
INFO [2022-08-16 15:43:05] $fontfamily
INFO [2022-08-16 15:43:05] [1] "sans"
INFO [2022-08-16 15:43:05] 
INFO [2022-08-16 15:43:05] $cat.cex
INFO [2022-08-16 15:43:05] [1] 0.3
INFO [2022-08-16 15:43:05] 
INFO [2022-08-16 15:43:05] $cat.fontface
INFO [2022-08-16 15:43:05] [1] "bold"
INFO [2022-08-16 15:43:05] 
INFO [2022-08-16 15:43:05] $cat.pos
INFO [2022-08-16 15:43:05] c(-27, 27, 135)
INFO [2022-08-16 15:43:05] 
INFO [2022-08-16 15:43:05] $cat.dist
INFO [2022-08-16 15:43:05] c(0.04, 0.04, 0.04)
INFO [2022-08-16 15:43:05] 
INFO [2022-08-16 15:43:05] $cat.fontfamily
INFO [2022-08-16 15:43:05] [1] "sans"
INFO [2022-08-16 15:43:05] 
INFO [2022-08-16 15:43:05] $rotation
INFO [2022-08-16 15:43:05] [1] 1
INFO [2022-08-16 15:43:05] 
