INFO [2022-06-16 14:29:48] $x
INFO [2022-06-16 14:29:48] list(limma_list, deseq2_list, tfl_list)
INFO [2022-06-16 14:29:48] 
INFO [2022-06-16 14:29:48] $category.names
INFO [2022-06-16 14:29:48] c("limma", "DESeq2", "Transfer Learning")
INFO [2022-06-16 14:29:48] 
INFO [2022-06-16 14:29:48] $filename
INFO [2022-06-16 14:29:48] file_name
INFO [2022-06-16 14:29:48] 
INFO [2022-06-16 14:29:48] $output
INFO [2022-06-16 14:29:48] [1] TRUE
INFO [2022-06-16 14:29:48] 
INFO [2022-06-16 14:29:48] $imagetype
INFO [2022-06-16 14:29:48] [1] "png"
INFO [2022-06-16 14:29:48] 
INFO [2022-06-16 14:29:48] $height
INFO [2022-06-16 14:29:48] [1] 1000
INFO [2022-06-16 14:29:48] 
INFO [2022-06-16 14:29:48] $width
INFO [2022-06-16 14:29:48] [1] 1000
INFO [2022-06-16 14:29:48] 
INFO [2022-06-16 14:29:48] $resolution
INFO [2022-06-16 14:29:48] [1] 300
INFO [2022-06-16 14:29:48] 
INFO [2022-06-16 14:29:48] $compression
INFO [2022-06-16 14:29:48] [1] "lzw"
INFO [2022-06-16 14:29:48] 
INFO [2022-06-16 14:29:48] $lwd
INFO [2022-06-16 14:29:48] [1] 2
INFO [2022-06-16 14:29:48] 
INFO [2022-06-16 14:29:48] $lty
INFO [2022-06-16 14:29:48] [1] "blank"
INFO [2022-06-16 14:29:48] 
INFO [2022-06-16 14:29:48] $fill
INFO [2022-06-16 14:29:48] myCol
INFO [2022-06-16 14:29:48] 
INFO [2022-06-16 14:29:48] $cex
INFO [2022-06-16 14:29:48] [1] 0.4
INFO [2022-06-16 14:29:48] 
INFO [2022-06-16 14:29:48] $fontface
INFO [2022-06-16 14:29:48] [1] "bold"
INFO [2022-06-16 14:29:48] 
INFO [2022-06-16 14:29:48] $fontfamily
INFO [2022-06-16 14:29:48] [1] "sans"
INFO [2022-06-16 14:29:48] 
INFO [2022-06-16 14:29:48] $cat.cex
INFO [2022-06-16 14:29:48] [1] 0.3
INFO [2022-06-16 14:29:48] 
INFO [2022-06-16 14:29:48] $cat.fontface
INFO [2022-06-16 14:29:48] [1] "bold"
INFO [2022-06-16 14:29:48] 
INFO [2022-06-16 14:29:48] $cat.default.pos
INFO [2022-06-16 14:29:48] [1] "outer"
INFO [2022-06-16 14:29:48] 
INFO [2022-06-16 14:29:48] $cat.pos
INFO [2022-06-16 14:29:48] c(-27, 27, 135)
INFO [2022-06-16 14:29:48] 
INFO [2022-06-16 14:29:48] $cat.dist
INFO [2022-06-16 14:29:48] c(0.055, 0.055, 0.085)
INFO [2022-06-16 14:29:48] 
INFO [2022-06-16 14:29:48] $cat.fontfamily
INFO [2022-06-16 14:29:48] [1] "sans"
INFO [2022-06-16 14:29:48] 
INFO [2022-06-16 14:29:48] $rotation
INFO [2022-06-16 14:29:48] [1] 1
INFO [2022-06-16 14:29:48] 
