INFO [2022-06-16 13:52:22] $x
INFO [2022-06-16 13:52:22] list(limma_liver_list$up, deseq2_liver_list$up, tfl_liver_list$up)
INFO [2022-06-16 13:52:22] 
INFO [2022-06-16 13:52:22] $category.names
INFO [2022-06-16 13:52:22] c("limma", "DESeq2", "Transfer Learning")
INFO [2022-06-16 13:52:22] 
INFO [2022-06-16 13:52:22] $filename
INFO [2022-06-16 13:52:22] [1] "~/output/liver_cancer/SR_liver_ up_gene_venn_diagramm.png"
INFO [2022-06-16 13:52:22] 
INFO [2022-06-16 13:52:22] $output
INFO [2022-06-16 13:52:22] [1] TRUE
INFO [2022-06-16 13:52:22] 
INFO [2022-06-16 13:52:22] $imagetype
INFO [2022-06-16 13:52:22] [1] "png"
INFO [2022-06-16 13:52:22] 
INFO [2022-06-16 13:52:22] $height
INFO [2022-06-16 13:52:22] [1] 500
INFO [2022-06-16 13:52:22] 
INFO [2022-06-16 13:52:22] $width
INFO [2022-06-16 13:52:22] [1] 500
INFO [2022-06-16 13:52:22] 
INFO [2022-06-16 13:52:22] $resolution
INFO [2022-06-16 13:52:22] [1] 300
INFO [2022-06-16 13:52:22] 
INFO [2022-06-16 13:52:22] $lwd
INFO [2022-06-16 13:52:22] [1] 2
INFO [2022-06-16 13:52:22] 
INFO [2022-06-16 13:52:22] $lty
INFO [2022-06-16 13:52:22] [1] "blank"
INFO [2022-06-16 13:52:22] 
INFO [2022-06-16 13:52:22] $fill
INFO [2022-06-16 13:52:22] myCol
INFO [2022-06-16 13:52:22] 
INFO [2022-06-16 13:52:22] $cex
INFO [2022-06-16 13:52:22] [1] 0.4
INFO [2022-06-16 13:52:22] 
INFO [2022-06-16 13:52:22] $fontface
INFO [2022-06-16 13:52:22] [1] "bold"
INFO [2022-06-16 13:52:22] 
INFO [2022-06-16 13:52:22] $fontfamily
INFO [2022-06-16 13:52:22] [1] "sans"
INFO [2022-06-16 13:52:22] 
INFO [2022-06-16 13:52:22] $cat.cex
INFO [2022-06-16 13:52:22] [1] 0.3
INFO [2022-06-16 13:52:22] 
INFO [2022-06-16 13:52:22] $cat.fontface
INFO [2022-06-16 13:52:22] [1] "bold"
INFO [2022-06-16 13:52:22] 
INFO [2022-06-16 13:52:22] $cat.fontfamily
INFO [2022-06-16 13:52:22] [1] "sans"
INFO [2022-06-16 13:52:22] 
INFO [2022-06-16 13:52:22] $rotation
INFO [2022-06-16 13:52:22] [1] 1
INFO [2022-06-16 13:52:22] 
