INFO [2022-09-20 23:51:11] $x
INFO [2022-09-20 23:51:11] list(limma_list, deseq2_list, tfl_list)
INFO [2022-09-20 23:51:11] 
INFO [2022-09-20 23:51:11] $category.names
INFO [2022-09-20 23:51:11] c("limma", "DESeq2", "Transfer Learning")
INFO [2022-09-20 23:51:11] 
INFO [2022-09-20 23:51:11] $filename
INFO [2022-09-20 23:51:11] file_name
INFO [2022-09-20 23:51:11] 
INFO [2022-09-20 23:51:11] $output
INFO [2022-09-20 23:51:11] [1] TRUE
INFO [2022-09-20 23:51:11] 
INFO [2022-09-20 23:51:11] $imagetype
INFO [2022-09-20 23:51:11] [1] "png"
INFO [2022-09-20 23:51:11] 
INFO [2022-09-20 23:51:11] $height
INFO [2022-09-20 23:51:11] [1] 1000
INFO [2022-09-20 23:51:11] 
INFO [2022-09-20 23:51:11] $width
INFO [2022-09-20 23:51:11] [1] 1000
INFO [2022-09-20 23:51:11] 
INFO [2022-09-20 23:51:11] $resolution
INFO [2022-09-20 23:51:11] [1] 300
INFO [2022-09-20 23:51:11] 
INFO [2022-09-20 23:51:11] $compression
INFO [2022-09-20 23:51:11] [1] "lzw"
INFO [2022-09-20 23:51:11] 
INFO [2022-09-20 23:51:11] $lwd
INFO [2022-09-20 23:51:11] [1] 2
INFO [2022-09-20 23:51:11] 
INFO [2022-09-20 23:51:11] $lty
INFO [2022-09-20 23:51:11] [1] "blank"
INFO [2022-09-20 23:51:11] 
INFO [2022-09-20 23:51:11] $fill
INFO [2022-09-20 23:51:11] myCol
INFO [2022-09-20 23:51:11] 
INFO [2022-09-20 23:51:11] $cex
INFO [2022-09-20 23:51:11] [1] 0.4
INFO [2022-09-20 23:51:11] 
INFO [2022-09-20 23:51:11] $fontface
INFO [2022-09-20 23:51:11] [1] "bold"
INFO [2022-09-20 23:51:11] 
INFO [2022-09-20 23:51:11] $fontfamily
INFO [2022-09-20 23:51:11] [1] "sans"
INFO [2022-09-20 23:51:11] 
INFO [2022-09-20 23:51:11] $cat.cex
INFO [2022-09-20 23:51:11] [1] 0.3
INFO [2022-09-20 23:51:11] 
INFO [2022-09-20 23:51:11] $cat.fontface
INFO [2022-09-20 23:51:11] [1] "bold"
INFO [2022-09-20 23:51:11] 
INFO [2022-09-20 23:51:11] $cat.pos
INFO [2022-09-20 23:51:11] c(-27, 27, 135)
INFO [2022-09-20 23:51:11] 
INFO [2022-09-20 23:51:11] $cat.dist
INFO [2022-09-20 23:51:11] c(0.04, 0.04, 0.04)
INFO [2022-09-20 23:51:11] 
INFO [2022-09-20 23:51:11] $cat.fontfamily
INFO [2022-09-20 23:51:11] [1] "sans"
INFO [2022-09-20 23:51:11] 
INFO [2022-09-20 23:51:11] $rotation
INFO [2022-09-20 23:51:11] [1] 1
INFO [2022-09-20 23:51:11] 
