INFO [2023-01-11 19:11:16] $x
INFO [2023-01-11 19:11:16] list(limma_list, deseq2_list, tfl_list)
INFO [2023-01-11 19:11:16] 
INFO [2023-01-11 19:11:16] $category.names
INFO [2023-01-11 19:11:16] c("limma", "DESeq2", "Transfer Learning")
INFO [2023-01-11 19:11:16] 
INFO [2023-01-11 19:11:16] $filename
INFO [2023-01-11 19:11:16] file_name
INFO [2023-01-11 19:11:16] 
INFO [2023-01-11 19:11:16] $output
INFO [2023-01-11 19:11:16] [1] TRUE
INFO [2023-01-11 19:11:16] 
INFO [2023-01-11 19:11:16] $imagetype
INFO [2023-01-11 19:11:16] [1] "png"
INFO [2023-01-11 19:11:16] 
INFO [2023-01-11 19:11:16] $height
INFO [2023-01-11 19:11:16] [1] 1000
INFO [2023-01-11 19:11:16] 
INFO [2023-01-11 19:11:16] $width
INFO [2023-01-11 19:11:16] [1] 1000
INFO [2023-01-11 19:11:16] 
INFO [2023-01-11 19:11:16] $resolution
INFO [2023-01-11 19:11:16] [1] 300
INFO [2023-01-11 19:11:16] 
INFO [2023-01-11 19:11:16] $compression
INFO [2023-01-11 19:11:16] [1] "lzw"
INFO [2023-01-11 19:11:16] 
INFO [2023-01-11 19:11:16] $lwd
INFO [2023-01-11 19:11:16] [1] 2
INFO [2023-01-11 19:11:16] 
INFO [2023-01-11 19:11:16] $lty
INFO [2023-01-11 19:11:16] [1] "blank"
INFO [2023-01-11 19:11:16] 
INFO [2023-01-11 19:11:16] $fill
INFO [2023-01-11 19:11:16] myCol
INFO [2023-01-11 19:11:16] 
INFO [2023-01-11 19:11:16] $cex
INFO [2023-01-11 19:11:16] [1] 0.4
INFO [2023-01-11 19:11:16] 
INFO [2023-01-11 19:11:16] $fontface
INFO [2023-01-11 19:11:16] [1] "bold"
INFO [2023-01-11 19:11:16] 
INFO [2023-01-11 19:11:16] $fontfamily
INFO [2023-01-11 19:11:16] [1] "sans"
INFO [2023-01-11 19:11:16] 
INFO [2023-01-11 19:11:16] $cat.cex
INFO [2023-01-11 19:11:16] [1] 0.3
INFO [2023-01-11 19:11:16] 
INFO [2023-01-11 19:11:16] $cat.fontface
INFO [2023-01-11 19:11:16] [1] "bold"
INFO [2023-01-11 19:11:16] 
INFO [2023-01-11 19:11:16] $cat.pos
INFO [2023-01-11 19:11:16] c(-27, 27, 135)
INFO [2023-01-11 19:11:16] 
INFO [2023-01-11 19:11:16] $cat.dist
INFO [2023-01-11 19:11:16] c(0.04, 0.04, 0.04)
INFO [2023-01-11 19:11:16] 
INFO [2023-01-11 19:11:16] $cat.fontfamily
INFO [2023-01-11 19:11:16] [1] "sans"
INFO [2023-01-11 19:11:16] 
INFO [2023-01-11 19:11:16] $rotation
INFO [2023-01-11 19:11:16] [1] 1
INFO [2023-01-11 19:11:16] 
