INFO [2022-09-29 19:49:38] $x
INFO [2022-09-29 19:49:38] list(limma_list, deseq2_list, tfl_list)
INFO [2022-09-29 19:49:38] 
INFO [2022-09-29 19:49:38] $category.names
INFO [2022-09-29 19:49:38] c("limma", "DESeq2", "Transfer Learning")
INFO [2022-09-29 19:49:38] 
INFO [2022-09-29 19:49:38] $filename
INFO [2022-09-29 19:49:38] file_name
INFO [2022-09-29 19:49:38] 
INFO [2022-09-29 19:49:38] $output
INFO [2022-09-29 19:49:38] [1] TRUE
INFO [2022-09-29 19:49:38] 
INFO [2022-09-29 19:49:38] $imagetype
INFO [2022-09-29 19:49:38] [1] "png"
INFO [2022-09-29 19:49:38] 
INFO [2022-09-29 19:49:38] $height
INFO [2022-09-29 19:49:38] [1] 1000
INFO [2022-09-29 19:49:38] 
INFO [2022-09-29 19:49:38] $width
INFO [2022-09-29 19:49:38] [1] 1000
INFO [2022-09-29 19:49:38] 
INFO [2022-09-29 19:49:38] $resolution
INFO [2022-09-29 19:49:38] [1] 300
INFO [2022-09-29 19:49:38] 
INFO [2022-09-29 19:49:38] $compression
INFO [2022-09-29 19:49:38] [1] "lzw"
INFO [2022-09-29 19:49:38] 
INFO [2022-09-29 19:49:38] $lwd
INFO [2022-09-29 19:49:38] [1] 2
INFO [2022-09-29 19:49:38] 
INFO [2022-09-29 19:49:38] $lty
INFO [2022-09-29 19:49:38] [1] "blank"
INFO [2022-09-29 19:49:38] 
INFO [2022-09-29 19:49:38] $fill
INFO [2022-09-29 19:49:38] myCol
INFO [2022-09-29 19:49:38] 
INFO [2022-09-29 19:49:38] $cex
INFO [2022-09-29 19:49:38] [1] 0.4
INFO [2022-09-29 19:49:38] 
INFO [2022-09-29 19:49:38] $fontface
INFO [2022-09-29 19:49:38] [1] "bold"
INFO [2022-09-29 19:49:38] 
INFO [2022-09-29 19:49:38] $fontfamily
INFO [2022-09-29 19:49:38] [1] "sans"
INFO [2022-09-29 19:49:38] 
INFO [2022-09-29 19:49:38] $cat.cex
INFO [2022-09-29 19:49:38] [1] 0.3
INFO [2022-09-29 19:49:38] 
INFO [2022-09-29 19:49:38] $cat.fontface
INFO [2022-09-29 19:49:38] [1] "bold"
INFO [2022-09-29 19:49:38] 
INFO [2022-09-29 19:49:38] $cat.pos
INFO [2022-09-29 19:49:38] c(-27, 27, 135)
INFO [2022-09-29 19:49:38] 
INFO [2022-09-29 19:49:38] $cat.dist
INFO [2022-09-29 19:49:38] c(0.04, 0.04, 0.04)
INFO [2022-09-29 19:49:38] 
INFO [2022-09-29 19:49:38] $cat.fontfamily
INFO [2022-09-29 19:49:38] [1] "sans"
INFO [2022-09-29 19:49:38] 
INFO [2022-09-29 19:49:38] $rotation
INFO [2022-09-29 19:49:38] [1] 1
INFO [2022-09-29 19:49:38] 
