INFO [2022-09-21 00:00:28] $x
INFO [2022-09-21 00:00:28] list(limma_list, deseq2_list, tfl_list)
INFO [2022-09-21 00:00:28] 
INFO [2022-09-21 00:00:28] $category.names
INFO [2022-09-21 00:00:28] c("limma", "DESeq2", "Transfer Learning")
INFO [2022-09-21 00:00:28] 
INFO [2022-09-21 00:00:28] $filename
INFO [2022-09-21 00:00:28] file_name
INFO [2022-09-21 00:00:28] 
INFO [2022-09-21 00:00:28] $output
INFO [2022-09-21 00:00:28] [1] TRUE
INFO [2022-09-21 00:00:28] 
INFO [2022-09-21 00:00:28] $imagetype
INFO [2022-09-21 00:00:28] [1] "png"
INFO [2022-09-21 00:00:28] 
INFO [2022-09-21 00:00:28] $height
INFO [2022-09-21 00:00:28] [1] 1000
INFO [2022-09-21 00:00:28] 
INFO [2022-09-21 00:00:28] $width
INFO [2022-09-21 00:00:28] [1] 1000
INFO [2022-09-21 00:00:28] 
INFO [2022-09-21 00:00:28] $resolution
INFO [2022-09-21 00:00:28] [1] 300
INFO [2022-09-21 00:00:28] 
INFO [2022-09-21 00:00:28] $compression
INFO [2022-09-21 00:00:28] [1] "lzw"
INFO [2022-09-21 00:00:28] 
INFO [2022-09-21 00:00:28] $lwd
INFO [2022-09-21 00:00:28] [1] 2
INFO [2022-09-21 00:00:28] 
INFO [2022-09-21 00:00:28] $lty
INFO [2022-09-21 00:00:28] [1] "blank"
INFO [2022-09-21 00:00:28] 
INFO [2022-09-21 00:00:28] $fill
INFO [2022-09-21 00:00:28] myCol
INFO [2022-09-21 00:00:28] 
INFO [2022-09-21 00:00:28] $cex
INFO [2022-09-21 00:00:28] [1] 0.4
INFO [2022-09-21 00:00:28] 
INFO [2022-09-21 00:00:28] $fontface
INFO [2022-09-21 00:00:28] [1] "bold"
INFO [2022-09-21 00:00:28] 
INFO [2022-09-21 00:00:28] $fontfamily
INFO [2022-09-21 00:00:28] [1] "sans"
INFO [2022-09-21 00:00:28] 
INFO [2022-09-21 00:00:28] $cat.cex
INFO [2022-09-21 00:00:28] [1] 0.3
INFO [2022-09-21 00:00:28] 
INFO [2022-09-21 00:00:28] $cat.fontface
INFO [2022-09-21 00:00:28] [1] "bold"
INFO [2022-09-21 00:00:28] 
INFO [2022-09-21 00:00:28] $cat.pos
INFO [2022-09-21 00:00:28] c(-27, 27, 135)
INFO [2022-09-21 00:00:28] 
INFO [2022-09-21 00:00:28] $cat.dist
INFO [2022-09-21 00:00:28] c(0.04, 0.04, 0.04)
INFO [2022-09-21 00:00:28] 
INFO [2022-09-21 00:00:28] $cat.fontfamily
INFO [2022-09-21 00:00:28] [1] "sans"
INFO [2022-09-21 00:00:28] 
INFO [2022-09-21 00:00:28] $rotation
INFO [2022-09-21 00:00:28] [1] 1
INFO [2022-09-21 00:00:28] 
