INFO [2023-01-11 19:12:18] $x
INFO [2023-01-11 19:12:18] list(limma_list, deseq2_list, tfl_list)
INFO [2023-01-11 19:12:18] 
INFO [2023-01-11 19:12:18] $category.names
INFO [2023-01-11 19:12:18] c("limma", "DESeq2", "Transfer Learning")
INFO [2023-01-11 19:12:18] 
INFO [2023-01-11 19:12:18] $filename
INFO [2023-01-11 19:12:18] file_name
INFO [2023-01-11 19:12:18] 
INFO [2023-01-11 19:12:18] $output
INFO [2023-01-11 19:12:18] [1] TRUE
INFO [2023-01-11 19:12:18] 
INFO [2023-01-11 19:12:18] $imagetype
INFO [2023-01-11 19:12:18] [1] "png"
INFO [2023-01-11 19:12:18] 
INFO [2023-01-11 19:12:18] $height
INFO [2023-01-11 19:12:18] [1] 1000
INFO [2023-01-11 19:12:18] 
INFO [2023-01-11 19:12:18] $width
INFO [2023-01-11 19:12:18] [1] 1000
INFO [2023-01-11 19:12:18] 
INFO [2023-01-11 19:12:18] $resolution
INFO [2023-01-11 19:12:18] [1] 300
INFO [2023-01-11 19:12:18] 
INFO [2023-01-11 19:12:18] $compression
INFO [2023-01-11 19:12:18] [1] "lzw"
INFO [2023-01-11 19:12:18] 
INFO [2023-01-11 19:12:18] $lwd
INFO [2023-01-11 19:12:18] [1] 2
INFO [2023-01-11 19:12:18] 
INFO [2023-01-11 19:12:18] $lty
INFO [2023-01-11 19:12:18] [1] "blank"
INFO [2023-01-11 19:12:18] 
INFO [2023-01-11 19:12:18] $fill
INFO [2023-01-11 19:12:18] myCol
INFO [2023-01-11 19:12:18] 
INFO [2023-01-11 19:12:18] $cex
INFO [2023-01-11 19:12:18] [1] 0.4
INFO [2023-01-11 19:12:18] 
INFO [2023-01-11 19:12:18] $fontface
INFO [2023-01-11 19:12:18] [1] "bold"
INFO [2023-01-11 19:12:18] 
INFO [2023-01-11 19:12:18] $fontfamily
INFO [2023-01-11 19:12:18] [1] "sans"
INFO [2023-01-11 19:12:18] 
INFO [2023-01-11 19:12:18] $cat.cex
INFO [2023-01-11 19:12:18] [1] 0.3
INFO [2023-01-11 19:12:18] 
INFO [2023-01-11 19:12:18] $cat.fontface
INFO [2023-01-11 19:12:18] [1] "bold"
INFO [2023-01-11 19:12:18] 
INFO [2023-01-11 19:12:18] $cat.pos
INFO [2023-01-11 19:12:18] c(-27, 27, 135)
INFO [2023-01-11 19:12:18] 
INFO [2023-01-11 19:12:18] $cat.dist
INFO [2023-01-11 19:12:18] c(0.04, 0.04, 0.04)
INFO [2023-01-11 19:12:18] 
INFO [2023-01-11 19:12:18] $cat.fontfamily
INFO [2023-01-11 19:12:18] [1] "sans"
INFO [2023-01-11 19:12:18] 
INFO [2023-01-11 19:12:18] $rotation
INFO [2023-01-11 19:12:18] [1] 1
INFO [2023-01-11 19:12:18] 
