INFO [2023-01-11 19:11:15] $x
INFO [2023-01-11 19:11:15] list(limma_list, deseq2_list, tfl_list)
INFO [2023-01-11 19:11:15] 
INFO [2023-01-11 19:11:15] $category.names
INFO [2023-01-11 19:11:15] c("limma", "DESeq2", "Transfer Learning")
INFO [2023-01-11 19:11:15] 
INFO [2023-01-11 19:11:15] $filename
INFO [2023-01-11 19:11:15] file_name
INFO [2023-01-11 19:11:15] 
INFO [2023-01-11 19:11:15] $output
INFO [2023-01-11 19:11:15] [1] TRUE
INFO [2023-01-11 19:11:15] 
INFO [2023-01-11 19:11:15] $imagetype
INFO [2023-01-11 19:11:15] [1] "png"
INFO [2023-01-11 19:11:15] 
INFO [2023-01-11 19:11:15] $height
INFO [2023-01-11 19:11:15] [1] 1000
INFO [2023-01-11 19:11:15] 
INFO [2023-01-11 19:11:15] $width
INFO [2023-01-11 19:11:15] [1] 1000
INFO [2023-01-11 19:11:15] 
INFO [2023-01-11 19:11:15] $resolution
INFO [2023-01-11 19:11:15] [1] 300
INFO [2023-01-11 19:11:15] 
INFO [2023-01-11 19:11:15] $compression
INFO [2023-01-11 19:11:15] [1] "lzw"
INFO [2023-01-11 19:11:15] 
INFO [2023-01-11 19:11:15] $lwd
INFO [2023-01-11 19:11:15] [1] 2
INFO [2023-01-11 19:11:15] 
INFO [2023-01-11 19:11:15] $lty
INFO [2023-01-11 19:11:15] [1] "blank"
INFO [2023-01-11 19:11:15] 
INFO [2023-01-11 19:11:15] $fill
INFO [2023-01-11 19:11:15] myCol
INFO [2023-01-11 19:11:15] 
INFO [2023-01-11 19:11:15] $cex
INFO [2023-01-11 19:11:15] [1] 0.4
INFO [2023-01-11 19:11:15] 
INFO [2023-01-11 19:11:15] $fontface
INFO [2023-01-11 19:11:15] [1] "bold"
INFO [2023-01-11 19:11:15] 
INFO [2023-01-11 19:11:15] $fontfamily
INFO [2023-01-11 19:11:15] [1] "sans"
INFO [2023-01-11 19:11:15] 
INFO [2023-01-11 19:11:15] $cat.cex
INFO [2023-01-11 19:11:15] [1] 0.3
INFO [2023-01-11 19:11:15] 
INFO [2023-01-11 19:11:15] $cat.fontface
INFO [2023-01-11 19:11:15] [1] "bold"
INFO [2023-01-11 19:11:15] 
INFO [2023-01-11 19:11:15] $cat.pos
INFO [2023-01-11 19:11:15] c(-27, 27, 135)
INFO [2023-01-11 19:11:15] 
INFO [2023-01-11 19:11:15] $cat.dist
INFO [2023-01-11 19:11:15] c(0.04, 0.04, 0.04)
INFO [2023-01-11 19:11:15] 
INFO [2023-01-11 19:11:15] $cat.fontfamily
INFO [2023-01-11 19:11:15] [1] "sans"
INFO [2023-01-11 19:11:15] 
INFO [2023-01-11 19:11:15] $rotation
INFO [2023-01-11 19:11:15] [1] 1
INFO [2023-01-11 19:11:15] 
