INFO [2022-06-30 14:32:46] $x
INFO [2022-06-30 14:32:46] list(limma_list, deseq2_list, tfl_list)
INFO [2022-06-30 14:32:46] 
INFO [2022-06-30 14:32:46] $category.names
INFO [2022-06-30 14:32:46] c("limma", "DESeq2", "Transfer Learning")
INFO [2022-06-30 14:32:46] 
INFO [2022-06-30 14:32:46] $filename
INFO [2022-06-30 14:32:46] file_name
INFO [2022-06-30 14:32:46] 
INFO [2022-06-30 14:32:46] $output
INFO [2022-06-30 14:32:46] [1] TRUE
INFO [2022-06-30 14:32:46] 
INFO [2022-06-30 14:32:46] $imagetype
INFO [2022-06-30 14:32:46] [1] "png"
INFO [2022-06-30 14:32:46] 
INFO [2022-06-30 14:32:46] $height
INFO [2022-06-30 14:32:46] [1] 1000
INFO [2022-06-30 14:32:46] 
INFO [2022-06-30 14:32:46] $width
INFO [2022-06-30 14:32:46] [1] 1000
INFO [2022-06-30 14:32:46] 
INFO [2022-06-30 14:32:46] $resolution
INFO [2022-06-30 14:32:46] [1] 300
INFO [2022-06-30 14:32:46] 
INFO [2022-06-30 14:32:46] $compression
INFO [2022-06-30 14:32:46] [1] "lzw"
INFO [2022-06-30 14:32:46] 
INFO [2022-06-30 14:32:46] $lwd
INFO [2022-06-30 14:32:46] [1] 2
INFO [2022-06-30 14:32:46] 
INFO [2022-06-30 14:32:46] $lty
INFO [2022-06-30 14:32:46] [1] "blank"
INFO [2022-06-30 14:32:46] 
INFO [2022-06-30 14:32:46] $fill
INFO [2022-06-30 14:32:46] myCol
INFO [2022-06-30 14:32:46] 
INFO [2022-06-30 14:32:46] $cex
INFO [2022-06-30 14:32:46] [1] 0.4
INFO [2022-06-30 14:32:46] 
INFO [2022-06-30 14:32:46] $fontface
INFO [2022-06-30 14:32:46] [1] "bold"
INFO [2022-06-30 14:32:46] 
INFO [2022-06-30 14:32:46] $fontfamily
INFO [2022-06-30 14:32:46] [1] "sans"
INFO [2022-06-30 14:32:46] 
INFO [2022-06-30 14:32:46] $cat.cex
INFO [2022-06-30 14:32:46] [1] 0.3
INFO [2022-06-30 14:32:46] 
INFO [2022-06-30 14:32:46] $cat.fontface
INFO [2022-06-30 14:32:46] [1] "bold"
INFO [2022-06-30 14:32:46] 
INFO [2022-06-30 14:32:46] $cat.pos
INFO [2022-06-30 14:32:46] c(-27, 27, 135)
INFO [2022-06-30 14:32:46] 
INFO [2022-06-30 14:32:46] $cat.dist
INFO [2022-06-30 14:32:46] c(0.04, 0.04, 0.04)
INFO [2022-06-30 14:32:46] 
INFO [2022-06-30 14:32:46] $cat.fontfamily
INFO [2022-06-30 14:32:46] [1] "sans"
INFO [2022-06-30 14:32:46] 
INFO [2022-06-30 14:32:46] $rotation
INFO [2022-06-30 14:32:46] [1] 1
INFO [2022-06-30 14:32:46] 
