INFO [2022-06-27 17:45:39] $x
INFO [2022-06-27 17:45:39] list(limma_list, deseq2_list, tfl_list)
INFO [2022-06-27 17:45:39] 
INFO [2022-06-27 17:45:39] $category.names
INFO [2022-06-27 17:45:39] c("limma", "DESeq2", "Transfer Learning")
INFO [2022-06-27 17:45:39] 
INFO [2022-06-27 17:45:39] $filename
INFO [2022-06-27 17:45:39] file_name
INFO [2022-06-27 17:45:39] 
INFO [2022-06-27 17:45:39] $output
INFO [2022-06-27 17:45:39] [1] TRUE
INFO [2022-06-27 17:45:39] 
INFO [2022-06-27 17:45:39] $imagetype
INFO [2022-06-27 17:45:39] [1] "png"
INFO [2022-06-27 17:45:39] 
INFO [2022-06-27 17:45:39] $height
INFO [2022-06-27 17:45:39] [1] 1000
INFO [2022-06-27 17:45:39] 
INFO [2022-06-27 17:45:39] $width
INFO [2022-06-27 17:45:39] [1] 1000
INFO [2022-06-27 17:45:39] 
INFO [2022-06-27 17:45:39] $resolution
INFO [2022-06-27 17:45:39] [1] 300
INFO [2022-06-27 17:45:39] 
INFO [2022-06-27 17:45:39] $compression
INFO [2022-06-27 17:45:39] [1] "lzw"
INFO [2022-06-27 17:45:39] 
INFO [2022-06-27 17:45:39] $lwd
INFO [2022-06-27 17:45:39] [1] 2
INFO [2022-06-27 17:45:39] 
INFO [2022-06-27 17:45:39] $lty
INFO [2022-06-27 17:45:39] [1] "blank"
INFO [2022-06-27 17:45:39] 
INFO [2022-06-27 17:45:39] $fill
INFO [2022-06-27 17:45:39] myCol
INFO [2022-06-27 17:45:39] 
INFO [2022-06-27 17:45:39] $cex
INFO [2022-06-27 17:45:39] [1] 0.4
INFO [2022-06-27 17:45:39] 
INFO [2022-06-27 17:45:39] $fontface
INFO [2022-06-27 17:45:39] [1] "bold"
INFO [2022-06-27 17:45:39] 
INFO [2022-06-27 17:45:39] $fontfamily
INFO [2022-06-27 17:45:39] [1] "sans"
INFO [2022-06-27 17:45:39] 
INFO [2022-06-27 17:45:39] $cat.cex
INFO [2022-06-27 17:45:39] [1] 0.3
INFO [2022-06-27 17:45:39] 
INFO [2022-06-27 17:45:39] $cat.fontface
INFO [2022-06-27 17:45:39] [1] "bold"
INFO [2022-06-27 17:45:39] 
INFO [2022-06-27 17:45:39] $cat.pos
INFO [2022-06-27 17:45:39] c(-27, 27, 135)
INFO [2022-06-27 17:45:39] 
INFO [2022-06-27 17:45:39] $cat.dist
INFO [2022-06-27 17:45:39] c(0.04, 0.04, 0.04)
INFO [2022-06-27 17:45:39] 
INFO [2022-06-27 17:45:39] $cat.fontfamily
INFO [2022-06-27 17:45:39] [1] "sans"
INFO [2022-06-27 17:45:39] 
INFO [2022-06-27 17:45:39] $rotation
INFO [2022-06-27 17:45:39] [1] 1
INFO [2022-06-27 17:45:39] 
