INFO [2023-01-11 20:16:17] $x
INFO [2023-01-11 20:16:17] list(limma_list, deseq2_list, tfl_list)
INFO [2023-01-11 20:16:17] 
INFO [2023-01-11 20:16:17] $category.names
INFO [2023-01-11 20:16:17] c("limma", "DESeq2", "Transfer Learning")
INFO [2023-01-11 20:16:17] 
INFO [2023-01-11 20:16:17] $filename
INFO [2023-01-11 20:16:17] file_name
INFO [2023-01-11 20:16:17] 
INFO [2023-01-11 20:16:17] $output
INFO [2023-01-11 20:16:17] [1] TRUE
INFO [2023-01-11 20:16:17] 
INFO [2023-01-11 20:16:17] $imagetype
INFO [2023-01-11 20:16:17] [1] "png"
INFO [2023-01-11 20:16:17] 
INFO [2023-01-11 20:16:17] $height
INFO [2023-01-11 20:16:17] [1] 1000
INFO [2023-01-11 20:16:17] 
INFO [2023-01-11 20:16:17] $width
INFO [2023-01-11 20:16:17] [1] 1000
INFO [2023-01-11 20:16:17] 
INFO [2023-01-11 20:16:17] $resolution
INFO [2023-01-11 20:16:17] [1] 300
INFO [2023-01-11 20:16:17] 
INFO [2023-01-11 20:16:17] $compression
INFO [2023-01-11 20:16:17] [1] "lzw"
INFO [2023-01-11 20:16:17] 
INFO [2023-01-11 20:16:17] $lwd
INFO [2023-01-11 20:16:17] [1] 2
INFO [2023-01-11 20:16:17] 
INFO [2023-01-11 20:16:17] $lty
INFO [2023-01-11 20:16:17] [1] "blank"
INFO [2023-01-11 20:16:17] 
INFO [2023-01-11 20:16:17] $fill
INFO [2023-01-11 20:16:17] myCol
INFO [2023-01-11 20:16:17] 
INFO [2023-01-11 20:16:17] $cex
INFO [2023-01-11 20:16:17] [1] 0.4
INFO [2023-01-11 20:16:17] 
INFO [2023-01-11 20:16:17] $fontface
INFO [2023-01-11 20:16:17] [1] "bold"
INFO [2023-01-11 20:16:17] 
INFO [2023-01-11 20:16:17] $fontfamily
INFO [2023-01-11 20:16:17] [1] "sans"
INFO [2023-01-11 20:16:17] 
INFO [2023-01-11 20:16:17] $cat.cex
INFO [2023-01-11 20:16:17] [1] 0.3
INFO [2023-01-11 20:16:17] 
INFO [2023-01-11 20:16:17] $cat.fontface
INFO [2023-01-11 20:16:17] [1] "bold"
INFO [2023-01-11 20:16:17] 
INFO [2023-01-11 20:16:17] $cat.pos
INFO [2023-01-11 20:16:17] c(-27, 27, 135)
INFO [2023-01-11 20:16:17] 
INFO [2023-01-11 20:16:17] $cat.dist
INFO [2023-01-11 20:16:17] c(0.04, 0.04, 0.04)
INFO [2023-01-11 20:16:17] 
INFO [2023-01-11 20:16:17] $cat.fontfamily
INFO [2023-01-11 20:16:17] [1] "sans"
INFO [2023-01-11 20:16:17] 
INFO [2023-01-11 20:16:17] $rotation
INFO [2023-01-11 20:16:17] [1] 1
INFO [2023-01-11 20:16:17] 
