INFO [2022-12-07 21:35:03] $x
INFO [2022-12-07 21:35:03] list(limma_list, deseq2_list, tfl_list)
INFO [2022-12-07 21:35:03] 
INFO [2022-12-07 21:35:03] $category.names
INFO [2022-12-07 21:35:03] c("limma", "DESeq2", "Transfer Learning")
INFO [2022-12-07 21:35:03] 
INFO [2022-12-07 21:35:03] $filename
INFO [2022-12-07 21:35:03] file_name
INFO [2022-12-07 21:35:03] 
INFO [2022-12-07 21:35:03] $output
INFO [2022-12-07 21:35:03] [1] TRUE
INFO [2022-12-07 21:35:03] 
INFO [2022-12-07 21:35:03] $imagetype
INFO [2022-12-07 21:35:03] [1] "png"
INFO [2022-12-07 21:35:03] 
INFO [2022-12-07 21:35:03] $height
INFO [2022-12-07 21:35:03] [1] 1000
INFO [2022-12-07 21:35:03] 
INFO [2022-12-07 21:35:03] $width
INFO [2022-12-07 21:35:03] [1] 1000
INFO [2022-12-07 21:35:03] 
INFO [2022-12-07 21:35:03] $resolution
INFO [2022-12-07 21:35:03] [1] 300
INFO [2022-12-07 21:35:03] 
INFO [2022-12-07 21:35:03] $compression
INFO [2022-12-07 21:35:03] [1] "lzw"
INFO [2022-12-07 21:35:03] 
INFO [2022-12-07 21:35:03] $lwd
INFO [2022-12-07 21:35:03] [1] 2
INFO [2022-12-07 21:35:03] 
INFO [2022-12-07 21:35:03] $lty
INFO [2022-12-07 21:35:03] [1] "blank"
INFO [2022-12-07 21:35:03] 
INFO [2022-12-07 21:35:03] $fill
INFO [2022-12-07 21:35:03] myCol
INFO [2022-12-07 21:35:03] 
INFO [2022-12-07 21:35:03] $cex
INFO [2022-12-07 21:35:03] [1] 0.4
INFO [2022-12-07 21:35:03] 
INFO [2022-12-07 21:35:03] $fontface
INFO [2022-12-07 21:35:03] [1] "bold"
INFO [2022-12-07 21:35:03] 
INFO [2022-12-07 21:35:03] $fontfamily
INFO [2022-12-07 21:35:03] [1] "sans"
INFO [2022-12-07 21:35:03] 
INFO [2022-12-07 21:35:03] $cat.cex
INFO [2022-12-07 21:35:03] [1] 0.3
INFO [2022-12-07 21:35:03] 
INFO [2022-12-07 21:35:03] $cat.fontface
INFO [2022-12-07 21:35:03] [1] "bold"
INFO [2022-12-07 21:35:03] 
INFO [2022-12-07 21:35:03] $cat.pos
INFO [2022-12-07 21:35:03] c(-27, 27, 135)
INFO [2022-12-07 21:35:03] 
INFO [2022-12-07 21:35:03] $cat.dist
INFO [2022-12-07 21:35:03] c(0.04, 0.04, 0.04)
INFO [2022-12-07 21:35:03] 
INFO [2022-12-07 21:35:03] $cat.fontfamily
INFO [2022-12-07 21:35:03] [1] "sans"
INFO [2022-12-07 21:35:03] 
INFO [2022-12-07 21:35:03] $rotation
INFO [2022-12-07 21:35:03] [1] 1
INFO [2022-12-07 21:35:03] 
