INFO [2022-11-29 21:46:49] $x
INFO [2022-11-29 21:46:49] list(limma_list, deseq2_list, tfl_list)
INFO [2022-11-29 21:46:49] 
INFO [2022-11-29 21:46:49] $category.names
INFO [2022-11-29 21:46:49] c("limma", "DESeq2", "Transfer Learning")
INFO [2022-11-29 21:46:49] 
INFO [2022-11-29 21:46:49] $filename
INFO [2022-11-29 21:46:49] file_name
INFO [2022-11-29 21:46:49] 
INFO [2022-11-29 21:46:49] $output
INFO [2022-11-29 21:46:49] [1] TRUE
INFO [2022-11-29 21:46:49] 
INFO [2022-11-29 21:46:49] $imagetype
INFO [2022-11-29 21:46:49] [1] "png"
INFO [2022-11-29 21:46:49] 
INFO [2022-11-29 21:46:49] $height
INFO [2022-11-29 21:46:49] [1] 1000
INFO [2022-11-29 21:46:49] 
INFO [2022-11-29 21:46:49] $width
INFO [2022-11-29 21:46:49] [1] 1000
INFO [2022-11-29 21:46:49] 
INFO [2022-11-29 21:46:49] $resolution
INFO [2022-11-29 21:46:49] [1] 300
INFO [2022-11-29 21:46:49] 
INFO [2022-11-29 21:46:49] $compression
INFO [2022-11-29 21:46:49] [1] "lzw"
INFO [2022-11-29 21:46:49] 
INFO [2022-11-29 21:46:49] $lwd
INFO [2022-11-29 21:46:49] [1] 2
INFO [2022-11-29 21:46:49] 
INFO [2022-11-29 21:46:49] $lty
INFO [2022-11-29 21:46:49] [1] "blank"
INFO [2022-11-29 21:46:49] 
INFO [2022-11-29 21:46:49] $fill
INFO [2022-11-29 21:46:49] myCol
INFO [2022-11-29 21:46:49] 
INFO [2022-11-29 21:46:49] $cex
INFO [2022-11-29 21:46:49] [1] 0.4
INFO [2022-11-29 21:46:49] 
INFO [2022-11-29 21:46:49] $fontface
INFO [2022-11-29 21:46:49] [1] "bold"
INFO [2022-11-29 21:46:49] 
INFO [2022-11-29 21:46:49] $fontfamily
INFO [2022-11-29 21:46:49] [1] "sans"
INFO [2022-11-29 21:46:49] 
INFO [2022-11-29 21:46:49] $cat.cex
INFO [2022-11-29 21:46:49] [1] 0.3
INFO [2022-11-29 21:46:49] 
INFO [2022-11-29 21:46:49] $cat.fontface
INFO [2022-11-29 21:46:49] [1] "bold"
INFO [2022-11-29 21:46:49] 
INFO [2022-11-29 21:46:49] $cat.pos
INFO [2022-11-29 21:46:49] c(-27, 27, 135)
INFO [2022-11-29 21:46:49] 
INFO [2022-11-29 21:46:49] $cat.dist
INFO [2022-11-29 21:46:49] c(0.04, 0.04, 0.04)
INFO [2022-11-29 21:46:49] 
INFO [2022-11-29 21:46:49] $cat.fontfamily
INFO [2022-11-29 21:46:49] [1] "sans"
INFO [2022-11-29 21:46:49] 
INFO [2022-11-29 21:46:49] $rotation
INFO [2022-11-29 21:46:49] [1] 1
INFO [2022-11-29 21:46:49] 
