INFO [2022-11-29 21:47:20] $x
INFO [2022-11-29 21:47:20] list(limma_list, deseq2_list, tfl_list)
INFO [2022-11-29 21:47:20] 
INFO [2022-11-29 21:47:20] $category.names
INFO [2022-11-29 21:47:20] c("limma", "DESeq2", "Transfer Learning")
INFO [2022-11-29 21:47:20] 
INFO [2022-11-29 21:47:20] $filename
INFO [2022-11-29 21:47:20] file_name
INFO [2022-11-29 21:47:20] 
INFO [2022-11-29 21:47:20] $output
INFO [2022-11-29 21:47:20] [1] TRUE
INFO [2022-11-29 21:47:20] 
INFO [2022-11-29 21:47:20] $imagetype
INFO [2022-11-29 21:47:20] [1] "png"
INFO [2022-11-29 21:47:20] 
INFO [2022-11-29 21:47:20] $height
INFO [2022-11-29 21:47:20] [1] 1000
INFO [2022-11-29 21:47:20] 
INFO [2022-11-29 21:47:20] $width
INFO [2022-11-29 21:47:20] [1] 1000
INFO [2022-11-29 21:47:20] 
INFO [2022-11-29 21:47:20] $resolution
INFO [2022-11-29 21:47:20] [1] 300
INFO [2022-11-29 21:47:20] 
INFO [2022-11-29 21:47:20] $compression
INFO [2022-11-29 21:47:20] [1] "lzw"
INFO [2022-11-29 21:47:20] 
INFO [2022-11-29 21:47:20] $lwd
INFO [2022-11-29 21:47:20] [1] 2
INFO [2022-11-29 21:47:20] 
INFO [2022-11-29 21:47:20] $lty
INFO [2022-11-29 21:47:20] [1] "blank"
INFO [2022-11-29 21:47:20] 
INFO [2022-11-29 21:47:20] $fill
INFO [2022-11-29 21:47:20] myCol
INFO [2022-11-29 21:47:20] 
INFO [2022-11-29 21:47:20] $cex
INFO [2022-11-29 21:47:20] [1] 0.4
INFO [2022-11-29 21:47:20] 
INFO [2022-11-29 21:47:20] $fontface
INFO [2022-11-29 21:47:20] [1] "bold"
INFO [2022-11-29 21:47:20] 
INFO [2022-11-29 21:47:20] $fontfamily
INFO [2022-11-29 21:47:20] [1] "sans"
INFO [2022-11-29 21:47:20] 
INFO [2022-11-29 21:47:20] $cat.cex
INFO [2022-11-29 21:47:20] [1] 0.3
INFO [2022-11-29 21:47:20] 
INFO [2022-11-29 21:47:20] $cat.fontface
INFO [2022-11-29 21:47:20] [1] "bold"
INFO [2022-11-29 21:47:20] 
INFO [2022-11-29 21:47:20] $cat.pos
INFO [2022-11-29 21:47:20] c(-27, 27, 135)
INFO [2022-11-29 21:47:20] 
INFO [2022-11-29 21:47:20] $cat.dist
INFO [2022-11-29 21:47:20] c(0.04, 0.04, 0.04)
INFO [2022-11-29 21:47:20] 
INFO [2022-11-29 21:47:20] $cat.fontfamily
INFO [2022-11-29 21:47:20] [1] "sans"
INFO [2022-11-29 21:47:20] 
INFO [2022-11-29 21:47:20] $rotation
INFO [2022-11-29 21:47:20] [1] 1
INFO [2022-11-29 21:47:20] 
