INFO [2023-01-11 20:53:40] $x
INFO [2023-01-11 20:53:40] list(limma_list, deseq2_list, tfl_list)
INFO [2023-01-11 20:53:40] 
INFO [2023-01-11 20:53:40] $category.names
INFO [2023-01-11 20:53:40] c("limma", "DESeq2", "Transfer Learning")
INFO [2023-01-11 20:53:40] 
INFO [2023-01-11 20:53:40] $filename
INFO [2023-01-11 20:53:40] file_name
INFO [2023-01-11 20:53:40] 
INFO [2023-01-11 20:53:40] $output
INFO [2023-01-11 20:53:40] [1] TRUE
INFO [2023-01-11 20:53:40] 
INFO [2023-01-11 20:53:40] $imagetype
INFO [2023-01-11 20:53:40] [1] "png"
INFO [2023-01-11 20:53:40] 
INFO [2023-01-11 20:53:40] $height
INFO [2023-01-11 20:53:40] [1] 1000
INFO [2023-01-11 20:53:40] 
INFO [2023-01-11 20:53:40] $width
INFO [2023-01-11 20:53:40] [1] 1000
INFO [2023-01-11 20:53:40] 
INFO [2023-01-11 20:53:40] $resolution
INFO [2023-01-11 20:53:40] [1] 300
INFO [2023-01-11 20:53:40] 
INFO [2023-01-11 20:53:40] $compression
INFO [2023-01-11 20:53:40] [1] "lzw"
INFO [2023-01-11 20:53:40] 
INFO [2023-01-11 20:53:40] $lwd
INFO [2023-01-11 20:53:40] [1] 2
INFO [2023-01-11 20:53:40] 
INFO [2023-01-11 20:53:40] $lty
INFO [2023-01-11 20:53:40] [1] "blank"
INFO [2023-01-11 20:53:40] 
INFO [2023-01-11 20:53:40] $fill
INFO [2023-01-11 20:53:40] myCol
INFO [2023-01-11 20:53:40] 
INFO [2023-01-11 20:53:40] $cex
INFO [2023-01-11 20:53:40] [1] 0.4
INFO [2023-01-11 20:53:40] 
INFO [2023-01-11 20:53:40] $fontface
INFO [2023-01-11 20:53:40] [1] "bold"
INFO [2023-01-11 20:53:40] 
INFO [2023-01-11 20:53:40] $fontfamily
INFO [2023-01-11 20:53:40] [1] "sans"
INFO [2023-01-11 20:53:40] 
INFO [2023-01-11 20:53:40] $cat.cex
INFO [2023-01-11 20:53:40] [1] 0.3
INFO [2023-01-11 20:53:40] 
INFO [2023-01-11 20:53:40] $cat.fontface
INFO [2023-01-11 20:53:40] [1] "bold"
INFO [2023-01-11 20:53:40] 
INFO [2023-01-11 20:53:40] $cat.pos
INFO [2023-01-11 20:53:40] c(-27, 27, 135)
INFO [2023-01-11 20:53:40] 
INFO [2023-01-11 20:53:40] $cat.dist
INFO [2023-01-11 20:53:40] c(0.04, 0.04, 0.04)
INFO [2023-01-11 20:53:40] 
INFO [2023-01-11 20:53:40] $cat.fontfamily
INFO [2023-01-11 20:53:40] [1] "sans"
INFO [2023-01-11 20:53:40] 
INFO [2023-01-11 20:53:40] $rotation
INFO [2023-01-11 20:53:40] [1] 1
INFO [2023-01-11 20:53:40] 
