INFO [2022-06-28 13:24:55] $x
INFO [2022-06-28 13:24:55] list(limma_list, deseq2_list, tfl_list)
INFO [2022-06-28 13:24:55] 
INFO [2022-06-28 13:24:55] $category.names
INFO [2022-06-28 13:24:55] c("limma", "DESeq2", "Transfer Learning")
INFO [2022-06-28 13:24:55] 
INFO [2022-06-28 13:24:55] $filename
INFO [2022-06-28 13:24:55] file_name
INFO [2022-06-28 13:24:55] 
INFO [2022-06-28 13:24:55] $output
INFO [2022-06-28 13:24:55] [1] TRUE
INFO [2022-06-28 13:24:55] 
INFO [2022-06-28 13:24:55] $imagetype
INFO [2022-06-28 13:24:55] [1] "png"
INFO [2022-06-28 13:24:55] 
INFO [2022-06-28 13:24:55] $height
INFO [2022-06-28 13:24:55] [1] 1000
INFO [2022-06-28 13:24:55] 
INFO [2022-06-28 13:24:55] $width
INFO [2022-06-28 13:24:55] [1] 1000
INFO [2022-06-28 13:24:55] 
INFO [2022-06-28 13:24:55] $resolution
INFO [2022-06-28 13:24:55] [1] 300
INFO [2022-06-28 13:24:55] 
INFO [2022-06-28 13:24:55] $compression
INFO [2022-06-28 13:24:55] [1] "lzw"
INFO [2022-06-28 13:24:55] 
INFO [2022-06-28 13:24:55] $lwd
INFO [2022-06-28 13:24:55] [1] 2
INFO [2022-06-28 13:24:55] 
INFO [2022-06-28 13:24:55] $lty
INFO [2022-06-28 13:24:55] [1] "blank"
INFO [2022-06-28 13:24:55] 
INFO [2022-06-28 13:24:55] $fill
INFO [2022-06-28 13:24:55] myCol
INFO [2022-06-28 13:24:55] 
INFO [2022-06-28 13:24:55] $cex
INFO [2022-06-28 13:24:55] [1] 0.4
INFO [2022-06-28 13:24:55] 
INFO [2022-06-28 13:24:55] $fontface
INFO [2022-06-28 13:24:55] [1] "bold"
INFO [2022-06-28 13:24:55] 
INFO [2022-06-28 13:24:55] $fontfamily
INFO [2022-06-28 13:24:55] [1] "sans"
INFO [2022-06-28 13:24:55] 
INFO [2022-06-28 13:24:55] $cat.cex
INFO [2022-06-28 13:24:55] [1] 0.3
INFO [2022-06-28 13:24:55] 
INFO [2022-06-28 13:24:55] $cat.fontface
INFO [2022-06-28 13:24:55] [1] "bold"
INFO [2022-06-28 13:24:55] 
INFO [2022-06-28 13:24:55] $cat.pos
INFO [2022-06-28 13:24:55] c(-27, 27, 135)
INFO [2022-06-28 13:24:55] 
INFO [2022-06-28 13:24:55] $cat.dist
INFO [2022-06-28 13:24:55] c(0.04, 0.04, 0.04)
INFO [2022-06-28 13:24:55] 
INFO [2022-06-28 13:24:55] $cat.fontfamily
INFO [2022-06-28 13:24:55] [1] "sans"
INFO [2022-06-28 13:24:55] 
INFO [2022-06-28 13:24:55] $rotation
INFO [2022-06-28 13:24:55] [1] 1
INFO [2022-06-28 13:24:55] 
