INFO [2023-01-11 19:13:36] $x
INFO [2023-01-11 19:13:36] list(limma_list, deseq2_list, tfl_list)
INFO [2023-01-11 19:13:36] 
INFO [2023-01-11 19:13:36] $category.names
INFO [2023-01-11 19:13:36] c("limma", "DESeq2", "Transfer Learning")
INFO [2023-01-11 19:13:36] 
INFO [2023-01-11 19:13:36] $filename
INFO [2023-01-11 19:13:36] file_name
INFO [2023-01-11 19:13:36] 
INFO [2023-01-11 19:13:36] $output
INFO [2023-01-11 19:13:36] [1] TRUE
INFO [2023-01-11 19:13:36] 
INFO [2023-01-11 19:13:36] $imagetype
INFO [2023-01-11 19:13:36] [1] "png"
INFO [2023-01-11 19:13:36] 
INFO [2023-01-11 19:13:36] $height
INFO [2023-01-11 19:13:36] [1] 1000
INFO [2023-01-11 19:13:36] 
INFO [2023-01-11 19:13:36] $width
INFO [2023-01-11 19:13:36] [1] 1000
INFO [2023-01-11 19:13:36] 
INFO [2023-01-11 19:13:36] $resolution
INFO [2023-01-11 19:13:36] [1] 300
INFO [2023-01-11 19:13:36] 
INFO [2023-01-11 19:13:36] $compression
INFO [2023-01-11 19:13:36] [1] "lzw"
INFO [2023-01-11 19:13:36] 
INFO [2023-01-11 19:13:36] $lwd
INFO [2023-01-11 19:13:36] [1] 2
INFO [2023-01-11 19:13:36] 
INFO [2023-01-11 19:13:36] $lty
INFO [2023-01-11 19:13:36] [1] "blank"
INFO [2023-01-11 19:13:36] 
INFO [2023-01-11 19:13:36] $fill
INFO [2023-01-11 19:13:36] myCol
INFO [2023-01-11 19:13:36] 
INFO [2023-01-11 19:13:36] $cex
INFO [2023-01-11 19:13:36] [1] 0.4
INFO [2023-01-11 19:13:36] 
INFO [2023-01-11 19:13:36] $fontface
INFO [2023-01-11 19:13:36] [1] "bold"
INFO [2023-01-11 19:13:36] 
INFO [2023-01-11 19:13:36] $fontfamily
INFO [2023-01-11 19:13:36] [1] "sans"
INFO [2023-01-11 19:13:36] 
INFO [2023-01-11 19:13:36] $cat.cex
INFO [2023-01-11 19:13:36] [1] 0.3
INFO [2023-01-11 19:13:36] 
INFO [2023-01-11 19:13:36] $cat.fontface
INFO [2023-01-11 19:13:36] [1] "bold"
INFO [2023-01-11 19:13:36] 
INFO [2023-01-11 19:13:36] $cat.pos
INFO [2023-01-11 19:13:36] c(-27, 27, 135)
INFO [2023-01-11 19:13:36] 
INFO [2023-01-11 19:13:36] $cat.dist
INFO [2023-01-11 19:13:36] c(0.04, 0.04, 0.04)
INFO [2023-01-11 19:13:36] 
INFO [2023-01-11 19:13:36] $cat.fontfamily
INFO [2023-01-11 19:13:36] [1] "sans"
INFO [2023-01-11 19:13:36] 
INFO [2023-01-11 19:13:36] $rotation
INFO [2023-01-11 19:13:36] [1] 1
INFO [2023-01-11 19:13:36] 
