INFO [2022-09-21 00:01:12] $x
INFO [2022-09-21 00:01:12] list(limma_list, deseq2_list, tfl_list)
INFO [2022-09-21 00:01:12] 
INFO [2022-09-21 00:01:12] $category.names
INFO [2022-09-21 00:01:12] c("limma", "DESeq2", "Transfer Learning")
INFO [2022-09-21 00:01:12] 
INFO [2022-09-21 00:01:12] $filename
INFO [2022-09-21 00:01:12] file_name
INFO [2022-09-21 00:01:12] 
INFO [2022-09-21 00:01:12] $output
INFO [2022-09-21 00:01:12] [1] TRUE
INFO [2022-09-21 00:01:12] 
INFO [2022-09-21 00:01:12] $imagetype
INFO [2022-09-21 00:01:12] [1] "png"
INFO [2022-09-21 00:01:12] 
INFO [2022-09-21 00:01:12] $height
INFO [2022-09-21 00:01:12] [1] 1000
INFO [2022-09-21 00:01:12] 
INFO [2022-09-21 00:01:12] $width
INFO [2022-09-21 00:01:12] [1] 1000
INFO [2022-09-21 00:01:12] 
INFO [2022-09-21 00:01:12] $resolution
INFO [2022-09-21 00:01:12] [1] 300
INFO [2022-09-21 00:01:12] 
INFO [2022-09-21 00:01:12] $compression
INFO [2022-09-21 00:01:12] [1] "lzw"
INFO [2022-09-21 00:01:12] 
INFO [2022-09-21 00:01:12] $lwd
INFO [2022-09-21 00:01:12] [1] 2
INFO [2022-09-21 00:01:12] 
INFO [2022-09-21 00:01:12] $lty
INFO [2022-09-21 00:01:12] [1] "blank"
INFO [2022-09-21 00:01:12] 
INFO [2022-09-21 00:01:12] $fill
INFO [2022-09-21 00:01:12] myCol
INFO [2022-09-21 00:01:12] 
INFO [2022-09-21 00:01:12] $cex
INFO [2022-09-21 00:01:12] [1] 0.4
INFO [2022-09-21 00:01:12] 
INFO [2022-09-21 00:01:12] $fontface
INFO [2022-09-21 00:01:12] [1] "bold"
INFO [2022-09-21 00:01:12] 
INFO [2022-09-21 00:01:12] $fontfamily
INFO [2022-09-21 00:01:12] [1] "sans"
INFO [2022-09-21 00:01:12] 
INFO [2022-09-21 00:01:12] $cat.cex
INFO [2022-09-21 00:01:12] [1] 0.3
INFO [2022-09-21 00:01:12] 
INFO [2022-09-21 00:01:12] $cat.fontface
INFO [2022-09-21 00:01:12] [1] "bold"
INFO [2022-09-21 00:01:12] 
INFO [2022-09-21 00:01:12] $cat.pos
INFO [2022-09-21 00:01:12] c(-27, 27, 135)
INFO [2022-09-21 00:01:12] 
INFO [2022-09-21 00:01:12] $cat.dist
INFO [2022-09-21 00:01:12] c(0.04, 0.04, 0.04)
INFO [2022-09-21 00:01:12] 
INFO [2022-09-21 00:01:12] $cat.fontfamily
INFO [2022-09-21 00:01:12] [1] "sans"
INFO [2022-09-21 00:01:12] 
INFO [2022-09-21 00:01:12] $rotation
INFO [2022-09-21 00:01:12] [1] 1
INFO [2022-09-21 00:01:12] 
