INFO [2022-06-16 16:44:27] $x
INFO [2022-06-16 16:44:27] list(limma_list, deseq2_list, tfl_list)
INFO [2022-06-16 16:44:27] 
INFO [2022-06-16 16:44:27] $category.names
INFO [2022-06-16 16:44:27] c("limma", "DESeq2", "Transfer Learning")
INFO [2022-06-16 16:44:27] 
INFO [2022-06-16 16:44:27] $filename
INFO [2022-06-16 16:44:27] file_name
INFO [2022-06-16 16:44:27] 
INFO [2022-06-16 16:44:27] $output
INFO [2022-06-16 16:44:27] [1] TRUE
INFO [2022-06-16 16:44:27] 
INFO [2022-06-16 16:44:27] $imagetype
INFO [2022-06-16 16:44:27] [1] "png"
INFO [2022-06-16 16:44:27] 
INFO [2022-06-16 16:44:27] $height
INFO [2022-06-16 16:44:27] [1] 1000
INFO [2022-06-16 16:44:27] 
INFO [2022-06-16 16:44:27] $width
INFO [2022-06-16 16:44:27] [1] 1000
INFO [2022-06-16 16:44:27] 
INFO [2022-06-16 16:44:27] $resolution
INFO [2022-06-16 16:44:27] [1] 300
INFO [2022-06-16 16:44:27] 
INFO [2022-06-16 16:44:27] $compression
INFO [2022-06-16 16:44:27] [1] "lzw"
INFO [2022-06-16 16:44:27] 
INFO [2022-06-16 16:44:27] $lwd
INFO [2022-06-16 16:44:27] [1] 2
INFO [2022-06-16 16:44:27] 
INFO [2022-06-16 16:44:27] $lty
INFO [2022-06-16 16:44:27] [1] "blank"
INFO [2022-06-16 16:44:27] 
INFO [2022-06-16 16:44:27] $fill
INFO [2022-06-16 16:44:27] myCol
INFO [2022-06-16 16:44:27] 
INFO [2022-06-16 16:44:27] $cex
INFO [2022-06-16 16:44:27] [1] 0.4
INFO [2022-06-16 16:44:27] 
INFO [2022-06-16 16:44:27] $fontface
INFO [2022-06-16 16:44:27] [1] "bold"
INFO [2022-06-16 16:44:27] 
INFO [2022-06-16 16:44:27] $fontfamily
INFO [2022-06-16 16:44:27] [1] "sans"
INFO [2022-06-16 16:44:27] 
INFO [2022-06-16 16:44:27] $cat.cex
INFO [2022-06-16 16:44:27] [1] 0.3
INFO [2022-06-16 16:44:27] 
INFO [2022-06-16 16:44:27] $cat.fontface
INFO [2022-06-16 16:44:27] [1] "bold"
INFO [2022-06-16 16:44:27] 
INFO [2022-06-16 16:44:27] $cat.pos
INFO [2022-06-16 16:44:27] c(-27, 27, 135)
INFO [2022-06-16 16:44:27] 
INFO [2022-06-16 16:44:27] $cat.dist
INFO [2022-06-16 16:44:27] c(0.04, 0.04, 0.04)
INFO [2022-06-16 16:44:27] 
INFO [2022-06-16 16:44:27] $cat.fontfamily
INFO [2022-06-16 16:44:27] [1] "sans"
INFO [2022-06-16 16:44:27] 
INFO [2022-06-16 16:44:27] $rotation
INFO [2022-06-16 16:44:27] [1] 1
INFO [2022-06-16 16:44:27] 
