INFO [2022-11-29 21:33:29] $x
INFO [2022-11-29 21:33:29] list(limma_list, deseq2_list, tfl_list)
INFO [2022-11-29 21:33:29] 
INFO [2022-11-29 21:33:29] $category.names
INFO [2022-11-29 21:33:29] c("limma", "DESeq2", "Transfer Learning")
INFO [2022-11-29 21:33:29] 
INFO [2022-11-29 21:33:29] $filename
INFO [2022-11-29 21:33:29] file_name
INFO [2022-11-29 21:33:29] 
INFO [2022-11-29 21:33:29] $output
INFO [2022-11-29 21:33:29] [1] TRUE
INFO [2022-11-29 21:33:29] 
INFO [2022-11-29 21:33:29] $imagetype
INFO [2022-11-29 21:33:29] [1] "png"
INFO [2022-11-29 21:33:29] 
INFO [2022-11-29 21:33:29] $height
INFO [2022-11-29 21:33:29] [1] 1000
INFO [2022-11-29 21:33:29] 
INFO [2022-11-29 21:33:29] $width
INFO [2022-11-29 21:33:29] [1] 1000
INFO [2022-11-29 21:33:29] 
INFO [2022-11-29 21:33:29] $resolution
INFO [2022-11-29 21:33:29] [1] 300
INFO [2022-11-29 21:33:29] 
INFO [2022-11-29 21:33:29] $compression
INFO [2022-11-29 21:33:29] [1] "lzw"
INFO [2022-11-29 21:33:29] 
INFO [2022-11-29 21:33:29] $lwd
INFO [2022-11-29 21:33:29] [1] 2
INFO [2022-11-29 21:33:29] 
INFO [2022-11-29 21:33:29] $lty
INFO [2022-11-29 21:33:29] [1] "blank"
INFO [2022-11-29 21:33:29] 
INFO [2022-11-29 21:33:29] $fill
INFO [2022-11-29 21:33:29] myCol
INFO [2022-11-29 21:33:29] 
INFO [2022-11-29 21:33:29] $cex
INFO [2022-11-29 21:33:29] [1] 0.4
INFO [2022-11-29 21:33:29] 
INFO [2022-11-29 21:33:29] $fontface
INFO [2022-11-29 21:33:29] [1] "bold"
INFO [2022-11-29 21:33:29] 
INFO [2022-11-29 21:33:29] $fontfamily
INFO [2022-11-29 21:33:29] [1] "sans"
INFO [2022-11-29 21:33:29] 
INFO [2022-11-29 21:33:29] $cat.cex
INFO [2022-11-29 21:33:29] [1] 0.3
INFO [2022-11-29 21:33:29] 
INFO [2022-11-29 21:33:29] $cat.fontface
INFO [2022-11-29 21:33:29] [1] "bold"
INFO [2022-11-29 21:33:29] 
INFO [2022-11-29 21:33:29] $cat.pos
INFO [2022-11-29 21:33:29] c(-27, 27, 135)
INFO [2022-11-29 21:33:29] 
INFO [2022-11-29 21:33:29] $cat.dist
INFO [2022-11-29 21:33:29] c(0.04, 0.04, 0.04)
INFO [2022-11-29 21:33:29] 
INFO [2022-11-29 21:33:29] $cat.fontfamily
INFO [2022-11-29 21:33:29] [1] "sans"
INFO [2022-11-29 21:33:29] 
INFO [2022-11-29 21:33:29] $rotation
INFO [2022-11-29 21:33:29] [1] 1
INFO [2022-11-29 21:33:29] 
