INFO [2022-10-10 15:48:54] $x
INFO [2022-10-10 15:48:54] list(limma_list, deseq2_list, tfl_list)
INFO [2022-10-10 15:48:54] 
INFO [2022-10-10 15:48:54] $category.names
INFO [2022-10-10 15:48:54] c("limma", "DESeq2", "Transfer Learning")
INFO [2022-10-10 15:48:54] 
INFO [2022-10-10 15:48:54] $filename
INFO [2022-10-10 15:48:54] file_name
INFO [2022-10-10 15:48:54] 
INFO [2022-10-10 15:48:54] $output
INFO [2022-10-10 15:48:54] [1] TRUE
INFO [2022-10-10 15:48:54] 
INFO [2022-10-10 15:48:54] $imagetype
INFO [2022-10-10 15:48:54] [1] "png"
INFO [2022-10-10 15:48:54] 
INFO [2022-10-10 15:48:54] $height
INFO [2022-10-10 15:48:54] [1] 1000
INFO [2022-10-10 15:48:54] 
INFO [2022-10-10 15:48:54] $width
INFO [2022-10-10 15:48:54] [1] 1000
INFO [2022-10-10 15:48:54] 
INFO [2022-10-10 15:48:54] $resolution
INFO [2022-10-10 15:48:54] [1] 300
INFO [2022-10-10 15:48:54] 
INFO [2022-10-10 15:48:54] $compression
INFO [2022-10-10 15:48:54] [1] "lzw"
INFO [2022-10-10 15:48:54] 
INFO [2022-10-10 15:48:54] $lwd
INFO [2022-10-10 15:48:54] [1] 2
INFO [2022-10-10 15:48:54] 
INFO [2022-10-10 15:48:54] $lty
INFO [2022-10-10 15:48:54] [1] "blank"
INFO [2022-10-10 15:48:54] 
INFO [2022-10-10 15:48:54] $fill
INFO [2022-10-10 15:48:54] myCol
INFO [2022-10-10 15:48:54] 
INFO [2022-10-10 15:48:54] $cex
INFO [2022-10-10 15:48:54] [1] 0.4
INFO [2022-10-10 15:48:54] 
INFO [2022-10-10 15:48:54] $fontface
INFO [2022-10-10 15:48:54] [1] "bold"
INFO [2022-10-10 15:48:54] 
INFO [2022-10-10 15:48:54] $fontfamily
INFO [2022-10-10 15:48:54] [1] "sans"
INFO [2022-10-10 15:48:54] 
INFO [2022-10-10 15:48:54] $cat.cex
INFO [2022-10-10 15:48:54] [1] 0.3
INFO [2022-10-10 15:48:54] 
INFO [2022-10-10 15:48:54] $cat.fontface
INFO [2022-10-10 15:48:54] [1] "bold"
INFO [2022-10-10 15:48:54] 
INFO [2022-10-10 15:48:54] $cat.pos
INFO [2022-10-10 15:48:54] c(-27, 27, 135)
INFO [2022-10-10 15:48:54] 
INFO [2022-10-10 15:48:54] $cat.dist
INFO [2022-10-10 15:48:54] c(0.04, 0.04, 0.04)
INFO [2022-10-10 15:48:54] 
INFO [2022-10-10 15:48:54] $cat.fontfamily
INFO [2022-10-10 15:48:54] [1] "sans"
INFO [2022-10-10 15:48:54] 
INFO [2022-10-10 15:48:54] $rotation
INFO [2022-10-10 15:48:54] [1] 1
INFO [2022-10-10 15:48:54] 
