INFO [2022-08-17 19:03:26] $x
INFO [2022-08-17 19:03:26] list(limma_list, deseq2_list, tfl_list)
INFO [2022-08-17 19:03:26] 
INFO [2022-08-17 19:03:26] $category.names
INFO [2022-08-17 19:03:26] c("limma", "DESeq2", "Transfer Learning")
INFO [2022-08-17 19:03:26] 
INFO [2022-08-17 19:03:26] $filename
INFO [2022-08-17 19:03:26] file_name
INFO [2022-08-17 19:03:26] 
INFO [2022-08-17 19:03:26] $output
INFO [2022-08-17 19:03:26] [1] TRUE
INFO [2022-08-17 19:03:26] 
INFO [2022-08-17 19:03:26] $imagetype
INFO [2022-08-17 19:03:26] [1] "png"
INFO [2022-08-17 19:03:26] 
INFO [2022-08-17 19:03:26] $height
INFO [2022-08-17 19:03:26] [1] 1000
INFO [2022-08-17 19:03:26] 
INFO [2022-08-17 19:03:26] $width
INFO [2022-08-17 19:03:26] [1] 1000
INFO [2022-08-17 19:03:26] 
INFO [2022-08-17 19:03:26] $resolution
INFO [2022-08-17 19:03:26] [1] 300
INFO [2022-08-17 19:03:26] 
INFO [2022-08-17 19:03:26] $compression
INFO [2022-08-17 19:03:26] [1] "lzw"
INFO [2022-08-17 19:03:26] 
INFO [2022-08-17 19:03:26] $lwd
INFO [2022-08-17 19:03:26] [1] 2
INFO [2022-08-17 19:03:26] 
INFO [2022-08-17 19:03:26] $lty
INFO [2022-08-17 19:03:26] [1] "blank"
INFO [2022-08-17 19:03:26] 
INFO [2022-08-17 19:03:26] $fill
INFO [2022-08-17 19:03:26] myCol
INFO [2022-08-17 19:03:26] 
INFO [2022-08-17 19:03:26] $cex
INFO [2022-08-17 19:03:26] [1] 0.4
INFO [2022-08-17 19:03:26] 
INFO [2022-08-17 19:03:26] $fontface
INFO [2022-08-17 19:03:26] [1] "bold"
INFO [2022-08-17 19:03:26] 
INFO [2022-08-17 19:03:26] $fontfamily
INFO [2022-08-17 19:03:26] [1] "sans"
INFO [2022-08-17 19:03:26] 
INFO [2022-08-17 19:03:26] $cat.cex
INFO [2022-08-17 19:03:26] [1] 0.3
INFO [2022-08-17 19:03:26] 
INFO [2022-08-17 19:03:26] $cat.fontface
INFO [2022-08-17 19:03:26] [1] "bold"
INFO [2022-08-17 19:03:26] 
INFO [2022-08-17 19:03:26] $cat.pos
INFO [2022-08-17 19:03:26] c(-27, 27, 135)
INFO [2022-08-17 19:03:26] 
INFO [2022-08-17 19:03:26] $cat.dist
INFO [2022-08-17 19:03:26] c(0.04, 0.04, 0.04)
INFO [2022-08-17 19:03:26] 
INFO [2022-08-17 19:03:26] $cat.fontfamily
INFO [2022-08-17 19:03:26] [1] "sans"
INFO [2022-08-17 19:03:26] 
INFO [2022-08-17 19:03:26] $rotation
INFO [2022-08-17 19:03:26] [1] 1
INFO [2022-08-17 19:03:26] 
