INFO [2022-11-29 21:47:19] $x
INFO [2022-11-29 21:47:19] list(limma_list, deseq2_list, tfl_list)
INFO [2022-11-29 21:47:19] 
INFO [2022-11-29 21:47:19] $category.names
INFO [2022-11-29 21:47:19] c("limma", "DESeq2", "Transfer Learning")
INFO [2022-11-29 21:47:19] 
INFO [2022-11-29 21:47:19] $filename
INFO [2022-11-29 21:47:19] file_name
INFO [2022-11-29 21:47:19] 
INFO [2022-11-29 21:47:19] $output
INFO [2022-11-29 21:47:19] [1] TRUE
INFO [2022-11-29 21:47:19] 
INFO [2022-11-29 21:47:19] $imagetype
INFO [2022-11-29 21:47:19] [1] "png"
INFO [2022-11-29 21:47:19] 
INFO [2022-11-29 21:47:19] $height
INFO [2022-11-29 21:47:19] [1] 1000
INFO [2022-11-29 21:47:19] 
INFO [2022-11-29 21:47:19] $width
INFO [2022-11-29 21:47:19] [1] 1000
INFO [2022-11-29 21:47:19] 
INFO [2022-11-29 21:47:19] $resolution
INFO [2022-11-29 21:47:19] [1] 300
INFO [2022-11-29 21:47:19] 
INFO [2022-11-29 21:47:19] $compression
INFO [2022-11-29 21:47:19] [1] "lzw"
INFO [2022-11-29 21:47:19] 
INFO [2022-11-29 21:47:19] $lwd
INFO [2022-11-29 21:47:19] [1] 2
INFO [2022-11-29 21:47:19] 
INFO [2022-11-29 21:47:19] $lty
INFO [2022-11-29 21:47:19] [1] "blank"
INFO [2022-11-29 21:47:19] 
INFO [2022-11-29 21:47:19] $fill
INFO [2022-11-29 21:47:19] myCol
INFO [2022-11-29 21:47:19] 
INFO [2022-11-29 21:47:19] $cex
INFO [2022-11-29 21:47:19] [1] 0.4
INFO [2022-11-29 21:47:19] 
INFO [2022-11-29 21:47:19] $fontface
INFO [2022-11-29 21:47:19] [1] "bold"
INFO [2022-11-29 21:47:19] 
INFO [2022-11-29 21:47:19] $fontfamily
INFO [2022-11-29 21:47:19] [1] "sans"
INFO [2022-11-29 21:47:19] 
INFO [2022-11-29 21:47:19] $cat.cex
INFO [2022-11-29 21:47:19] [1] 0.3
INFO [2022-11-29 21:47:19] 
INFO [2022-11-29 21:47:19] $cat.fontface
INFO [2022-11-29 21:47:19] [1] "bold"
INFO [2022-11-29 21:47:19] 
INFO [2022-11-29 21:47:19] $cat.pos
INFO [2022-11-29 21:47:19] c(-27, 27, 135)
INFO [2022-11-29 21:47:19] 
INFO [2022-11-29 21:47:19] $cat.dist
INFO [2022-11-29 21:47:19] c(0.04, 0.04, 0.04)
INFO [2022-11-29 21:47:19] 
INFO [2022-11-29 21:47:19] $cat.fontfamily
INFO [2022-11-29 21:47:19] [1] "sans"
INFO [2022-11-29 21:47:19] 
INFO [2022-11-29 21:47:19] $rotation
INFO [2022-11-29 21:47:19] [1] 1
INFO [2022-11-29 21:47:19] 
