INFO [2022-09-21 00:01:09] $x
INFO [2022-09-21 00:01:09] list(limma_list, deseq2_list, tfl_list)
INFO [2022-09-21 00:01:09] 
INFO [2022-09-21 00:01:09] $category.names
INFO [2022-09-21 00:01:09] c("limma", "DESeq2", "Transfer Learning")
INFO [2022-09-21 00:01:09] 
INFO [2022-09-21 00:01:09] $filename
INFO [2022-09-21 00:01:09] file_name
INFO [2022-09-21 00:01:09] 
INFO [2022-09-21 00:01:09] $output
INFO [2022-09-21 00:01:09] [1] TRUE
INFO [2022-09-21 00:01:09] 
INFO [2022-09-21 00:01:09] $imagetype
INFO [2022-09-21 00:01:09] [1] "png"
INFO [2022-09-21 00:01:09] 
INFO [2022-09-21 00:01:09] $height
INFO [2022-09-21 00:01:09] [1] 1000
INFO [2022-09-21 00:01:09] 
INFO [2022-09-21 00:01:09] $width
INFO [2022-09-21 00:01:09] [1] 1000
INFO [2022-09-21 00:01:09] 
INFO [2022-09-21 00:01:09] $resolution
INFO [2022-09-21 00:01:09] [1] 300
INFO [2022-09-21 00:01:09] 
INFO [2022-09-21 00:01:09] $compression
INFO [2022-09-21 00:01:09] [1] "lzw"
INFO [2022-09-21 00:01:09] 
INFO [2022-09-21 00:01:09] $lwd
INFO [2022-09-21 00:01:09] [1] 2
INFO [2022-09-21 00:01:09] 
INFO [2022-09-21 00:01:09] $lty
INFO [2022-09-21 00:01:09] [1] "blank"
INFO [2022-09-21 00:01:09] 
INFO [2022-09-21 00:01:09] $fill
INFO [2022-09-21 00:01:09] myCol
INFO [2022-09-21 00:01:09] 
INFO [2022-09-21 00:01:09] $cex
INFO [2022-09-21 00:01:09] [1] 0.4
INFO [2022-09-21 00:01:09] 
INFO [2022-09-21 00:01:09] $fontface
INFO [2022-09-21 00:01:09] [1] "bold"
INFO [2022-09-21 00:01:09] 
INFO [2022-09-21 00:01:09] $fontfamily
INFO [2022-09-21 00:01:09] [1] "sans"
INFO [2022-09-21 00:01:09] 
INFO [2022-09-21 00:01:09] $cat.cex
INFO [2022-09-21 00:01:09] [1] 0.3
INFO [2022-09-21 00:01:09] 
INFO [2022-09-21 00:01:09] $cat.fontface
INFO [2022-09-21 00:01:09] [1] "bold"
INFO [2022-09-21 00:01:09] 
INFO [2022-09-21 00:01:09] $cat.pos
INFO [2022-09-21 00:01:09] c(-27, 27, 135)
INFO [2022-09-21 00:01:09] 
INFO [2022-09-21 00:01:09] $cat.dist
INFO [2022-09-21 00:01:09] c(0.04, 0.04, 0.04)
INFO [2022-09-21 00:01:09] 
INFO [2022-09-21 00:01:09] $cat.fontfamily
INFO [2022-09-21 00:01:09] [1] "sans"
INFO [2022-09-21 00:01:09] 
INFO [2022-09-21 00:01:09] $rotation
INFO [2022-09-21 00:01:09] [1] 1
INFO [2022-09-21 00:01:09] 
