INFO [2022-06-16 16:37:31] $x
INFO [2022-06-16 16:37:31] list(limma_list, deseq2_list, tfl_list)
INFO [2022-06-16 16:37:31] 
INFO [2022-06-16 16:37:31] $category.names
INFO [2022-06-16 16:37:31] c("limma", "DESeq2", "Transfer Learning")
INFO [2022-06-16 16:37:31] 
INFO [2022-06-16 16:37:31] $filename
INFO [2022-06-16 16:37:31] file_name
INFO [2022-06-16 16:37:31] 
INFO [2022-06-16 16:37:31] $output
INFO [2022-06-16 16:37:31] [1] TRUE
INFO [2022-06-16 16:37:31] 
INFO [2022-06-16 16:37:31] $imagetype
INFO [2022-06-16 16:37:31] [1] "png"
INFO [2022-06-16 16:37:31] 
INFO [2022-06-16 16:37:31] $height
INFO [2022-06-16 16:37:31] [1] 1000
INFO [2022-06-16 16:37:31] 
INFO [2022-06-16 16:37:31] $width
INFO [2022-06-16 16:37:31] [1] 1000
INFO [2022-06-16 16:37:31] 
INFO [2022-06-16 16:37:31] $resolution
INFO [2022-06-16 16:37:31] [1] 300
INFO [2022-06-16 16:37:31] 
INFO [2022-06-16 16:37:31] $compression
INFO [2022-06-16 16:37:31] [1] "lzw"
INFO [2022-06-16 16:37:31] 
INFO [2022-06-16 16:37:31] $lwd
INFO [2022-06-16 16:37:31] [1] 2
INFO [2022-06-16 16:37:31] 
INFO [2022-06-16 16:37:31] $lty
INFO [2022-06-16 16:37:31] [1] "blank"
INFO [2022-06-16 16:37:31] 
INFO [2022-06-16 16:37:31] $fill
INFO [2022-06-16 16:37:31] myCol
INFO [2022-06-16 16:37:31] 
INFO [2022-06-16 16:37:31] $cex
INFO [2022-06-16 16:37:31] [1] 0.4
INFO [2022-06-16 16:37:31] 
INFO [2022-06-16 16:37:31] $fontface
INFO [2022-06-16 16:37:31] [1] "bold"
INFO [2022-06-16 16:37:31] 
INFO [2022-06-16 16:37:31] $fontfamily
INFO [2022-06-16 16:37:31] [1] "sans"
INFO [2022-06-16 16:37:31] 
INFO [2022-06-16 16:37:31] $cat.cex
INFO [2022-06-16 16:37:31] [1] 0.3
INFO [2022-06-16 16:37:31] 
INFO [2022-06-16 16:37:31] $cat.fontface
INFO [2022-06-16 16:37:31] [1] "bold"
INFO [2022-06-16 16:37:31] 
INFO [2022-06-16 16:37:31] $cat.pos
INFO [2022-06-16 16:37:31] c(-27, 27, 135)
INFO [2022-06-16 16:37:31] 
INFO [2022-06-16 16:37:31] $cat.dist
INFO [2022-06-16 16:37:31] c(0.04, 0.04, 0.04)
INFO [2022-06-16 16:37:31] 
INFO [2022-06-16 16:37:31] $cat.fontfamily
INFO [2022-06-16 16:37:31] [1] "sans"
INFO [2022-06-16 16:37:31] 
INFO [2022-06-16 16:37:31] $rotation
INFO [2022-06-16 16:37:31] [1] 1
INFO [2022-06-16 16:37:31] 
