INFO [2022-08-17 18:56:43] $x
INFO [2022-08-17 18:56:43] list(limma_list, deseq2_list, tfl_list)
INFO [2022-08-17 18:56:43] 
INFO [2022-08-17 18:56:43] $category.names
INFO [2022-08-17 18:56:43] c("limma", "DESeq2", "Transfer Learning")
INFO [2022-08-17 18:56:43] 
INFO [2022-08-17 18:56:43] $filename
INFO [2022-08-17 18:56:43] file_name
INFO [2022-08-17 18:56:43] 
INFO [2022-08-17 18:56:43] $output
INFO [2022-08-17 18:56:43] [1] TRUE
INFO [2022-08-17 18:56:43] 
INFO [2022-08-17 18:56:43] $imagetype
INFO [2022-08-17 18:56:43] [1] "png"
INFO [2022-08-17 18:56:43] 
INFO [2022-08-17 18:56:43] $height
INFO [2022-08-17 18:56:43] [1] 1000
INFO [2022-08-17 18:56:43] 
INFO [2022-08-17 18:56:43] $width
INFO [2022-08-17 18:56:43] [1] 1000
INFO [2022-08-17 18:56:43] 
INFO [2022-08-17 18:56:43] $resolution
INFO [2022-08-17 18:56:43] [1] 300
INFO [2022-08-17 18:56:43] 
INFO [2022-08-17 18:56:43] $compression
INFO [2022-08-17 18:56:43] [1] "lzw"
INFO [2022-08-17 18:56:43] 
INFO [2022-08-17 18:56:43] $lwd
INFO [2022-08-17 18:56:43] [1] 2
INFO [2022-08-17 18:56:43] 
INFO [2022-08-17 18:56:43] $lty
INFO [2022-08-17 18:56:43] [1] "blank"
INFO [2022-08-17 18:56:43] 
INFO [2022-08-17 18:56:43] $fill
INFO [2022-08-17 18:56:43] myCol
INFO [2022-08-17 18:56:43] 
INFO [2022-08-17 18:56:43] $cex
INFO [2022-08-17 18:56:43] [1] 0.4
INFO [2022-08-17 18:56:43] 
INFO [2022-08-17 18:56:43] $fontface
INFO [2022-08-17 18:56:43] [1] "bold"
INFO [2022-08-17 18:56:43] 
INFO [2022-08-17 18:56:43] $fontfamily
INFO [2022-08-17 18:56:43] [1] "sans"
INFO [2022-08-17 18:56:43] 
INFO [2022-08-17 18:56:43] $cat.cex
INFO [2022-08-17 18:56:43] [1] 0.3
INFO [2022-08-17 18:56:43] 
INFO [2022-08-17 18:56:43] $cat.fontface
INFO [2022-08-17 18:56:43] [1] "bold"
INFO [2022-08-17 18:56:43] 
INFO [2022-08-17 18:56:43] $cat.pos
INFO [2022-08-17 18:56:43] c(-27, 27, 135)
INFO [2022-08-17 18:56:43] 
INFO [2022-08-17 18:56:43] $cat.dist
INFO [2022-08-17 18:56:43] c(0.04, 0.04, 0.04)
INFO [2022-08-17 18:56:43] 
INFO [2022-08-17 18:56:43] $cat.fontfamily
INFO [2022-08-17 18:56:43] [1] "sans"
INFO [2022-08-17 18:56:43] 
INFO [2022-08-17 18:56:43] $rotation
INFO [2022-08-17 18:56:43] [1] 1
INFO [2022-08-17 18:56:43] 
