INFO [2023-01-11 19:11:13] $x
INFO [2023-01-11 19:11:13] list(limma_list, deseq2_list, tfl_list)
INFO [2023-01-11 19:11:13] 
INFO [2023-01-11 19:11:13] $category.names
INFO [2023-01-11 19:11:13] c("limma", "DESeq2", "Transfer Learning")
INFO [2023-01-11 19:11:13] 
INFO [2023-01-11 19:11:13] $filename
INFO [2023-01-11 19:11:13] file_name
INFO [2023-01-11 19:11:13] 
INFO [2023-01-11 19:11:13] $output
INFO [2023-01-11 19:11:13] [1] TRUE
INFO [2023-01-11 19:11:13] 
INFO [2023-01-11 19:11:13] $imagetype
INFO [2023-01-11 19:11:13] [1] "png"
INFO [2023-01-11 19:11:13] 
INFO [2023-01-11 19:11:13] $height
INFO [2023-01-11 19:11:13] [1] 1000
INFO [2023-01-11 19:11:13] 
INFO [2023-01-11 19:11:13] $width
INFO [2023-01-11 19:11:13] [1] 1000
INFO [2023-01-11 19:11:13] 
INFO [2023-01-11 19:11:13] $resolution
INFO [2023-01-11 19:11:13] [1] 300
INFO [2023-01-11 19:11:13] 
INFO [2023-01-11 19:11:13] $compression
INFO [2023-01-11 19:11:13] [1] "lzw"
INFO [2023-01-11 19:11:13] 
INFO [2023-01-11 19:11:13] $lwd
INFO [2023-01-11 19:11:13] [1] 2
INFO [2023-01-11 19:11:13] 
INFO [2023-01-11 19:11:13] $lty
INFO [2023-01-11 19:11:13] [1] "blank"
INFO [2023-01-11 19:11:13] 
INFO [2023-01-11 19:11:13] $fill
INFO [2023-01-11 19:11:13] myCol
INFO [2023-01-11 19:11:13] 
INFO [2023-01-11 19:11:13] $cex
INFO [2023-01-11 19:11:13] [1] 0.4
INFO [2023-01-11 19:11:13] 
INFO [2023-01-11 19:11:13] $fontface
INFO [2023-01-11 19:11:13] [1] "bold"
INFO [2023-01-11 19:11:13] 
INFO [2023-01-11 19:11:13] $fontfamily
INFO [2023-01-11 19:11:13] [1] "sans"
INFO [2023-01-11 19:11:13] 
INFO [2023-01-11 19:11:13] $cat.cex
INFO [2023-01-11 19:11:13] [1] 0.3
INFO [2023-01-11 19:11:13] 
INFO [2023-01-11 19:11:13] $cat.fontface
INFO [2023-01-11 19:11:13] [1] "bold"
INFO [2023-01-11 19:11:13] 
INFO [2023-01-11 19:11:13] $cat.pos
INFO [2023-01-11 19:11:13] c(-27, 27, 135)
INFO [2023-01-11 19:11:13] 
INFO [2023-01-11 19:11:13] $cat.dist
INFO [2023-01-11 19:11:13] c(0.04, 0.04, 0.04)
INFO [2023-01-11 19:11:13] 
INFO [2023-01-11 19:11:13] $cat.fontfamily
INFO [2023-01-11 19:11:13] [1] "sans"
INFO [2023-01-11 19:11:13] 
INFO [2023-01-11 19:11:13] $rotation
INFO [2023-01-11 19:11:13] [1] 1
INFO [2023-01-11 19:11:13] 
