INFO [2023-01-11 19:11:01] $x
INFO [2023-01-11 19:11:01] list(limma_list, deseq2_list, tfl_list)
INFO [2023-01-11 19:11:01] 
INFO [2023-01-11 19:11:01] $category.names
INFO [2023-01-11 19:11:01] c("limma", "DESeq2", "Transfer Learning")
INFO [2023-01-11 19:11:01] 
INFO [2023-01-11 19:11:01] $filename
INFO [2023-01-11 19:11:01] file_name
INFO [2023-01-11 19:11:01] 
INFO [2023-01-11 19:11:01] $output
INFO [2023-01-11 19:11:01] [1] TRUE
INFO [2023-01-11 19:11:01] 
INFO [2023-01-11 19:11:01] $imagetype
INFO [2023-01-11 19:11:01] [1] "png"
INFO [2023-01-11 19:11:01] 
INFO [2023-01-11 19:11:01] $height
INFO [2023-01-11 19:11:01] [1] 1000
INFO [2023-01-11 19:11:01] 
INFO [2023-01-11 19:11:01] $width
INFO [2023-01-11 19:11:01] [1] 1000
INFO [2023-01-11 19:11:01] 
INFO [2023-01-11 19:11:01] $resolution
INFO [2023-01-11 19:11:01] [1] 300
INFO [2023-01-11 19:11:01] 
INFO [2023-01-11 19:11:01] $compression
INFO [2023-01-11 19:11:01] [1] "lzw"
INFO [2023-01-11 19:11:01] 
INFO [2023-01-11 19:11:01] $lwd
INFO [2023-01-11 19:11:01] [1] 2
INFO [2023-01-11 19:11:01] 
INFO [2023-01-11 19:11:01] $lty
INFO [2023-01-11 19:11:01] [1] "blank"
INFO [2023-01-11 19:11:01] 
INFO [2023-01-11 19:11:01] $fill
INFO [2023-01-11 19:11:01] myCol
INFO [2023-01-11 19:11:01] 
INFO [2023-01-11 19:11:01] $cex
INFO [2023-01-11 19:11:01] [1] 0.4
INFO [2023-01-11 19:11:01] 
INFO [2023-01-11 19:11:01] $fontface
INFO [2023-01-11 19:11:01] [1] "bold"
INFO [2023-01-11 19:11:01] 
INFO [2023-01-11 19:11:01] $fontfamily
INFO [2023-01-11 19:11:01] [1] "sans"
INFO [2023-01-11 19:11:01] 
INFO [2023-01-11 19:11:01] $cat.cex
INFO [2023-01-11 19:11:01] [1] 0.3
INFO [2023-01-11 19:11:01] 
INFO [2023-01-11 19:11:01] $cat.fontface
INFO [2023-01-11 19:11:01] [1] "bold"
INFO [2023-01-11 19:11:01] 
INFO [2023-01-11 19:11:01] $cat.pos
INFO [2023-01-11 19:11:01] c(-27, 27, 135)
INFO [2023-01-11 19:11:01] 
INFO [2023-01-11 19:11:01] $cat.dist
INFO [2023-01-11 19:11:01] c(0.04, 0.04, 0.04)
INFO [2023-01-11 19:11:01] 
INFO [2023-01-11 19:11:01] $cat.fontfamily
INFO [2023-01-11 19:11:01] [1] "sans"
INFO [2023-01-11 19:11:01] 
INFO [2023-01-11 19:11:01] $rotation
INFO [2023-01-11 19:11:01] [1] 1
INFO [2023-01-11 19:11:01] 
