INFO [2022-10-07 14:24:45] $x
INFO [2022-10-07 14:24:45] list(limma_list, deseq2_list, tfl_list)
INFO [2022-10-07 14:24:45] 
INFO [2022-10-07 14:24:45] $category.names
INFO [2022-10-07 14:24:45] c("limma", "DESeq2", "Transfer Learning")
INFO [2022-10-07 14:24:45] 
INFO [2022-10-07 14:24:45] $filename
INFO [2022-10-07 14:24:45] file_name
INFO [2022-10-07 14:24:45] 
INFO [2022-10-07 14:24:45] $output
INFO [2022-10-07 14:24:45] [1] TRUE
INFO [2022-10-07 14:24:45] 
INFO [2022-10-07 14:24:45] $imagetype
INFO [2022-10-07 14:24:45] [1] "png"
INFO [2022-10-07 14:24:45] 
INFO [2022-10-07 14:24:45] $height
INFO [2022-10-07 14:24:45] [1] 1000
INFO [2022-10-07 14:24:45] 
INFO [2022-10-07 14:24:45] $width
INFO [2022-10-07 14:24:45] [1] 1000
INFO [2022-10-07 14:24:45] 
INFO [2022-10-07 14:24:45] $resolution
INFO [2022-10-07 14:24:45] [1] 300
INFO [2022-10-07 14:24:45] 
INFO [2022-10-07 14:24:45] $compression
INFO [2022-10-07 14:24:45] [1] "lzw"
INFO [2022-10-07 14:24:45] 
INFO [2022-10-07 14:24:45] $lwd
INFO [2022-10-07 14:24:45] [1] 2
INFO [2022-10-07 14:24:45] 
INFO [2022-10-07 14:24:45] $lty
INFO [2022-10-07 14:24:45] [1] "blank"
INFO [2022-10-07 14:24:45] 
INFO [2022-10-07 14:24:45] $fill
INFO [2022-10-07 14:24:45] myCol
INFO [2022-10-07 14:24:45] 
INFO [2022-10-07 14:24:45] $cex
INFO [2022-10-07 14:24:45] [1] 0.4
INFO [2022-10-07 14:24:45] 
INFO [2022-10-07 14:24:45] $fontface
INFO [2022-10-07 14:24:45] [1] "bold"
INFO [2022-10-07 14:24:45] 
INFO [2022-10-07 14:24:45] $fontfamily
INFO [2022-10-07 14:24:45] [1] "sans"
INFO [2022-10-07 14:24:45] 
INFO [2022-10-07 14:24:45] $cat.cex
INFO [2022-10-07 14:24:45] [1] 0.3
INFO [2022-10-07 14:24:45] 
INFO [2022-10-07 14:24:45] $cat.fontface
INFO [2022-10-07 14:24:45] [1] "bold"
INFO [2022-10-07 14:24:45] 
INFO [2022-10-07 14:24:45] $cat.pos
INFO [2022-10-07 14:24:45] c(-27, 27, 135)
INFO [2022-10-07 14:24:45] 
INFO [2022-10-07 14:24:45] $cat.dist
INFO [2022-10-07 14:24:45] c(0.04, 0.04, 0.04)
INFO [2022-10-07 14:24:45] 
INFO [2022-10-07 14:24:45] $cat.fontfamily
INFO [2022-10-07 14:24:45] [1] "sans"
INFO [2022-10-07 14:24:45] 
INFO [2022-10-07 14:24:45] $rotation
INFO [2022-10-07 14:24:45] [1] 1
INFO [2022-10-07 14:24:45] 
