INFO [2023-01-11 19:08:53] $x
INFO [2023-01-11 19:08:53] list(limma_list, deseq2_list, tfl_list)
INFO [2023-01-11 19:08:53] 
INFO [2023-01-11 19:08:53] $category.names
INFO [2023-01-11 19:08:53] c("limma", "DESeq2", "Transfer Learning")
INFO [2023-01-11 19:08:53] 
INFO [2023-01-11 19:08:53] $filename
INFO [2023-01-11 19:08:53] file_name
INFO [2023-01-11 19:08:53] 
INFO [2023-01-11 19:08:53] $output
INFO [2023-01-11 19:08:53] [1] TRUE
INFO [2023-01-11 19:08:53] 
INFO [2023-01-11 19:08:53] $imagetype
INFO [2023-01-11 19:08:53] [1] "png"
INFO [2023-01-11 19:08:53] 
INFO [2023-01-11 19:08:53] $height
INFO [2023-01-11 19:08:53] [1] 1000
INFO [2023-01-11 19:08:53] 
INFO [2023-01-11 19:08:53] $width
INFO [2023-01-11 19:08:53] [1] 1000
INFO [2023-01-11 19:08:53] 
INFO [2023-01-11 19:08:53] $resolution
INFO [2023-01-11 19:08:53] [1] 300
INFO [2023-01-11 19:08:53] 
INFO [2023-01-11 19:08:53] $compression
INFO [2023-01-11 19:08:53] [1] "lzw"
INFO [2023-01-11 19:08:53] 
INFO [2023-01-11 19:08:53] $lwd
INFO [2023-01-11 19:08:53] [1] 2
INFO [2023-01-11 19:08:53] 
INFO [2023-01-11 19:08:53] $lty
INFO [2023-01-11 19:08:53] [1] "blank"
INFO [2023-01-11 19:08:53] 
INFO [2023-01-11 19:08:53] $fill
INFO [2023-01-11 19:08:53] myCol
INFO [2023-01-11 19:08:53] 
INFO [2023-01-11 19:08:53] $cex
INFO [2023-01-11 19:08:53] [1] 0.4
INFO [2023-01-11 19:08:53] 
INFO [2023-01-11 19:08:53] $fontface
INFO [2023-01-11 19:08:53] [1] "bold"
INFO [2023-01-11 19:08:53] 
INFO [2023-01-11 19:08:53] $fontfamily
INFO [2023-01-11 19:08:53] [1] "sans"
INFO [2023-01-11 19:08:53] 
INFO [2023-01-11 19:08:53] $cat.cex
INFO [2023-01-11 19:08:53] [1] 0.3
INFO [2023-01-11 19:08:53] 
INFO [2023-01-11 19:08:53] $cat.fontface
INFO [2023-01-11 19:08:53] [1] "bold"
INFO [2023-01-11 19:08:53] 
INFO [2023-01-11 19:08:53] $cat.pos
INFO [2023-01-11 19:08:53] c(-27, 27, 135)
INFO [2023-01-11 19:08:53] 
INFO [2023-01-11 19:08:53] $cat.dist
INFO [2023-01-11 19:08:53] c(0.04, 0.04, 0.04)
INFO [2023-01-11 19:08:53] 
INFO [2023-01-11 19:08:53] $cat.fontfamily
INFO [2023-01-11 19:08:53] [1] "sans"
INFO [2023-01-11 19:08:53] 
INFO [2023-01-11 19:08:53] $rotation
INFO [2023-01-11 19:08:53] [1] 1
INFO [2023-01-11 19:08:53] 
