INFO [2022-09-20 21:39:41] $x
INFO [2022-09-20 21:39:41] list(limma_list, deseq2_list, tfl_list)
INFO [2022-09-20 21:39:41] 
INFO [2022-09-20 21:39:41] $category.names
INFO [2022-09-20 21:39:41] c("limma", "DESeq2", "Transfer Learning")
INFO [2022-09-20 21:39:41] 
INFO [2022-09-20 21:39:41] $filename
INFO [2022-09-20 21:39:41] file_name
INFO [2022-09-20 21:39:41] 
INFO [2022-09-20 21:39:41] $output
INFO [2022-09-20 21:39:41] [1] TRUE
INFO [2022-09-20 21:39:41] 
INFO [2022-09-20 21:39:41] $imagetype
INFO [2022-09-20 21:39:41] [1] "png"
INFO [2022-09-20 21:39:41] 
INFO [2022-09-20 21:39:41] $height
INFO [2022-09-20 21:39:41] [1] 1000
INFO [2022-09-20 21:39:41] 
INFO [2022-09-20 21:39:41] $width
INFO [2022-09-20 21:39:41] [1] 1000
INFO [2022-09-20 21:39:41] 
INFO [2022-09-20 21:39:41] $resolution
INFO [2022-09-20 21:39:41] [1] 300
INFO [2022-09-20 21:39:41] 
INFO [2022-09-20 21:39:41] $compression
INFO [2022-09-20 21:39:41] [1] "lzw"
INFO [2022-09-20 21:39:41] 
INFO [2022-09-20 21:39:41] $lwd
INFO [2022-09-20 21:39:41] [1] 2
INFO [2022-09-20 21:39:41] 
INFO [2022-09-20 21:39:41] $lty
INFO [2022-09-20 21:39:41] [1] "blank"
INFO [2022-09-20 21:39:41] 
INFO [2022-09-20 21:39:41] $fill
INFO [2022-09-20 21:39:41] myCol
INFO [2022-09-20 21:39:41] 
INFO [2022-09-20 21:39:41] $cex
INFO [2022-09-20 21:39:41] [1] 0.4
INFO [2022-09-20 21:39:41] 
INFO [2022-09-20 21:39:41] $fontface
INFO [2022-09-20 21:39:41] [1] "bold"
INFO [2022-09-20 21:39:41] 
INFO [2022-09-20 21:39:41] $fontfamily
INFO [2022-09-20 21:39:41] [1] "sans"
INFO [2022-09-20 21:39:41] 
INFO [2022-09-20 21:39:41] $cat.cex
INFO [2022-09-20 21:39:41] [1] 0.3
INFO [2022-09-20 21:39:41] 
INFO [2022-09-20 21:39:41] $cat.fontface
INFO [2022-09-20 21:39:41] [1] "bold"
INFO [2022-09-20 21:39:41] 
INFO [2022-09-20 21:39:41] $cat.pos
INFO [2022-09-20 21:39:41] c(-27, 27, 135)
INFO [2022-09-20 21:39:41] 
INFO [2022-09-20 21:39:41] $cat.dist
INFO [2022-09-20 21:39:41] c(0.04, 0.04, 0.04)
INFO [2022-09-20 21:39:41] 
INFO [2022-09-20 21:39:41] $cat.fontfamily
INFO [2022-09-20 21:39:41] [1] "sans"
INFO [2022-09-20 21:39:41] 
INFO [2022-09-20 21:39:41] $rotation
INFO [2022-09-20 21:39:41] [1] 1
INFO [2022-09-20 21:39:41] 
