INFO [2022-08-16 18:18:56] $x
INFO [2022-08-16 18:18:56] list(limma_list, deseq2_list, tfl_list)
INFO [2022-08-16 18:18:56] 
INFO [2022-08-16 18:18:56] $category.names
INFO [2022-08-16 18:18:56] c("limma", "DESeq2", "Transfer Learning")
INFO [2022-08-16 18:18:56] 
INFO [2022-08-16 18:18:56] $filename
INFO [2022-08-16 18:18:56] file_name
INFO [2022-08-16 18:18:56] 
INFO [2022-08-16 18:18:56] $output
INFO [2022-08-16 18:18:56] [1] TRUE
INFO [2022-08-16 18:18:56] 
INFO [2022-08-16 18:18:56] $imagetype
INFO [2022-08-16 18:18:56] [1] "png"
INFO [2022-08-16 18:18:56] 
INFO [2022-08-16 18:18:56] $height
INFO [2022-08-16 18:18:56] [1] 1000
INFO [2022-08-16 18:18:56] 
INFO [2022-08-16 18:18:56] $width
INFO [2022-08-16 18:18:56] [1] 1000
INFO [2022-08-16 18:18:56] 
INFO [2022-08-16 18:18:56] $resolution
INFO [2022-08-16 18:18:56] [1] 300
INFO [2022-08-16 18:18:56] 
INFO [2022-08-16 18:18:56] $compression
INFO [2022-08-16 18:18:56] [1] "lzw"
INFO [2022-08-16 18:18:56] 
INFO [2022-08-16 18:18:56] $lwd
INFO [2022-08-16 18:18:56] [1] 2
INFO [2022-08-16 18:18:56] 
INFO [2022-08-16 18:18:56] $lty
INFO [2022-08-16 18:18:56] [1] "blank"
INFO [2022-08-16 18:18:56] 
INFO [2022-08-16 18:18:56] $fill
INFO [2022-08-16 18:18:56] myCol
INFO [2022-08-16 18:18:56] 
INFO [2022-08-16 18:18:56] $cex
INFO [2022-08-16 18:18:56] [1] 0.4
INFO [2022-08-16 18:18:56] 
INFO [2022-08-16 18:18:56] $fontface
INFO [2022-08-16 18:18:56] [1] "bold"
INFO [2022-08-16 18:18:56] 
INFO [2022-08-16 18:18:56] $fontfamily
INFO [2022-08-16 18:18:56] [1] "sans"
INFO [2022-08-16 18:18:56] 
INFO [2022-08-16 18:18:56] $cat.cex
INFO [2022-08-16 18:18:56] [1] 0.3
INFO [2022-08-16 18:18:56] 
INFO [2022-08-16 18:18:56] $cat.fontface
INFO [2022-08-16 18:18:56] [1] "bold"
INFO [2022-08-16 18:18:56] 
INFO [2022-08-16 18:18:56] $cat.pos
INFO [2022-08-16 18:18:56] c(-27, 27, 135)
INFO [2022-08-16 18:18:56] 
INFO [2022-08-16 18:18:56] $cat.dist
INFO [2022-08-16 18:18:56] c(0.04, 0.04, 0.04)
INFO [2022-08-16 18:18:56] 
INFO [2022-08-16 18:18:56] $cat.fontfamily
INFO [2022-08-16 18:18:56] [1] "sans"
INFO [2022-08-16 18:18:56] 
INFO [2022-08-16 18:18:56] $rotation
INFO [2022-08-16 18:18:56] [1] 1
INFO [2022-08-16 18:18:56] 
