INFO [2022-08-11 17:47:22] $x
INFO [2022-08-11 17:47:22] list(limma_list, deseq2_list, tfl_list)
INFO [2022-08-11 17:47:22] 
INFO [2022-08-11 17:47:22] $category.names
INFO [2022-08-11 17:47:22] c("limma", "DESeq2", "Transfer Learning")
INFO [2022-08-11 17:47:22] 
INFO [2022-08-11 17:47:22] $filename
INFO [2022-08-11 17:47:22] file_name
INFO [2022-08-11 17:47:22] 
INFO [2022-08-11 17:47:22] $output
INFO [2022-08-11 17:47:22] [1] TRUE
INFO [2022-08-11 17:47:22] 
INFO [2022-08-11 17:47:22] $imagetype
INFO [2022-08-11 17:47:22] [1] "png"
INFO [2022-08-11 17:47:22] 
INFO [2022-08-11 17:47:22] $height
INFO [2022-08-11 17:47:22] [1] 1000
INFO [2022-08-11 17:47:22] 
INFO [2022-08-11 17:47:22] $width
INFO [2022-08-11 17:47:22] [1] 1000
INFO [2022-08-11 17:47:22] 
INFO [2022-08-11 17:47:22] $resolution
INFO [2022-08-11 17:47:22] [1] 300
INFO [2022-08-11 17:47:22] 
INFO [2022-08-11 17:47:22] $compression
INFO [2022-08-11 17:47:22] [1] "lzw"
INFO [2022-08-11 17:47:22] 
INFO [2022-08-11 17:47:22] $lwd
INFO [2022-08-11 17:47:22] [1] 2
INFO [2022-08-11 17:47:22] 
INFO [2022-08-11 17:47:22] $lty
INFO [2022-08-11 17:47:22] [1] "blank"
INFO [2022-08-11 17:47:22] 
INFO [2022-08-11 17:47:22] $fill
INFO [2022-08-11 17:47:22] myCol
INFO [2022-08-11 17:47:22] 
INFO [2022-08-11 17:47:22] $cex
INFO [2022-08-11 17:47:22] [1] 0.4
INFO [2022-08-11 17:47:22] 
INFO [2022-08-11 17:47:22] $fontface
INFO [2022-08-11 17:47:22] [1] "bold"
INFO [2022-08-11 17:47:22] 
INFO [2022-08-11 17:47:22] $fontfamily
INFO [2022-08-11 17:47:22] [1] "sans"
INFO [2022-08-11 17:47:22] 
INFO [2022-08-11 17:47:22] $cat.cex
INFO [2022-08-11 17:47:22] [1] 0.3
INFO [2022-08-11 17:47:22] 
INFO [2022-08-11 17:47:22] $cat.fontface
INFO [2022-08-11 17:47:22] [1] "bold"
INFO [2022-08-11 17:47:22] 
INFO [2022-08-11 17:47:22] $cat.pos
INFO [2022-08-11 17:47:22] c(-27, 27, 135)
INFO [2022-08-11 17:47:22] 
INFO [2022-08-11 17:47:22] $cat.dist
INFO [2022-08-11 17:47:22] c(0.04, 0.04, 0.04)
INFO [2022-08-11 17:47:22] 
INFO [2022-08-11 17:47:22] $cat.fontfamily
INFO [2022-08-11 17:47:22] [1] "sans"
INFO [2022-08-11 17:47:22] 
INFO [2022-08-11 17:47:22] $rotation
INFO [2022-08-11 17:47:22] [1] 1
INFO [2022-08-11 17:47:22] 
