INFO [2022-06-16 15:05:21] $x
INFO [2022-06-16 15:05:21] list(limma_list, deseq2_list, tfl_list)
INFO [2022-06-16 15:05:21] 
INFO [2022-06-16 15:05:21] $category.names
INFO [2022-06-16 15:05:21] c("limma", "DESeq2", "Transfer Learning")
INFO [2022-06-16 15:05:21] 
INFO [2022-06-16 15:05:21] $filename
INFO [2022-06-16 15:05:21] file_name
INFO [2022-06-16 15:05:21] 
INFO [2022-06-16 15:05:21] $output
INFO [2022-06-16 15:05:21] [1] TRUE
INFO [2022-06-16 15:05:21] 
INFO [2022-06-16 15:05:21] $imagetype
INFO [2022-06-16 15:05:21] [1] "png"
INFO [2022-06-16 15:05:21] 
INFO [2022-06-16 15:05:21] $height
INFO [2022-06-16 15:05:21] [1] 1000
INFO [2022-06-16 15:05:21] 
INFO [2022-06-16 15:05:21] $width
INFO [2022-06-16 15:05:21] [1] 1000
INFO [2022-06-16 15:05:21] 
INFO [2022-06-16 15:05:21] $resolution
INFO [2022-06-16 15:05:21] [1] 300
INFO [2022-06-16 15:05:21] 
INFO [2022-06-16 15:05:21] $compression
INFO [2022-06-16 15:05:21] [1] "lzw"
INFO [2022-06-16 15:05:21] 
INFO [2022-06-16 15:05:21] $lwd
INFO [2022-06-16 15:05:21] [1] 2
INFO [2022-06-16 15:05:21] 
INFO [2022-06-16 15:05:21] $lty
INFO [2022-06-16 15:05:21] [1] "blank"
INFO [2022-06-16 15:05:21] 
INFO [2022-06-16 15:05:21] $fill
INFO [2022-06-16 15:05:21] myCol
INFO [2022-06-16 15:05:21] 
INFO [2022-06-16 15:05:21] $cex
INFO [2022-06-16 15:05:21] [1] 0.4
INFO [2022-06-16 15:05:21] 
INFO [2022-06-16 15:05:21] $fontface
INFO [2022-06-16 15:05:21] [1] "bold"
INFO [2022-06-16 15:05:21] 
INFO [2022-06-16 15:05:21] $fontfamily
INFO [2022-06-16 15:05:21] [1] "sans"
INFO [2022-06-16 15:05:21] 
INFO [2022-06-16 15:05:21] $cat.cex
INFO [2022-06-16 15:05:21] [1] 0.3
INFO [2022-06-16 15:05:21] 
INFO [2022-06-16 15:05:21] $cat.fontface
INFO [2022-06-16 15:05:21] [1] "bold"
INFO [2022-06-16 15:05:21] 
INFO [2022-06-16 15:05:21] $cat.pos
INFO [2022-06-16 15:05:21] c(-27, 27, 135)
INFO [2022-06-16 15:05:21] 
INFO [2022-06-16 15:05:21] $cat.dist
INFO [2022-06-16 15:05:21] c(0.04, 0.04, 0.04)
INFO [2022-06-16 15:05:21] 
INFO [2022-06-16 15:05:21] $cat.fontfamily
INFO [2022-06-16 15:05:21] [1] "sans"
INFO [2022-06-16 15:05:21] 
INFO [2022-06-16 15:05:21] $rotation
INFO [2022-06-16 15:05:21] [1] 1
INFO [2022-06-16 15:05:21] 
