INFO [2022-08-11 18:53:02] $x
INFO [2022-08-11 18:53:02] list(limma_list, deseq2_list, tfl_list)
INFO [2022-08-11 18:53:02] 
INFO [2022-08-11 18:53:02] $category.names
INFO [2022-08-11 18:53:02] c("limma", "DESeq2", "Transfer Learning")
INFO [2022-08-11 18:53:02] 
INFO [2022-08-11 18:53:02] $filename
INFO [2022-08-11 18:53:02] file_name
INFO [2022-08-11 18:53:02] 
INFO [2022-08-11 18:53:02] $output
INFO [2022-08-11 18:53:02] [1] TRUE
INFO [2022-08-11 18:53:02] 
INFO [2022-08-11 18:53:02] $imagetype
INFO [2022-08-11 18:53:02] [1] "png"
INFO [2022-08-11 18:53:02] 
INFO [2022-08-11 18:53:02] $height
INFO [2022-08-11 18:53:02] [1] 1000
INFO [2022-08-11 18:53:02] 
INFO [2022-08-11 18:53:02] $width
INFO [2022-08-11 18:53:02] [1] 1000
INFO [2022-08-11 18:53:02] 
INFO [2022-08-11 18:53:02] $resolution
INFO [2022-08-11 18:53:02] [1] 300
INFO [2022-08-11 18:53:02] 
INFO [2022-08-11 18:53:02] $compression
INFO [2022-08-11 18:53:02] [1] "lzw"
INFO [2022-08-11 18:53:02] 
INFO [2022-08-11 18:53:02] $lwd
INFO [2022-08-11 18:53:02] [1] 2
INFO [2022-08-11 18:53:02] 
INFO [2022-08-11 18:53:02] $lty
INFO [2022-08-11 18:53:02] [1] "blank"
INFO [2022-08-11 18:53:02] 
INFO [2022-08-11 18:53:02] $fill
INFO [2022-08-11 18:53:02] myCol
INFO [2022-08-11 18:53:02] 
INFO [2022-08-11 18:53:02] $cex
INFO [2022-08-11 18:53:02] [1] 0.4
INFO [2022-08-11 18:53:02] 
INFO [2022-08-11 18:53:02] $fontface
INFO [2022-08-11 18:53:02] [1] "bold"
INFO [2022-08-11 18:53:02] 
INFO [2022-08-11 18:53:02] $fontfamily
INFO [2022-08-11 18:53:02] [1] "sans"
INFO [2022-08-11 18:53:02] 
INFO [2022-08-11 18:53:02] $cat.cex
INFO [2022-08-11 18:53:02] [1] 0.3
INFO [2022-08-11 18:53:02] 
INFO [2022-08-11 18:53:02] $cat.fontface
INFO [2022-08-11 18:53:02] [1] "bold"
INFO [2022-08-11 18:53:02] 
INFO [2022-08-11 18:53:02] $cat.pos
INFO [2022-08-11 18:53:02] c(-27, 27, 135)
INFO [2022-08-11 18:53:02] 
INFO [2022-08-11 18:53:02] $cat.dist
INFO [2022-08-11 18:53:02] c(0.04, 0.04, 0.04)
INFO [2022-08-11 18:53:02] 
INFO [2022-08-11 18:53:02] $cat.fontfamily
INFO [2022-08-11 18:53:02] [1] "sans"
INFO [2022-08-11 18:53:02] 
INFO [2022-08-11 18:53:02] $rotation
INFO [2022-08-11 18:53:02] [1] 1
INFO [2022-08-11 18:53:02] 
