INFO [2022-08-11 16:07:07] $x
INFO [2022-08-11 16:07:07] list(limma_list, deseq2_list, tfl_list)
INFO [2022-08-11 16:07:07] 
INFO [2022-08-11 16:07:07] $category.names
INFO [2022-08-11 16:07:07] c("limma", "DESeq2", "Transfer Learning")
INFO [2022-08-11 16:07:07] 
INFO [2022-08-11 16:07:07] $filename
INFO [2022-08-11 16:07:07] file_name
INFO [2022-08-11 16:07:07] 
INFO [2022-08-11 16:07:07] $output
INFO [2022-08-11 16:07:07] [1] TRUE
INFO [2022-08-11 16:07:07] 
INFO [2022-08-11 16:07:07] $imagetype
INFO [2022-08-11 16:07:07] [1] "png"
INFO [2022-08-11 16:07:07] 
INFO [2022-08-11 16:07:07] $height
INFO [2022-08-11 16:07:07] [1] 1000
INFO [2022-08-11 16:07:07] 
INFO [2022-08-11 16:07:07] $width
INFO [2022-08-11 16:07:07] [1] 1000
INFO [2022-08-11 16:07:07] 
INFO [2022-08-11 16:07:07] $resolution
INFO [2022-08-11 16:07:07] [1] 300
INFO [2022-08-11 16:07:07] 
INFO [2022-08-11 16:07:07] $compression
INFO [2022-08-11 16:07:07] [1] "lzw"
INFO [2022-08-11 16:07:07] 
INFO [2022-08-11 16:07:07] $lwd
INFO [2022-08-11 16:07:07] [1] 2
INFO [2022-08-11 16:07:07] 
INFO [2022-08-11 16:07:07] $lty
INFO [2022-08-11 16:07:07] [1] "blank"
INFO [2022-08-11 16:07:07] 
INFO [2022-08-11 16:07:07] $fill
INFO [2022-08-11 16:07:07] myCol
INFO [2022-08-11 16:07:07] 
INFO [2022-08-11 16:07:07] $cex
INFO [2022-08-11 16:07:07] [1] 0.4
INFO [2022-08-11 16:07:07] 
INFO [2022-08-11 16:07:07] $fontface
INFO [2022-08-11 16:07:07] [1] "bold"
INFO [2022-08-11 16:07:07] 
INFO [2022-08-11 16:07:07] $fontfamily
INFO [2022-08-11 16:07:07] [1] "sans"
INFO [2022-08-11 16:07:07] 
INFO [2022-08-11 16:07:07] $cat.cex
INFO [2022-08-11 16:07:07] [1] 0.3
INFO [2022-08-11 16:07:07] 
INFO [2022-08-11 16:07:07] $cat.fontface
INFO [2022-08-11 16:07:07] [1] "bold"
INFO [2022-08-11 16:07:07] 
INFO [2022-08-11 16:07:07] $cat.pos
INFO [2022-08-11 16:07:07] c(-27, 27, 135)
INFO [2022-08-11 16:07:07] 
INFO [2022-08-11 16:07:07] $cat.dist
INFO [2022-08-11 16:07:07] c(0.04, 0.04, 0.04)
INFO [2022-08-11 16:07:07] 
INFO [2022-08-11 16:07:07] $cat.fontfamily
INFO [2022-08-11 16:07:07] [1] "sans"
INFO [2022-08-11 16:07:07] 
INFO [2022-08-11 16:07:07] $rotation
INFO [2022-08-11 16:07:07] [1] 1
INFO [2022-08-11 16:07:07] 
