INFO [2022-08-11 19:23:42] $x
INFO [2022-08-11 19:23:42] list(limma_list, deseq2_list, tfl_list)
INFO [2022-08-11 19:23:42] 
INFO [2022-08-11 19:23:42] $category.names
INFO [2022-08-11 19:23:42] c("limma", "DESeq2", "Transfer Learning")
INFO [2022-08-11 19:23:42] 
INFO [2022-08-11 19:23:42] $filename
INFO [2022-08-11 19:23:42] file_name
INFO [2022-08-11 19:23:42] 
INFO [2022-08-11 19:23:42] $output
INFO [2022-08-11 19:23:42] [1] TRUE
INFO [2022-08-11 19:23:42] 
INFO [2022-08-11 19:23:42] $imagetype
INFO [2022-08-11 19:23:42] [1] "png"
INFO [2022-08-11 19:23:42] 
INFO [2022-08-11 19:23:42] $height
INFO [2022-08-11 19:23:42] [1] 1000
INFO [2022-08-11 19:23:42] 
INFO [2022-08-11 19:23:42] $width
INFO [2022-08-11 19:23:42] [1] 1000
INFO [2022-08-11 19:23:42] 
INFO [2022-08-11 19:23:42] $resolution
INFO [2022-08-11 19:23:42] [1] 300
INFO [2022-08-11 19:23:42] 
INFO [2022-08-11 19:23:42] $compression
INFO [2022-08-11 19:23:42] [1] "lzw"
INFO [2022-08-11 19:23:42] 
INFO [2022-08-11 19:23:42] $lwd
INFO [2022-08-11 19:23:42] [1] 2
INFO [2022-08-11 19:23:42] 
INFO [2022-08-11 19:23:42] $lty
INFO [2022-08-11 19:23:42] [1] "blank"
INFO [2022-08-11 19:23:42] 
INFO [2022-08-11 19:23:42] $fill
INFO [2022-08-11 19:23:42] myCol
INFO [2022-08-11 19:23:42] 
INFO [2022-08-11 19:23:42] $cex
INFO [2022-08-11 19:23:42] [1] 0.4
INFO [2022-08-11 19:23:42] 
INFO [2022-08-11 19:23:42] $fontface
INFO [2022-08-11 19:23:42] [1] "bold"
INFO [2022-08-11 19:23:42] 
INFO [2022-08-11 19:23:42] $fontfamily
INFO [2022-08-11 19:23:42] [1] "sans"
INFO [2022-08-11 19:23:42] 
INFO [2022-08-11 19:23:42] $cat.cex
INFO [2022-08-11 19:23:42] [1] 0.3
INFO [2022-08-11 19:23:42] 
INFO [2022-08-11 19:23:42] $cat.fontface
INFO [2022-08-11 19:23:42] [1] "bold"
INFO [2022-08-11 19:23:42] 
INFO [2022-08-11 19:23:42] $cat.pos
INFO [2022-08-11 19:23:42] c(-27, 27, 135)
INFO [2022-08-11 19:23:42] 
INFO [2022-08-11 19:23:42] $cat.dist
INFO [2022-08-11 19:23:42] c(0.04, 0.04, 0.04)
INFO [2022-08-11 19:23:42] 
INFO [2022-08-11 19:23:42] $cat.fontfamily
INFO [2022-08-11 19:23:42] [1] "sans"
INFO [2022-08-11 19:23:42] 
INFO [2022-08-11 19:23:42] $rotation
INFO [2022-08-11 19:23:42] [1] 1
INFO [2022-08-11 19:23:42] 
