INFO [2022-06-16 15:11:50] $x
INFO [2022-06-16 15:11:50] list(limma_list, deseq2_list, tfl_list)
INFO [2022-06-16 15:11:50] 
INFO [2022-06-16 15:11:50] $category.names
INFO [2022-06-16 15:11:50] c("limma", "DESeq2", "Transfer Learning")
INFO [2022-06-16 15:11:50] 
INFO [2022-06-16 15:11:50] $filename
INFO [2022-06-16 15:11:50] file_name
INFO [2022-06-16 15:11:50] 
INFO [2022-06-16 15:11:50] $output
INFO [2022-06-16 15:11:50] [1] TRUE
INFO [2022-06-16 15:11:50] 
INFO [2022-06-16 15:11:50] $imagetype
INFO [2022-06-16 15:11:50] [1] "png"
INFO [2022-06-16 15:11:50] 
INFO [2022-06-16 15:11:50] $height
INFO [2022-06-16 15:11:50] [1] 1000
INFO [2022-06-16 15:11:50] 
INFO [2022-06-16 15:11:50] $width
INFO [2022-06-16 15:11:50] [1] 1000
INFO [2022-06-16 15:11:50] 
INFO [2022-06-16 15:11:50] $resolution
INFO [2022-06-16 15:11:50] [1] 300
INFO [2022-06-16 15:11:50] 
INFO [2022-06-16 15:11:50] $compression
INFO [2022-06-16 15:11:50] [1] "lzw"
INFO [2022-06-16 15:11:50] 
INFO [2022-06-16 15:11:50] $lwd
INFO [2022-06-16 15:11:50] [1] 2
INFO [2022-06-16 15:11:50] 
INFO [2022-06-16 15:11:50] $lty
INFO [2022-06-16 15:11:50] [1] "blank"
INFO [2022-06-16 15:11:50] 
INFO [2022-06-16 15:11:50] $fill
INFO [2022-06-16 15:11:50] myCol
INFO [2022-06-16 15:11:50] 
INFO [2022-06-16 15:11:50] $cex
INFO [2022-06-16 15:11:50] [1] 0.4
INFO [2022-06-16 15:11:50] 
INFO [2022-06-16 15:11:50] $fontface
INFO [2022-06-16 15:11:50] [1] "bold"
INFO [2022-06-16 15:11:50] 
INFO [2022-06-16 15:11:50] $fontfamily
INFO [2022-06-16 15:11:50] [1] "sans"
INFO [2022-06-16 15:11:50] 
INFO [2022-06-16 15:11:50] $cat.cex
INFO [2022-06-16 15:11:50] [1] 0.3
INFO [2022-06-16 15:11:50] 
INFO [2022-06-16 15:11:50] $cat.fontface
INFO [2022-06-16 15:11:50] [1] "bold"
INFO [2022-06-16 15:11:50] 
INFO [2022-06-16 15:11:50] $cat.pos
INFO [2022-06-16 15:11:50] c(-27, 27, 135)
INFO [2022-06-16 15:11:50] 
INFO [2022-06-16 15:11:50] $cat.dist
INFO [2022-06-16 15:11:50] c(0.04, 0.04, 0.04)
INFO [2022-06-16 15:11:50] 
INFO [2022-06-16 15:11:50] $cat.fontfamily
INFO [2022-06-16 15:11:50] [1] "sans"
INFO [2022-06-16 15:11:50] 
INFO [2022-06-16 15:11:50] $rotation
INFO [2022-06-16 15:11:50] [1] 1
INFO [2022-06-16 15:11:50] 
