INFO [2022-09-29 19:32:24] $x
INFO [2022-09-29 19:32:24] list(limma_list, deseq2_list, tfl_list)
INFO [2022-09-29 19:32:24] 
INFO [2022-09-29 19:32:24] $category.names
INFO [2022-09-29 19:32:24] c("limma", "DESeq2", "Transfer Learning")
INFO [2022-09-29 19:32:24] 
INFO [2022-09-29 19:32:24] $filename
INFO [2022-09-29 19:32:24] file_name
INFO [2022-09-29 19:32:24] 
INFO [2022-09-29 19:32:24] $output
INFO [2022-09-29 19:32:24] [1] TRUE
INFO [2022-09-29 19:32:24] 
INFO [2022-09-29 19:32:24] $imagetype
INFO [2022-09-29 19:32:24] [1] "png"
INFO [2022-09-29 19:32:24] 
INFO [2022-09-29 19:32:24] $height
INFO [2022-09-29 19:32:24] [1] 1000
INFO [2022-09-29 19:32:24] 
INFO [2022-09-29 19:32:24] $width
INFO [2022-09-29 19:32:24] [1] 1000
INFO [2022-09-29 19:32:24] 
INFO [2022-09-29 19:32:24] $resolution
INFO [2022-09-29 19:32:24] [1] 300
INFO [2022-09-29 19:32:24] 
INFO [2022-09-29 19:32:24] $compression
INFO [2022-09-29 19:32:24] [1] "lzw"
INFO [2022-09-29 19:32:24] 
INFO [2022-09-29 19:32:24] $lwd
INFO [2022-09-29 19:32:24] [1] 2
INFO [2022-09-29 19:32:24] 
INFO [2022-09-29 19:32:24] $lty
INFO [2022-09-29 19:32:24] [1] "blank"
INFO [2022-09-29 19:32:24] 
INFO [2022-09-29 19:32:24] $fill
INFO [2022-09-29 19:32:24] myCol
INFO [2022-09-29 19:32:24] 
INFO [2022-09-29 19:32:24] $cex
INFO [2022-09-29 19:32:24] [1] 0.4
INFO [2022-09-29 19:32:24] 
INFO [2022-09-29 19:32:24] $fontface
INFO [2022-09-29 19:32:24] [1] "bold"
INFO [2022-09-29 19:32:24] 
INFO [2022-09-29 19:32:24] $fontfamily
INFO [2022-09-29 19:32:24] [1] "sans"
INFO [2022-09-29 19:32:24] 
INFO [2022-09-29 19:32:24] $cat.cex
INFO [2022-09-29 19:32:24] [1] 0.3
INFO [2022-09-29 19:32:24] 
INFO [2022-09-29 19:32:24] $cat.fontface
INFO [2022-09-29 19:32:24] [1] "bold"
INFO [2022-09-29 19:32:24] 
INFO [2022-09-29 19:32:24] $cat.pos
INFO [2022-09-29 19:32:24] c(-27, 27, 135)
INFO [2022-09-29 19:32:24] 
INFO [2022-09-29 19:32:24] $cat.dist
INFO [2022-09-29 19:32:24] c(0.04, 0.04, 0.04)
INFO [2022-09-29 19:32:24] 
INFO [2022-09-29 19:32:24] $cat.fontfamily
INFO [2022-09-29 19:32:24] [1] "sans"
INFO [2022-09-29 19:32:24] 
INFO [2022-09-29 19:32:24] $rotation
INFO [2022-09-29 19:32:24] [1] 1
INFO [2022-09-29 19:32:24] 
