INFO [2022-06-16 15:04:10] $x
INFO [2022-06-16 15:04:10] list(limma_list, deseq2_list, tfl_list)
INFO [2022-06-16 15:04:10] 
INFO [2022-06-16 15:04:10] $category.names
INFO [2022-06-16 15:04:10] c("limma", "DESeq2", "Transfer Learning")
INFO [2022-06-16 15:04:10] 
INFO [2022-06-16 15:04:10] $filename
INFO [2022-06-16 15:04:10] file_name
INFO [2022-06-16 15:04:10] 
INFO [2022-06-16 15:04:10] $output
INFO [2022-06-16 15:04:10] [1] TRUE
INFO [2022-06-16 15:04:10] 
INFO [2022-06-16 15:04:10] $imagetype
INFO [2022-06-16 15:04:10] [1] "png"
INFO [2022-06-16 15:04:10] 
INFO [2022-06-16 15:04:10] $height
INFO [2022-06-16 15:04:10] [1] 1000
INFO [2022-06-16 15:04:10] 
INFO [2022-06-16 15:04:10] $width
INFO [2022-06-16 15:04:10] [1] 1000
INFO [2022-06-16 15:04:10] 
INFO [2022-06-16 15:04:10] $resolution
INFO [2022-06-16 15:04:10] [1] 300
INFO [2022-06-16 15:04:10] 
INFO [2022-06-16 15:04:10] $compression
INFO [2022-06-16 15:04:10] [1] "lzw"
INFO [2022-06-16 15:04:10] 
INFO [2022-06-16 15:04:10] $lwd
INFO [2022-06-16 15:04:10] [1] 2
INFO [2022-06-16 15:04:10] 
INFO [2022-06-16 15:04:10] $lty
INFO [2022-06-16 15:04:10] [1] "blank"
INFO [2022-06-16 15:04:10] 
INFO [2022-06-16 15:04:10] $fill
INFO [2022-06-16 15:04:10] myCol
INFO [2022-06-16 15:04:10] 
INFO [2022-06-16 15:04:10] $cex
INFO [2022-06-16 15:04:10] [1] 0.4
INFO [2022-06-16 15:04:10] 
INFO [2022-06-16 15:04:10] $fontface
INFO [2022-06-16 15:04:10] [1] "bold"
INFO [2022-06-16 15:04:10] 
INFO [2022-06-16 15:04:10] $fontfamily
INFO [2022-06-16 15:04:10] [1] "sans"
INFO [2022-06-16 15:04:10] 
INFO [2022-06-16 15:04:10] $cat.cex
INFO [2022-06-16 15:04:10] [1] 0.3
INFO [2022-06-16 15:04:10] 
INFO [2022-06-16 15:04:10] $cat.fontface
INFO [2022-06-16 15:04:10] [1] "bold"
INFO [2022-06-16 15:04:10] 
INFO [2022-06-16 15:04:10] $cat.pos
INFO [2022-06-16 15:04:10] c(-27, 27, 135)
INFO [2022-06-16 15:04:10] 
INFO [2022-06-16 15:04:10] $cat.dist
INFO [2022-06-16 15:04:10] c(0.04, 0.04, 0.04)
INFO [2022-06-16 15:04:10] 
INFO [2022-06-16 15:04:10] $cat.fontfamily
INFO [2022-06-16 15:04:10] [1] "sans"
INFO [2022-06-16 15:04:10] 
INFO [2022-06-16 15:04:10] $rotation
INFO [2022-06-16 15:04:10] [1] 1
INFO [2022-06-16 15:04:10] 
