INFO [2022-08-11 18:52:35] $x
INFO [2022-08-11 18:52:35] list(limma_list, deseq2_list, tfl_list)
INFO [2022-08-11 18:52:35] 
INFO [2022-08-11 18:52:35] $category.names
INFO [2022-08-11 18:52:35] c("limma", "DESeq2", "Transfer Learning")
INFO [2022-08-11 18:52:35] 
INFO [2022-08-11 18:52:35] $filename
INFO [2022-08-11 18:52:35] file_name
INFO [2022-08-11 18:52:35] 
INFO [2022-08-11 18:52:35] $output
INFO [2022-08-11 18:52:35] [1] TRUE
INFO [2022-08-11 18:52:35] 
INFO [2022-08-11 18:52:35] $imagetype
INFO [2022-08-11 18:52:35] [1] "png"
INFO [2022-08-11 18:52:35] 
INFO [2022-08-11 18:52:35] $height
INFO [2022-08-11 18:52:35] [1] 1000
INFO [2022-08-11 18:52:35] 
INFO [2022-08-11 18:52:35] $width
INFO [2022-08-11 18:52:35] [1] 1000
INFO [2022-08-11 18:52:35] 
INFO [2022-08-11 18:52:35] $resolution
INFO [2022-08-11 18:52:35] [1] 300
INFO [2022-08-11 18:52:35] 
INFO [2022-08-11 18:52:35] $compression
INFO [2022-08-11 18:52:35] [1] "lzw"
INFO [2022-08-11 18:52:35] 
INFO [2022-08-11 18:52:35] $lwd
INFO [2022-08-11 18:52:35] [1] 2
INFO [2022-08-11 18:52:35] 
INFO [2022-08-11 18:52:35] $lty
INFO [2022-08-11 18:52:35] [1] "blank"
INFO [2022-08-11 18:52:35] 
INFO [2022-08-11 18:52:35] $fill
INFO [2022-08-11 18:52:35] myCol
INFO [2022-08-11 18:52:35] 
INFO [2022-08-11 18:52:35] $cex
INFO [2022-08-11 18:52:35] [1] 0.4
INFO [2022-08-11 18:52:35] 
INFO [2022-08-11 18:52:35] $fontface
INFO [2022-08-11 18:52:35] [1] "bold"
INFO [2022-08-11 18:52:35] 
INFO [2022-08-11 18:52:35] $fontfamily
INFO [2022-08-11 18:52:35] [1] "sans"
INFO [2022-08-11 18:52:35] 
INFO [2022-08-11 18:52:35] $cat.cex
INFO [2022-08-11 18:52:35] [1] 0.3
INFO [2022-08-11 18:52:35] 
INFO [2022-08-11 18:52:35] $cat.fontface
INFO [2022-08-11 18:52:35] [1] "bold"
INFO [2022-08-11 18:52:35] 
INFO [2022-08-11 18:52:35] $cat.pos
INFO [2022-08-11 18:52:35] c(-27, 27, 135)
INFO [2022-08-11 18:52:35] 
INFO [2022-08-11 18:52:35] $cat.dist
INFO [2022-08-11 18:52:35] c(0.04, 0.04, 0.04)
INFO [2022-08-11 18:52:35] 
INFO [2022-08-11 18:52:35] $cat.fontfamily
INFO [2022-08-11 18:52:35] [1] "sans"
INFO [2022-08-11 18:52:35] 
INFO [2022-08-11 18:52:35] $rotation
INFO [2022-08-11 18:52:35] [1] 1
INFO [2022-08-11 18:52:35] 
